This file contains any messages produced by compilers while
running configure, to aid debugging if configure makes a mistake.

It was created by giflib configure 4.1.4, which was
generated by GNU Autoconf 2.59.  Invocation command line was

  $ ./configure --host=arm-linux-gnueabi

## --------- ##
## Platform. ##
## --------- ##

hostname = 9KylinKang2
uname -m = i686
uname -r = 2.6.12-9-386
uname -s = Linux
uname -v = #1 Mon Oct 10 13:14:36 BST 2005

/usr/bin/uname -p = unknown
/bin/uname -X     = unknown

/bin/arch              = i686
/usr/bin/arch -k       = unknown
/usr/convex/getsysinfo = unknown
hostinfo               = unknown
/bin/machine           = unknown
/usr/bin/oslevel       = unknown
/bin/universe          = unknown

PATH: /home/k/bin
PATH: /usr/bin
PATH: /opt/gcc-3.3.4-glibc-2.3.2/i386-linux/bin
PATH: /usr/local/sbin
PATH: /usr/local/bin
PATH: /usr/sbin
PATH: /usr/bin
PATH: /sbin
PATH: /bin
PATH: /usr/bin/X11
PATH: /usr/games


## ----------- ##
## Core tests. ##
## ----------- ##

configure:1557: checking for a BSD-compatible install
configure:1612: result: /usr/bin/ginstall -c
configure:1623: checking whether build environment is sane
configure:1666: result: yes
configure:1731: checking for gawk
configure:1747: found /usr/local/bin/gawk
configure:1757: result: gawk
configure:1767: checking whether make sets $(MAKE)
configure:1787: result: yes
configure:1863: checking for arm-linux-gnueabi-strip
configure:1879: found /usr/local/bin/arm-linux-gnueabi-strip
configure:1889: result: arm-linux-gnueabi-strip
configure:2036: checking build system type
configure:2054: result: i686-pc-linux-gnu
configure:2062: checking host system type
configure:2076: result: arm-unknown-linux-gnueabi
configure:2096: checking for style of include used by make
configure:2124: result: GNU
configure:2157: checking for arm-linux-gnueabi-gcc
configure:2173: found /usr/local/bin/arm-linux-gnueabi-gcc
configure:2183: result: arm-linux-gnueabi-gcc
configure:2465: checking for C compiler version
configure:2468: arm-linux-gnueabi-gcc --version </dev/null >&5
arm-linux-gnueabi-gcc (GCC) 3.4.3 (release) (CodeSourcery ARM Q1B 2005)
Copyright (C) 2004 Free Software Foundation, Inc.
This is free software; see the source for copying conditions.  There is NO
warranty; not even for MERCHANTABILITY or FITNESS FOR A PARTICULAR PURPOSE.

configure:2471: $? = 0
configure:2473: arm-linux-gnueabi-gcc -v </dev/null >&5
Reading specs from /media/hda5/opt/arm-linux-gnueabi/bin/../lib/gcc/arm-linux-gnueabi/3.4.3/specs
Configured with: /scratchbox/users/slava/home/slava/crosstool/build/arm-linux-gnueabi/gcc-csl-arm-2005q1-glibc-csl-arm/gcc-csl-arm-2005q1/configure --target=arm-linux-gnueabi --host=i686-host_pc-linux-gnu --prefix=/opt/crosstool/gcc-csl-arm-2005q1-glibc-csl-arm/arm-linux-gnueabi --with-float=soft --with-arch=armv5te --with-headers=/opt/crosstool/gcc-csl-arm-2005q1-glibc-csl-arm/arm-linux-gnueabi/arm-linux-gnueabi/include --with-local-prefix=/opt/crosstool/gcc-csl-arm-2005q1-glibc-csl-arm/arm-linux-gnueabi/arm-linux-gnueabi --disable-nls --enable-threads=posix --enable-symvers=gnu --enable-__cxa_atexit --enable-languages=c,c++,f77 --enable-shared --enable-c99 --enable-long-long
Thread model: posix
gcc version 3.4.3 (release) (CodeSourcery ARM Q1B 2005)
configure:2476: $? = 0
configure:2478: arm-linux-gnueabi-gcc -V </dev/null >&5
arm-linux-gnueabi-gcc: `-V' option must have argument
configure:2481: $? = 1
configure:2504: checking for C compiler default output file name
configure:2507: arm-linux-gnueabi-gcc    conftest.c  >&5
configure:2510: $? = 0
configure:2556: result: a.out
configure:2561: checking whether the C compiler works
configure:2567: ./a.out
./configure: line 2568: ./a.out: cannot execute binary file
configure:2570: $? = 126
configure:2587: result: yes
configure:2594: checking whether we are cross compiling
configure:2596: result: yes
configure:2599: checking for suffix of executables
configure:2601: arm-linux-gnueabi-gcc -o conftest    conftest.c  >&5
configure:2604: $? = 0
configure:2629: result: 
configure:2635: checking for suffix of object files
configure:2656: arm-linux-gnueabi-gcc -c   conftest.c >&5
configure:2659: $? = 0
configure:2681: result: o
configure:2685: checking whether we are using the GNU C compiler
configure:2709: arm-linux-gnueabi-gcc -c   conftest.c >&5
configure:2715: $? = 0
configure:2719: test -z 
			 || test ! -s conftest.err
configure:2722: $? = 0
configure:2725: test -s conftest.o
configure:2728: $? = 0
configure:2741: result: yes
configure:2747: checking whether arm-linux-gnueabi-gcc accepts -g
configure:2768: arm-linux-gnueabi-gcc -c -g  conftest.c >&5
configure:2774: $? = 0
configure:2778: test -z 
			 || test ! -s conftest.err
configure:2781: $? = 0
configure:2784: test -s conftest.o
configure:2787: $? = 0
configure:2798: result: yes
configure:2815: checking for arm-linux-gnueabi-gcc option to accept ANSI C
configure:2885: arm-linux-gnueabi-gcc  -c -g -O2  conftest.c >&5
configure:2891: $? = 0
configure:2895: test -z 
			 || test ! -s conftest.err
configure:2898: $? = 0
configure:2901: test -s conftest.o
configure:2904: $? = 0
configure:2922: result: none needed
configure:2940: arm-linux-gnueabi-gcc -c -g -O2  conftest.c >&5
conftest.c:2: error: syntax error before "me"
configure:2946: $? = 1
configure: failed program was:
| #ifndef __cplusplus
|   choke me
| #endif
configure:3081: checking dependency style of arm-linux-gnueabi-gcc
configure:3171: result: gcc3
configure:3188: checking for a sed that does not truncate output
configure:3242: result: /bin/sed
configure:3245: checking for egrep
configure:3255: result: grep -E
configure:3271: checking for ld used by arm-linux-gnueabi-gcc
configure:3338: result: /media/hda5/opt/arm-linux-gnueabi/arm-linux-gnueabi/bin/ld
configure:3347: checking if the linker (/media/hda5/opt/arm-linux-gnueabi/arm-linux-gnueabi/bin/ld) is GNU ld
configure:3362: result: yes
configure:3367: checking for /media/hda5/opt/arm-linux-gnueabi/arm-linux-gnueabi/bin/ld option to reload object files
configure:3374: result: -r
configure:3392: checking for BSD-compatible nm
configure:3434: result: /usr/local/bin/arm-linux-gnueabi-nm -B
configure:3438: checking whether ln -s works
configure:3442: result: yes
configure:3449: checking how to recognise dependent libraries
configure:3621: result: pass_all
configure:3835: checking how to run the C preprocessor
configure:3870: arm-linux-gnueabi-gcc -E  conftest.c
configure:3876: $? = 0
configure:3908: arm-linux-gnueabi-gcc -E  conftest.c
conftest.c:11:28: ac_nonexistent.h: No such file or directory
configure:3914: $? = 1
configure: failed program was:
| /* confdefs.h.  */
| 
| #define PACKAGE_NAME "giflib"
| #define PACKAGE_TARNAME "giflib"
| #define PACKAGE_VERSION "4.1.4"
| #define PACKAGE_STRING "giflib 4.1.4"
| #define PACKAGE_BUGREPORT "abadger1999@sourceforge.net"
| #define PACKAGE "giflib"
| #define VERSION "4.1.4"
| /* end confdefs.h.  */
| #include <ac_nonexistent.h>
configure:3953: result: arm-linux-gnueabi-gcc -E
configure:3977: arm-linux-gnueabi-gcc -E  conftest.c
configure:3983: $? = 0
configure:4015: arm-linux-gnueabi-gcc -E  conftest.c
conftest.c:11:28: ac_nonexistent.h: No such file or directory
configure:4021: $? = 1
configure: failed program was:
| /* confdefs.h.  */
| 
| #define PACKAGE_NAME "giflib"
| #define PACKAGE_TARNAME "giflib"
| #define PACKAGE_VERSION "4.1.4"
| #define PACKAGE_STRING "giflib 4.1.4"
| #define PACKAGE_BUGREPORT "abadger1999@sourceforge.net"
| #define PACKAGE "giflib"
| #define VERSION "4.1.4"
| /* end confdefs.h.  */
| #include <ac_nonexistent.h>
configure:4065: checking for ANSI C header files
configure:4090: arm-linux-gnueabi-gcc -c -g -O2  conftest.c >&5
configure:4096: $? = 0
configure:4100: test -z 
			 || test ! -s conftest.err
configure:4103: $? = 0
configure:4106: test -s conftest.o
configure:4109: $? = 0
configure:4221: result: yes
configure:4245: checking for sys/types.h
configure:4261: arm-linux-gnueabi-gcc -c -g -O2  conftest.c >&5
configure:4267: $? = 0
configure:4271: test -z 
			 || test ! -s conftest.err
configure:4274: $? = 0
configure:4277: test -s conftest.o
configure:4280: $? = 0
configure:4291: result: yes
configure:4245: checking for sys/stat.h
configure:4261: arm-linux-gnueabi-gcc -c -g -O2  conftest.c >&5
configure:4267: $? = 0
configure:4271: test -z 
			 || test ! -s conftest.err
configure:4274: $? = 0
configure:4277: test -s conftest.o
configure:4280: $? = 0
configure:4291: result: yes
configure:4245: checking for stdlib.h
configure:4261: arm-linux-gnueabi-gcc -c -g -O2  conftest.c >&5
configure:4267: $? = 0
configure:4271: test -z 
			 || test ! -s conftest.err
configure:4274: $? = 0
configure:4277: test -s conftest.o
configure:4280: $? = 0
configure:4291: result: yes
configure:4245: checking for string.h
configure:4261: arm-linux-gnueabi-gcc -c -g -O2  conftest.c >&5
configure:4267: $? = 0
configure:4271: test -z 
			 || test ! -s conftest.err
configure:4274: $? = 0
configure:4277: test -s conftest.o
configure:4280: $? = 0
configure:4291: result: yes
configure:4245: checking for memory.h
configure:4261: arm-linux-gnueabi-gcc -c -g -O2  conftest.c >&5
configure:4267: $? = 0
configure:4271: test -z 
			 || test ! -s conftest.err
configure:4274: $? = 0
configure:4277: test -s conftest.o
configure:4280: $? = 0
configure:4291: result: yes
configure:4245: checking for strings.h
configure:4261: arm-linux-gnueabi-gcc -c -g -O2  conftest.c >&5
configure:4267: $? = 0
configure:4271: test -z 
			 || test ! -s conftest.err
configure:4274: $? = 0
configure:4277: test -s conftest.o
configure:4280: $? = 0
configure:4291: result: yes
configure:4245: checking for inttypes.h
configure:4261: arm-linux-gnueabi-gcc -c -g -O2  conftest.c >&5
configure:4267: $? = 0
configure:4271: test -z 
			 || test ! -s conftest.err
configure:4274: $? = 0
configure:4277: test -s conftest.o
configure:4280: $? = 0
configure:4291: result: yes
configure:4245: checking for stdint.h
configure:4261: arm-linux-gnueabi-gcc -c -g -O2  conftest.c >&5
configure:4267: $? = 0
configure:4271: test -z 
			 || test ! -s conftest.err
configure:4274: $? = 0
configure:4277: test -s conftest.o
configure:4280: $? = 0
configure:4291: result: yes
configure:4245: checking for unistd.h
configure:4261: arm-linux-gnueabi-gcc -c -g -O2  conftest.c >&5
configure:4267: $? = 0
configure:4271: test -z 
			 || test ! -s conftest.err
configure:4274: $? = 0
configure:4277: test -s conftest.o
configure:4280: $? = 0
configure:4291: result: yes
configure:4317: checking dlfcn.h usability
configure:4329: arm-linux-gnueabi-gcc -c -g -O2  conftest.c >&5
configure:4335: $? = 0
configure:4339: test -z 
			 || test ! -s conftest.err
configure:4342: $? = 0
configure:4345: test -s conftest.o
configure:4348: $? = 0
configure:4358: result: yes
configure:4362: checking dlfcn.h presence
configure:4372: arm-linux-gnueabi-gcc -E  conftest.c
configure:4378: $? = 0
configure:4398: result: yes
configure:4433: checking for dlfcn.h
configure:4440: result: yes
configure:4463: checking for arm-linux-gnueabi-g++
configure:4479: found /usr/local/bin/arm-linux-gnueabi-g++
configure:4489: result: arm-linux-gnueabi-g++
configure:4547: checking for C++ compiler version
configure:4550: arm-linux-gnueabi-g++ --version </dev/null >&5
arm-linux-gnueabi-g++ (GCC) 3.4.3 (release) (CodeSourcery ARM Q1B 2005)
Copyright (C) 2004 Free Software Foundation, Inc.
This is free software; see the source for copying conditions.  There is NO
warranty; not even for MERCHANTABILITY or FITNESS FOR A PARTICULAR PURPOSE.

configure:4553: $? = 0
configure:4555: arm-linux-gnueabi-g++ -v </dev/null >&5
Reading specs from /media/hda5/opt/arm-linux-gnueabi/bin/../lib/gcc/arm-linux-gnueabi/3.4.3/specs
Configured with: /scratchbox/users/slava/home/slava/crosstool/build/arm-linux-gnueabi/gcc-csl-arm-2005q1-glibc-csl-arm/gcc-csl-arm-2005q1/configure --target=arm-linux-gnueabi --host=i686-host_pc-linux-gnu --prefix=/opt/crosstool/gcc-csl-arm-2005q1-glibc-csl-arm/arm-linux-gnueabi --with-float=soft --with-arch=armv5te --with-headers=/opt/crosstool/gcc-csl-arm-2005q1-glibc-csl-arm/arm-linux-gnueabi/arm-linux-gnueabi/include --with-local-prefix=/opt/crosstool/gcc-csl-arm-2005q1-glibc-csl-arm/arm-linux-gnueabi/arm-linux-gnueabi --disable-nls --enable-threads=posix --enable-symvers=gnu --enable-__cxa_atexit --enable-languages=c,c++,f77 --enable-shared --enable-c99 --enable-long-long
Thread model: posix
gcc version 3.4.3 (release) (CodeSourcery ARM Q1B 2005)
configure:4558: $? = 0
configure:4560: arm-linux-gnueabi-g++ -V </dev/null >&5
arm-linux-gnueabi-g++: `-V' option must have argument
configure:4563: $? = 1
configure:4566: checking whether we are using the GNU C++ compiler
configure:4590: arm-linux-gnueabi-g++ -c   conftest.cc >&5
configure:4596: $? = 0
configure:4600: test -z 
			 || test ! -s conftest.err
configure:4603: $? = 0
configure:4606: test -s conftest.o
configure:4609: $? = 0
configure:4622: result: yes
configure:4628: checking whether arm-linux-gnueabi-g++ accepts -g
configure:4649: arm-linux-gnueabi-g++ -c -g  conftest.cc >&5
configure:4655: $? = 0
configure:4659: test -z 
			 || test ! -s conftest.err
configure:4662: $? = 0
configure:4665: test -s conftest.o
configure:4668: $? = 0
configure:4679: result: yes
configure:4721: arm-linux-gnueabi-g++ -c -g -O2  conftest.cc >&5
configure:4727: $? = 0
configure:4731: test -z 
			 || test ! -s conftest.err
configure:4734: $? = 0
configure:4737: test -s conftest.o
configure:4740: $? = 0
configure:4766: arm-linux-gnueabi-g++ -c -g -O2  conftest.cc >&5
conftest.cc: In function `int main()':
conftest.cc:26: error: `exit' undeclared (first use this function)
conftest.cc:26: error: (Each undeclared identifier is reported only once for each function it appears in.)
configure:4772: $? = 1
configure: failed program was:
| /* confdefs.h.  */
| 
| #define PACKAGE_NAME "giflib"
| #define PACKAGE_TARNAME "giflib"
| #define PACKAGE_VERSION "4.1.4"
| #define PACKAGE_STRING "giflib 4.1.4"
| #define PACKAGE_BUGREPORT "abadger1999@sourceforge.net"
| #define PACKAGE "giflib"
| #define VERSION "4.1.4"
| #define STDC_HEADERS 1
| #define HAVE_SYS_TYPES_H 1
| #define HAVE_SYS_STAT_H 1
| #define HAVE_STDLIB_H 1
| #define HAVE_STRING_H 1
| #define HAVE_MEMORY_H 1
| #define HAVE_STRINGS_H 1
| #define HAVE_INTTYPES_H 1
| #define HAVE_STDINT_H 1
| #define HAVE_UNISTD_H 1
| #define HAVE_DLFCN_H 1
| /* end confdefs.h.  */
| 
| int
| main ()
| {
| exit (42);
|   ;
|   return 0;
| }
configure:4721: arm-linux-gnueabi-g++ -c -g -O2  conftest.cc >&5
configure:4727: $? = 0
configure:4731: test -z 
			 || test ! -s conftest.err
configure:4734: $? = 0
configure:4737: test -s conftest.o
configure:4740: $? = 0
configure:4766: arm-linux-gnueabi-g++ -c -g -O2  conftest.cc >&5
configure:4772: $? = 0
configure:4776: test -z 
			 || test ! -s conftest.err
configure:4779: $? = 0
configure:4782: test -s conftest.o
configure:4785: $? = 0
configure:4810: checking dependency style of arm-linux-gnueabi-g++
configure:4900: result: gcc3
configure:4927: checking how to run the C++ preprocessor
configure:4958: arm-linux-gnueabi-g++ -E  conftest.cc
configure:4964: $? = 0
configure:4996: arm-linux-gnueabi-g++ -E  conftest.cc
conftest.cc:25:28: ac_nonexistent.h: No such file or directory
configure:5002: $? = 1
configure: failed program was:
| /* confdefs.h.  */
| 
| #define PACKAGE_NAME "giflib"
| #define PACKAGE_TARNAME "giflib"
| #define PACKAGE_VERSION "4.1.4"
| #define PACKAGE_STRING "giflib 4.1.4"
| #define PACKAGE_BUGREPORT "abadger1999@sourceforge.net"
| #define PACKAGE "giflib"
| #define VERSION "4.1.4"
| #define STDC_HEADERS 1
| #define HAVE_SYS_TYPES_H 1
| #define HAVE_SYS_STAT_H 1
| #define HAVE_STDLIB_H 1
| #define HAVE_STRING_H 1
| #define HAVE_MEMORY_H 1
| #define HAVE_STRINGS_H 1
| #define HAVE_INTTYPES_H 1
| #define HAVE_STDINT_H 1
| #define HAVE_UNISTD_H 1
| #define HAVE_DLFCN_H 1
| #ifdef __cplusplus
| extern "C" void std::exit (int) throw (); using std::exit;
| #endif
| /* end confdefs.h.  */
| #include <ac_nonexistent.h>
configure:5041: result: arm-linux-gnueabi-g++ -E
configure:5065: arm-linux-gnueabi-g++ -E  conftest.cc
configure:5071: $? = 0
configure:5103: arm-linux-gnueabi-g++ -E  conftest.cc
conftest.cc:25:28: ac_nonexistent.h: No such file or directory
configure:5109: $? = 1
configure: failed program was:
| /* confdefs.h.  */
| 
| #define PACKAGE_NAME "giflib"
| #define PACKAGE_TARNAME "giflib"
| #define PACKAGE_VERSION "4.1.4"
| #define PACKAGE_STRING "giflib 4.1.4"
| #define PACKAGE_BUGREPORT "abadger1999@sourceforge.net"
| #define PACKAGE "giflib"
| #define VERSION "4.1.4"
| #define STDC_HEADERS 1
| #define HAVE_SYS_TYPES_H 1
| #define HAVE_SYS_STAT_H 1
| #define HAVE_STDLIB_H 1
| #define HAVE_STRING_H 1
| #define HAVE_MEMORY_H 1
| #define HAVE_STRINGS_H 1
| #define HAVE_INTTYPES_H 1
| #define HAVE_STDINT_H 1
| #define HAVE_UNISTD_H 1
| #define HAVE_DLFCN_H 1
| #ifdef __cplusplus
| extern "C" void std::exit (int) throw (); using std::exit;
| #endif
| /* end confdefs.h.  */
| #include <ac_nonexistent.h>
configure:5164: checking for arm-linux-gnueabi-g77
configure:5180: found /usr/local/bin/arm-linux-gnueabi-g77
configure:5190: result: arm-linux-gnueabi-g77
configure:5247: checking for Fortran 77 compiler version
configure:5250: arm-linux-gnueabi-g77 --version </dev/null >&5
GNU Fortran (GCC) 3.4.3 (release) (CodeSourcery ARM Q1B 2005)
Copyright (C) 2004 Free Software Foundation, Inc.

GNU Fortran comes with NO WARRANTY, to the extent permitted by law.
You may redistribute copies of GNU Fortran
under the terms of the GNU General Public License.
For more information about these matters, see the file named COPYING
or type the command `info -f g77 Copying'.
configure:5253: $? = 0
configure:5255: arm-linux-gnueabi-g77 -v </dev/null >&5
Reading specs from /media/hda5/opt/arm-linux-gnueabi/bin/../lib/gcc/arm-linux-gnueabi/3.4.3/specs
Configured with: /scratchbox/users/slava/home/slava/crosstool/build/arm-linux-gnueabi/gcc-csl-arm-2005q1-glibc-csl-arm/gcc-csl-arm-2005q1/configure --target=arm-linux-gnueabi --host=i686-host_pc-linux-gnu --prefix=/opt/crosstool/gcc-csl-arm-2005q1-glibc-csl-arm/arm-linux-gnueabi --with-float=soft --with-arch=armv5te --with-headers=/opt/crosstool/gcc-csl-arm-2005q1-glibc-csl-arm/arm-linux-gnueabi/arm-linux-gnueabi/include --with-local-prefix=/opt/crosstool/gcc-csl-arm-2005q1-glibc-csl-arm/arm-linux-gnueabi/arm-linux-gnueabi --disable-nls --enable-threads=posix --enable-symvers=gnu --enable-__cxa_atexit --enable-languages=c,c++,f77 --enable-shared --enable-c99 --enable-long-long
Thread model: posix
gcc version 3.4.3 (release) (CodeSourcery ARM Q1B 2005)
configure:5258: $? = 0
configure:5260: arm-linux-gnueabi-g77 -V </dev/null >&5
arm-linux-gnueabi-g77: `-V' option must have argument
configure:5263: $? = 1
configure:5271: checking whether we are using the GNU Fortran 77 compiler
configure:5285: arm-linux-gnueabi-g77 -c  conftest.F >&5
configure:5291: $? = 0
configure:5295: test -z 
			 || test ! -s conftest.err
configure:5298: $? = 0
configure:5301: test -s conftest.o
configure:5304: $? = 0
configure:5317: result: yes
configure:5323: checking whether arm-linux-gnueabi-g77 accepts -g
configure:5335: arm-linux-gnueabi-g77 -c -g conftest.f >&5
configure:5341: $? = 0
configure:5345: test -z 
			 || test ! -s conftest.err
configure:5348: $? = 0
configure:5351: test -s conftest.o
configure:5354: $? = 0
configure:5366: result: yes
configure:5396: checking the maximum length of command line arguments
configure:5488: result: 32768
configure:5499: checking command to parse /usr/local/bin/arm-linux-gnueabi-nm -B output from arm-linux-gnueabi-gcc object
configure:5595: arm-linux-gnueabi-gcc -c -g -O2  conftest.c >&5
configure:5598: $? = 0
configure:5602: /usr/local/bin/arm-linux-gnueabi-nm -B conftest.o \| sed -n -e 's/^.*[ 	]\([ABCDGIRSTW][ABCDGIRSTW]*\)[ 	][ 	]*\([_A-Za-z][_A-Za-z0-9]*\)$/\1 \2 \2/p' \> conftest.nm
configure:5605: $? = 0
configure:5657: arm-linux-gnueabi-gcc -o conftest -g -O2   conftest.c conftstm.o >&5
configure:5660: $? = 0
configure:5698: result: ok
configure:5702: checking for objdir
configure:5717: result: .libs
configure:5769: checking for arm-linux-gnueabi-ar
configure:5785: found /usr/local/bin/arm-linux-gnueabi-ar
configure:5795: result: arm-linux-gnueabi-ar
configure:5849: checking for arm-linux-gnueabi-ranlib
configure:5865: found /usr/local/bin/arm-linux-gnueabi-ranlib
configure:5875: result: arm-linux-gnueabi-ranlib
configure:5929: checking for arm-linux-gnueabi-strip
configure:5955: result: arm-linux-gnueabi-strip
configure:6281: checking if arm-linux-gnueabi-gcc static flag  works
configure:6309: result: yes
configure:6327: checking if arm-linux-gnueabi-gcc supports -fno-rtti -fno-exceptions
configure:6345: arm-linux-gnueabi-gcc -c -g -O2  -fno-rtti -fno-exceptions conftest.c >&5
cc1: warning: command line option "-fno-rtti" is valid for C++/ObjC++ but not for C
configure:6349: $? = 0
configure:6362: result: no
configure:6377: checking for arm-linux-gnueabi-gcc option to produce PIC
configure:6581: result: -fPIC
configure:6589: checking if arm-linux-gnueabi-gcc PIC flag -fPIC works
configure:6607: arm-linux-gnueabi-gcc -c -g -O2  -fPIC -DPIC conftest.c >&5
configure:6611: $? = 0
configure:6624: result: yes
configure:6648: checking if arm-linux-gnueabi-gcc supports -c -o file.o
configure:6669: arm-linux-gnueabi-gcc -c -g -O2  -o out/conftest2.o conftest.c >&5
configure:6673: $? = 0
configure:6695: result: yes
configure:6721: checking whether the arm-linux-gnueabi-gcc linker (/media/hda5/opt/arm-linux-gnueabi/arm-linux-gnueabi/bin/ld) supports shared libraries
configure:7616: result: yes
configure:7642: checking whether -lc should be explicitly linked in
configure:7647: arm-linux-gnueabi-gcc -c -g -O2  conftest.c >&5
configure:7650: $? = 0
configure:7664: arm-linux-gnueabi-gcc -shared conftest.o  -v -Wl,-soname -Wl,conftest -o conftest 2\>\&1 \| grep  -lc  \>/dev/null 2\>\&1
configure:7667: $? = 0
configure:7679: result: no
configure:7687: checking dynamic linker characteristics
configure:8250: result: GNU/Linux ld.so
configure:8254: checking how to hardcode library paths into programs
configure:8279: result: immediate
configure:8293: checking whether stripping libraries is possible
configure:8298: result: yes
configure:9128: checking if libtool supports shared libraries
configure:9130: result: yes
configure:9133: checking whether to build shared libraries
configure:9154: result: yes
configure:9157: checking whether to build static libraries
configure:9161: result: yes
configure:9253: creating libtool
configure:9831: checking for ld used by arm-linux-gnueabi-g++
configure:9898: result: /media/hda5/opt/arm-linux-gnueabi/arm-linux-gnueabi/bin/ld
configure:9907: checking if the linker (/media/hda5/opt/arm-linux-gnueabi/arm-linux-gnueabi/bin/ld) is GNU ld
configure:9922: result: yes
configure:9973: checking whether the arm-linux-gnueabi-g++ linker (/media/hda5/opt/arm-linux-gnueabi/arm-linux-gnueabi/bin/ld) supports shared libraries
configure:10860: result: yes
configure:10878: arm-linux-gnueabi-g++ -c -g -O2  conftest.cc >&5
configure:10881: $? = 0
configure:10977: checking for arm-linux-gnueabi-g++ option to produce PIC
configure:11245: result: -fPIC
configure:11253: checking if arm-linux-gnueabi-g++ PIC flag -fPIC works
configure:11271: arm-linux-gnueabi-g++ -c -g -O2  -fPIC -DPIC conftest.cc >&5
configure:11275: $? = 0
configure:11288: result: yes
configure:11312: checking if arm-linux-gnueabi-g++ supports -c -o file.o
configure:11333: arm-linux-gnueabi-g++ -c -g -O2  -o out/conftest2.o conftest.cc >&5
configure:11337: $? = 0
configure:11359: result: yes
configure:11385: checking whether the arm-linux-gnueabi-g++ linker (/media/hda5/opt/arm-linux-gnueabi/arm-linux-gnueabi/bin/ld) supports shared libraries
configure:11410: result: yes
configure:11481: checking dynamic linker characteristics
configure:12044: result: GNU/Linux ld.so
configure:12048: checking how to hardcode library paths into programs
configure:12073: result: immediate
configure:12087: checking whether stripping libraries is possible
configure:12092: result: yes
configure:13428: checking if libtool supports shared libraries
configure:13430: result: yes
configure:13433: checking whether to build shared libraries
configure:13453: result: yes
configure:13456: checking whether to build static libraries
configure:13460: result: yes
configure:13472: checking for arm-linux-gnueabi-g77 option to produce PIC
configure:13676: result: -fPIC
configure:13684: checking if arm-linux-gnueabi-g77 PIC flag -fPIC works
configure:13702: arm-linux-gnueabi-g77 -c -g -O2 -fPIC conftest.f >&5
configure:13706: $? = 0
configure:13719: result: yes
configure:13743: checking if arm-linux-gnueabi-g77 supports -c -o file.o
configure:13764: arm-linux-gnueabi-g77 -c -g -O2 -o out/conftest2.o conftest.f >&5
configure:13768: $? = 0
configure:13790: result: yes
configure:13816: checking whether the arm-linux-gnueabi-g77 linker (/media/hda5/opt/arm-linux-gnueabi/arm-linux-gnueabi/bin/ld) supports shared libraries
configure:14691: result: yes
configure:14762: checking dynamic linker characteristics
configure:15325: result: GNU/Linux ld.so
configure:15329: checking how to hardcode library paths into programs
configure:15354: result: immediate
configure:15368: checking whether stripping libraries is possible
configure:15373: result: yes
configure:19638: checking for arm-linux-gnueabi-gcc
configure:19664: result: arm-linux-gnueabi-gcc
configure:19946: checking for C compiler version
configure:19949: arm-linux-gnueabi-gcc --version </dev/null >&5
arm-linux-gnueabi-gcc (GCC) 3.4.3 (release) (CodeSourcery ARM Q1B 2005)
Copyright (C) 2004 Free Software Foundation, Inc.
This is free software; see the source for copying conditions.  There is NO
warranty; not even for MERCHANTABILITY or FITNESS FOR A PARTICULAR PURPOSE.

configure:19952: $? = 0
configure:19954: arm-linux-gnueabi-gcc -v </dev/null >&5
Reading specs from /media/hda5/opt/arm-linux-gnueabi/bin/../lib/gcc/arm-linux-gnueabi/3.4.3/specs
Configured with: /scratchbox/users/slava/home/slava/crosstool/build/arm-linux-gnueabi/gcc-csl-arm-2005q1-glibc-csl-arm/gcc-csl-arm-2005q1/configure --target=arm-linux-gnueabi --host=i686-host_pc-linux-gnu --prefix=/opt/crosstool/gcc-csl-arm-2005q1-glibc-csl-arm/arm-linux-gnueabi --with-float=soft --with-arch=armv5te --with-headers=/opt/crosstool/gcc-csl-arm-2005q1-glibc-csl-arm/arm-linux-gnueabi/arm-linux-gnueabi/include --with-local-prefix=/opt/crosstool/gcc-csl-arm-2005q1-glibc-csl-arm/arm-linux-gnueabi/arm-linux-gnueabi --disable-nls --enable-threads=posix --enable-symvers=gnu --enable-__cxa_atexit --enable-languages=c,c++,f77 --enable-shared --enable-c99 --enable-long-long
Thread model: posix
gcc version 3.4.3 (release) (CodeSourcery ARM Q1B 2005)
configure:19957: $? = 0
configure:19959: arm-linux-gnueabi-gcc -V </dev/null >&5
arm-linux-gnueabi-gcc: `-V' option must have argument
configure:19962: $? = 1
configure:19965: checking whether we are using the GNU C compiler
configure:20021: result: yes
configure:20027: checking whether arm-linux-gnueabi-gcc accepts -g
configure:20078: result: yes
configure:20095: checking for arm-linux-gnueabi-gcc option to accept ANSI C
configure:20202: result: none needed
configure:20220: arm-linux-gnueabi-gcc -c -g -O2  conftest.c >&5
conftest.c:2: error: syntax error before "me"
configure:20226: $? = 1
configure: failed program was:
| #ifndef __cplusplus
|   choke me
| #endif
configure:20361: checking dependency style of arm-linux-gnueabi-gcc
configure:20451: result: gcc3
configure:20473: checking how to run the C preprocessor
configure:20591: result: arm-linux-gnueabi-gcc -E
configure:20615: arm-linux-gnueabi-gcc -E  conftest.c
configure:20621: $? = 0
configure:20653: arm-linux-gnueabi-gcc -E  conftest.c
conftest.c:25:28: ac_nonexistent.h: No such file or directory
configure:20659: $? = 1
configure: failed program was:
| /* confdefs.h.  */
| 
| #define PACKAGE_NAME "giflib"
| #define PACKAGE_TARNAME "giflib"
| #define PACKAGE_VERSION "4.1.4"
| #define PACKAGE_STRING "giflib 4.1.4"
| #define PACKAGE_BUGREPORT "abadger1999@sourceforge.net"
| #define PACKAGE "giflib"
| #define VERSION "4.1.4"
| #define STDC_HEADERS 1
| #define HAVE_SYS_TYPES_H 1
| #define HAVE_SYS_STAT_H 1
| #define HAVE_STDLIB_H 1
| #define HAVE_STRING_H 1
| #define HAVE_MEMORY_H 1
| #define HAVE_STRINGS_H 1
| #define HAVE_INTTYPES_H 1
| #define HAVE_STDINT_H 1
| #define HAVE_UNISTD_H 1
| #define HAVE_DLFCN_H 1
| #ifdef __cplusplus
| extern "C" void std::exit (int) throw (); using std::exit;
| #endif
| /* end confdefs.h.  */
| #include <ac_nonexistent.h>
configure:20715: checking for a BSD-compatible install
configure:20770: result: /usr/bin/ginstall -c
configure:20781: checking whether ln -s works
configure:20785: result: yes
configure:20792: checking whether make sets $(MAKE)
configure:20812: result: yes
configure:20822: checking for X
configure:20927: arm-linux-gnueabi-gcc -E  conftest.c
conftest.c:25:27: X11/Intrinsic.h: No such file or directory
configure:20933: $? = 1
configure: failed program was:
| /* confdefs.h.  */
| 
| #define PACKAGE_NAME "giflib"
| #define PACKAGE_TARNAME "giflib"
| #define PACKAGE_VERSION "4.1.4"
| #define PACKAGE_STRING "giflib 4.1.4"
| #define PACKAGE_BUGREPORT "abadger1999@sourceforge.net"
| #define PACKAGE "giflib"
| #define VERSION "4.1.4"
| #define STDC_HEADERS 1
| #define HAVE_SYS_TYPES_H 1
| #define HAVE_SYS_STAT_H 1
| #define HAVE_STDLIB_H 1
| #define HAVE_STRING_H 1
| #define HAVE_MEMORY_H 1
| #define HAVE_STRINGS_H 1
| #define HAVE_INTTYPES_H 1
| #define HAVE_STDINT_H 1
| #define HAVE_UNISTD_H 1
| #define HAVE_DLFCN_H 1
| #ifdef __cplusplus
| extern "C" void std::exit (int) throw (); using std::exit;
| #endif
| /* end confdefs.h.  */
| #include <X11/Intrinsic.h>
configure:21052: result: libraries /usr/X11R6/lib, headers /usr/include
configure:21224: arm-linux-gnueabi-gcc -o conftest -g -O2   conftest.c   -L/usr/X11R6/lib -lX11 >&5
/media/hda5/opt/arm-linux-gnueabi/bin/../lib/gcc/arm-linux-gnueabi/3.4.3/../../../../arm-linux-gnueabi/bin/ld: cannot find -lX11
collect2: ld returned 1 exit status
configure:21230: $? = 1
configure: failed program was:
| /* confdefs.h.  */
| 
| #define PACKAGE_NAME "giflib"
| #define PACKAGE_TARNAME "giflib"
| #define PACKAGE_VERSION "4.1.4"
| #define PACKAGE_STRING "giflib 4.1.4"
| #define PACKAGE_BUGREPORT "abadger1999@sourceforge.net"
| #define PACKAGE "giflib"
| #define VERSION "4.1.4"
| #define STDC_HEADERS 1
| #define HAVE_SYS_TYPES_H 1
| #define HAVE_SYS_STAT_H 1
| #define HAVE_STDLIB_H 1
| #define HAVE_STRING_H 1
| #define HAVE_MEMORY_H 1
| #define HAVE_STRINGS_H 1
| #define HAVE_INTTYPES_H 1
| #define HAVE_STDINT_H 1
| #define HAVE_UNISTD_H 1
| #define HAVE_DLFCN_H 1
| #ifdef __cplusplus
| extern "C" void std::exit (int) throw (); using std::exit;
| #endif
| /* end confdefs.h.  */
| 
| /* Override any gcc2 internal prototype to avoid an error.  */
| #ifdef __cplusplus
| extern "C"
| #endif
| /* We use char because int might match the return type of a gcc2
|    builtin and then its argument prototype would still apply.  */
| char XOpenDisplay ();
| int
| main ()
| {
| XOpenDisplay ();
|   ;
|   return 0;
| }
configure:21250: checking for dnet_ntoa in -ldnet
configure:21280: arm-linux-gnueabi-gcc -o conftest -g -O2   conftest.c -ldnet    -L/usr/X11R6/lib -lX11 >&5
/media/hda5/opt/arm-linux-gnueabi/bin/../lib/gcc/arm-linux-gnueabi/3.4.3/../../../../arm-linux-gnueabi/bin/ld: cannot find -ldnet
collect2: ld returned 1 exit status
configure:21286: $? = 1
configure: failed program was:
| /* confdefs.h.  */
| 
| #define PACKAGE_NAME "giflib"
| #define PACKAGE_TARNAME "giflib"
| #define PACKAGE_VERSION "4.1.4"
| #define PACKAGE_STRING "giflib 4.1.4"
| #define PACKAGE_BUGREPORT "abadger1999@sourceforge.net"
| #define PACKAGE "giflib"
| #define VERSION "4.1.4"
| #define STDC_HEADERS 1
| #define HAVE_SYS_TYPES_H 1
| #define HAVE_SYS_STAT_H 1
| #define HAVE_STDLIB_H 1
| #define HAVE_STRING_H 1
| #define HAVE_MEMORY_H 1
| #define HAVE_STRINGS_H 1
| #define HAVE_INTTYPES_H 1
| #define HAVE_STDINT_H 1
| #define HAVE_UNISTD_H 1
| #define HAVE_DLFCN_H 1
| #ifdef __cplusplus
| extern "C" void std::exit (int) throw (); using std::exit;
| #endif
| /* end confdefs.h.  */
| 
| /* Override any gcc2 internal prototype to avoid an error.  */
| #ifdef __cplusplus
| extern "C"
| #endif
| /* We use char because int might match the return type of a gcc2
|    builtin and then its argument prototype would still apply.  */
| char dnet_ntoa ();
| int
| main ()
| {
| dnet_ntoa ();
|   ;
|   return 0;
| }
configure:21312: result: no
configure:21319: checking for dnet_ntoa in -ldnet_stub
configure:21349: arm-linux-gnueabi-gcc -o conftest -g -O2   conftest.c -ldnet_stub    -L/usr/X11R6/lib -lX11 >&5
/media/hda5/opt/arm-linux-gnueabi/bin/../lib/gcc/arm-linux-gnueabi/3.4.3/../../../../arm-linux-gnueabi/bin/ld: cannot find -ldnet_stub
collect2: ld returned 1 exit status
configure:21355: $? = 1
configure: failed program was:
| /* confdefs.h.  */
| 
| #define PACKAGE_NAME "giflib"
| #define PACKAGE_TARNAME "giflib"
| #define PACKAGE_VERSION "4.1.4"
| #define PACKAGE_STRING "giflib 4.1.4"
| #define PACKAGE_BUGREPORT "abadger1999@sourceforge.net"
| #define PACKAGE "giflib"
| #define VERSION "4.1.4"
| #define STDC_HEADERS 1
| #define HAVE_SYS_TYPES_H 1
| #define HAVE_SYS_STAT_H 1
| #define HAVE_STDLIB_H 1
| #define HAVE_STRING_H 1
| #define HAVE_MEMORY_H 1
| #define HAVE_STRINGS_H 1
| #define HAVE_INTTYPES_H 1
| #define HAVE_STDINT_H 1
| #define HAVE_UNISTD_H 1
| #define HAVE_DLFCN_H 1
| #ifdef __cplusplus
| extern "C" void std::exit (int) throw (); using std::exit;
| #endif
| /* end confdefs.h.  */
| 
| /* Override any gcc2 internal prototype to avoid an error.  */
| #ifdef __cplusplus
| extern "C"
| #endif
| /* We use char because int might match the return type of a gcc2
|    builtin and then its argument prototype would still apply.  */
| char dnet_ntoa ();
| int
| main ()
| {
| dnet_ntoa ();
|   ;
|   return 0;
| }
configure:21381: result: no
configure:21401: checking for gethostbyname
configure:21458: arm-linux-gnueabi-gcc -o conftest -g -O2   conftest.c  >&5
configure:21464: $? = 0
configure:21468: test -z 
			 || test ! -s conftest.err
configure:21471: $? = 0
configure:21474: test -s conftest
configure:21477: $? = 0
configure:21489: result: yes
configure:21640: checking for connect
configure:21697: arm-linux-gnueabi-gcc -o conftest -g -O2   conftest.c  >&5
configure:21703: $? = 0
configure:21707: test -z 
			 || test ! -s conftest.err
configure:21710: $? = 0
configure:21713: test -s conftest
configure:21716: $? = 0
configure:21728: result: yes
configure:21803: checking for remove
configure:21860: arm-linux-gnueabi-gcc -o conftest -g -O2   conftest.c  >&5
configure:21866: $? = 0
configure:21870: test -z 
			 || test ! -s conftest.err
configure:21873: $? = 0
configure:21876: test -s conftest
configure:21879: $? = 0
configure:21891: result: yes
configure:21966: checking for shmat
configure:22023: arm-linux-gnueabi-gcc -o conftest -g -O2   conftest.c  >&5
configure:22029: $? = 0
configure:22033: test -z 
			 || test ! -s conftest.err
configure:22036: $? = 0
configure:22039: test -s conftest
configure:22042: $? = 0
configure:22054: result: yes
configure:22138: checking for IceConnectionNumber in -lICE
configure:22168: arm-linux-gnueabi-gcc -o conftest -g -O2   -L/usr/X11R6/lib conftest.c -lICE   >&5
/media/hda5/opt/arm-linux-gnueabi/bin/../lib/gcc/arm-linux-gnueabi/3.4.3/../../../../arm-linux-gnueabi/bin/ld: cannot find -lICE
collect2: ld returned 1 exit status
configure:22174: $? = 1
configure: failed program was:
| /* confdefs.h.  */
| 
| #define PACKAGE_NAME "giflib"
| #define PACKAGE_TARNAME "giflib"
| #define PACKAGE_VERSION "4.1.4"
| #define PACKAGE_STRING "giflib 4.1.4"
| #define PACKAGE_BUGREPORT "abadger1999@sourceforge.net"
| #define PACKAGE "giflib"
| #define VERSION "4.1.4"
| #define STDC_HEADERS 1
| #define HAVE_SYS_TYPES_H 1
| #define HAVE_SYS_STAT_H 1
| #define HAVE_STDLIB_H 1
| #define HAVE_STRING_H 1
| #define HAVE_MEMORY_H 1
| #define HAVE_STRINGS_H 1
| #define HAVE_INTTYPES_H 1
| #define HAVE_STDINT_H 1
| #define HAVE_UNISTD_H 1
| #define HAVE_DLFCN_H 1
| #ifdef __cplusplus
| extern "C" void std::exit (int) throw (); using std::exit;
| #endif
| /* end confdefs.h.  */
| 
| /* Override any gcc2 internal prototype to avoid an error.  */
| #ifdef __cplusplus
| extern "C"
| #endif
| /* We use char because int might match the return type of a gcc2
|    builtin and then its argument prototype would still apply.  */
| char IceConnectionNumber ();
| int
| main ()
| {
| IceConnectionNumber ();
|   ;
|   return 0;
| }
configure:22200: result: no
configure:22212: checking for pow in -lm
configure:22242: arm-linux-gnueabi-gcc -o conftest -g -O2   conftest.c -lm   >&5
conftest.c:32: warning: conflicting types for built-in function 'pow'
configure:22248: $? = 0
configure:22252: test -z 
			 || test ! -s conftest.err
configure:22255: $? = 0
configure:22258: test -s conftest
configure:22261: $? = 0
configure:22274: result: yes
configure:22283: checking for rle_hdr_init in -lrle
configure:22313: arm-linux-gnueabi-gcc -o conftest -g -O2   conftest.c -lrle -lm   >&5
/media/hda5/opt/arm-linux-gnueabi/bin/../lib/gcc/arm-linux-gnueabi/3.4.3/../../../../arm-linux-gnueabi/bin/ld: cannot find -lrle
collect2: ld returned 1 exit status
configure:22319: $? = 1
configure: failed program was:
| /* confdefs.h.  */
| 
| #define PACKAGE_NAME "giflib"
| #define PACKAGE_TARNAME "giflib"
| #define PACKAGE_VERSION "4.1.4"
| #define PACKAGE_STRING "giflib 4.1.4"
| #define PACKAGE_BUGREPORT "abadger1999@sourceforge.net"
| #define PACKAGE "giflib"
| #define VERSION "4.1.4"
| #define STDC_HEADERS 1
| #define HAVE_SYS_TYPES_H 1
| #define HAVE_SYS_STAT_H 1
| #define HAVE_STDLIB_H 1
| #define HAVE_STRING_H 1
| #define HAVE_MEMORY_H 1
| #define HAVE_STRINGS_H 1
| #define HAVE_INTTYPES_H 1
| #define HAVE_STDINT_H 1
| #define HAVE_UNISTD_H 1
| #define HAVE_DLFCN_H 1
| #ifdef __cplusplus
| extern "C" void std::exit (int) throw (); using std::exit;
| #endif
| /* end confdefs.h.  */
| 
| /* Override any gcc2 internal prototype to avoid an error.  */
| #ifdef __cplusplus
| extern "C"
| #endif
| /* We use char because int might match the return type of a gcc2
|    builtin and then its argument prototype would still apply.  */
| char rle_hdr_init ();
| int
| main ()
| {
| rle_hdr_init ();
|   ;
|   return 0;
| }
configure:22345: result: no
configure:22354: checking for main in -lgl_s
configure:22378: arm-linux-gnueabi-gcc -o conftest -g -O2   conftest.c -lgl_s  -L/usr/X11R6/lib  >&5
/media/hda5/opt/arm-linux-gnueabi/bin/../lib/gcc/arm-linux-gnueabi/3.4.3/../../../../arm-linux-gnueabi/bin/ld: cannot find -lgl_s
collect2: ld returned 1 exit status
configure:22384: $? = 1
configure: failed program was:
| /* confdefs.h.  */
| 
| #define PACKAGE_NAME "giflib"
| #define PACKAGE_TARNAME "giflib"
| #define PACKAGE_VERSION "4.1.4"
| #define PACKAGE_STRING "giflib 4.1.4"
| #define PACKAGE_BUGREPORT "abadger1999@sourceforge.net"
| #define PACKAGE "giflib"
| #define VERSION "4.1.4"
| #define STDC_HEADERS 1
| #define HAVE_SYS_TYPES_H 1
| #define HAVE_SYS_STAT_H 1
| #define HAVE_STDLIB_H 1
| #define HAVE_STRING_H 1
| #define HAVE_MEMORY_H 1
| #define HAVE_STRINGS_H 1
| #define HAVE_INTTYPES_H 1
| #define HAVE_STDINT_H 1
| #define HAVE_UNISTD_H 1
| #define HAVE_DLFCN_H 1
| #ifdef __cplusplus
| extern "C" void std::exit (int) throw (); using std::exit;
| #endif
| /* end confdefs.h.  */
| 
| 
| int
| main ()
| {
| main ();
|   ;
|   return 0;
| }
configure:22410: result: no
configure:22423: checking for main in -lX11
configure:22447: arm-linux-gnueabi-gcc -o conftest -g -O2   conftest.c -lX11  -L/usr/X11R6/lib  >&5
/media/hda5/opt/arm-linux-gnueabi/bin/../lib/gcc/arm-linux-gnueabi/3.4.3/../../../../arm-linux-gnueabi/bin/ld: cannot find -lX11
collect2: ld returned 1 exit status
configure:22453: $? = 1
configure: failed program was:
| /* confdefs.h.  */
| 
| #define PACKAGE_NAME "giflib"
| #define PACKAGE_TARNAME "giflib"
| #define PACKAGE_VERSION "4.1.4"
| #define PACKAGE_STRING "giflib 4.1.4"
| #define PACKAGE_BUGREPORT "abadger1999@sourceforge.net"
| #define PACKAGE "giflib"
| #define VERSION "4.1.4"
| #define STDC_HEADERS 1
| #define HAVE_SYS_TYPES_H 1
| #define HAVE_SYS_STAT_H 1
| #define HAVE_STDLIB_H 1
| #define HAVE_STRING_H 1
| #define HAVE_MEMORY_H 1
| #define HAVE_STRINGS_H 1
| #define HAVE_INTTYPES_H 1
| #define HAVE_STDINT_H 1
| #define HAVE_UNISTD_H 1
| #define HAVE_DLFCN_H 1
| #ifdef __cplusplus
| extern "C" void std::exit (int) throw (); using std::exit;
| #endif
| /* end confdefs.h.  */
| 
| 
| int
| main ()
| {
| main ();
|   ;
|   return 0;
| }
configure:22479: result: no
configure:22500: checking for ANSI C header files
configure:22656: result: yes
configure:22681: checking stdarg.h usability
configure:22693: arm-linux-gnueabi-gcc -c -g -O2  conftest.c >&5
configure:22699: $? = 0
configure:22703: test -z 
			 || test ! -s conftest.err
configure:22706: $? = 0
configure:22709: test -s conftest.o
configure:22712: $? = 0
configure:22722: result: yes
configure:22726: checking stdarg.h presence
configure:22736: arm-linux-gnueabi-gcc -E  conftest.c
configure:22742: $? = 0
configure:22762: result: yes
configure:22797: checking for stdarg.h
configure:22804: result: yes
configure:22836: checking fcntl.h usability
configure:22848: arm-linux-gnueabi-gcc -c -g -O2  conftest.c >&5
configure:22854: $? = 0
configure:22858: test -z 
			 || test ! -s conftest.err
configure:22861: $? = 0
configure:22864: test -s conftest.o
configure:22867: $? = 0
configure:22877: result: yes
configure:22881: checking fcntl.h presence
configure:22891: arm-linux-gnueabi-gcc -E  conftest.c
configure:22897: $? = 0
configure:22917: result: yes
configure:22952: checking for fcntl.h
configure:22959: result: yes
configure:22982: checking for unistd.h
configure:22987: result: yes
configure:23134: checking for sys/types.h
configure:23139: result: yes
configure:24297: checking for an ANSI C-conforming const
configure:24364: arm-linux-gnueabi-gcc -c -g -O2  conftest.c >&5
configure:24370: $? = 0
configure:24374: test -z 
			 || test ! -s conftest.err
configure:24377: $? = 0
configure:24380: test -s conftest.o
configure:24383: $? = 0
configure:24394: result: yes
configure:24405: checking for working memcmp
configure:24475: result: no
configure:24486: checking for function prototypes
configure:24489: result: yes
configure:24506: checking whether setvbuf arguments are reversed
configure:24531: arm-linux-gnueabi-gcc -o conftest -g -O2   conftest.c  >&5
conftest.c:35: error: conflicting types for 'setvbuf'
/media/hda5/opt/arm-linux-gnueabi/bin/../lib/gcc/arm-linux-gnueabi/3.4.3/../../../../arm-linux-gnueabi/sys-include/stdio.h:302: error: previous declaration of 'setvbuf' was here
conftest.c:35: error: conflicting types for 'setvbuf'
/media/hda5/opt/arm-linux-gnueabi/bin/../lib/gcc/arm-linux-gnueabi/3.4.3/../../../../arm-linux-gnueabi/sys-include/stdio.h:302: error: previous declaration of 'setvbuf' was here
configure:24537: $? = 1
configure: failed program was:
| /* confdefs.h.  */
| 
| #define PACKAGE_NAME "giflib"
| #define PACKAGE_TARNAME "giflib"
| #define PACKAGE_VERSION "4.1.4"
| #define PACKAGE_STRING "giflib 4.1.4"
| #define PACKAGE_BUGREPORT "abadger1999@sourceforge.net"
| #define PACKAGE "giflib"
| #define VERSION "4.1.4"
| #define STDC_HEADERS 1
| #define HAVE_SYS_TYPES_H 1
| #define HAVE_SYS_STAT_H 1
| #define HAVE_STDLIB_H 1
| #define HAVE_STRING_H 1
| #define HAVE_MEMORY_H 1
| #define HAVE_STRINGS_H 1
| #define HAVE_INTTYPES_H 1
| #define HAVE_STDINT_H 1
| #define HAVE_UNISTD_H 1
| #define HAVE_DLFCN_H 1
| #ifdef __cplusplus
| extern "C" void std::exit (int) throw (); using std::exit;
| #endif
| #define STDC_HEADERS 1
| #define HAVE_STDARG_H 1
| #define HAVE_FCNTL_H 1
| #define HAVE_UNISTD_H 1
| #define HAVE_SYS_TYPES_H 1
| #define UINT32 u_int32_t
| #define PROTOTYPES 1
| #define __PROTOTYPES 1
| /* end confdefs.h.  */
| #include <stdio.h>
| #	  if PROTOTYPES
| 	   int (setvbuf) (FILE *, int, char *, size_t);
| #	  endif
| int
| main ()
| {
| char buf; return setvbuf (stdout, _IOLBF, &buf, 1);
|   ;
|   return 0;
| }
configure:24658: result: no
configure:24672: checking for vprintf
configure:24729: arm-linux-gnueabi-gcc -o conftest -g -O2   conftest.c  >&5
conftest.c:57: warning: conflicting types for built-in function 'vprintf'
configure:24735: $? = 0
configure:24739: test -z 
			 || test ! -s conftest.err
configure:24742: $? = 0
configure:24745: test -s conftest
configure:24748: $? = 0
configure:24760: result: yes
configure:24767: checking for _doprnt
configure:24824: arm-linux-gnueabi-gcc -o conftest -g -O2   conftest.c  >&5
/tmp/ccEYH5IN.o: In function `main':
/working/NS65/source/library/giflib-4.1.4/conftest.c:77: undefined reference to `_doprnt'
/tmp/ccEYH5IN.o:(.data+0x0): undefined reference to `_doprnt'
collect2: ld returned 1 exit status
configure:24830: $? = 1
configure: failed program was:
| /* confdefs.h.  */
| 
| #define PACKAGE_NAME "giflib"
| #define PACKAGE_TARNAME "giflib"
| #define PACKAGE_VERSION "4.1.4"
| #define PACKAGE_STRING "giflib 4.1.4"
| #define PACKAGE_BUGREPORT "abadger1999@sourceforge.net"
| #define PACKAGE "giflib"
| #define VERSION "4.1.4"
| #define STDC_HEADERS 1
| #define HAVE_SYS_TYPES_H 1
| #define HAVE_SYS_STAT_H 1
| #define HAVE_STDLIB_H 1
| #define HAVE_STRING_H 1
| #define HAVE_MEMORY_H 1
| #define HAVE_STRINGS_H 1
| #define HAVE_INTTYPES_H 1
| #define HAVE_STDINT_H 1
| #define HAVE_UNISTD_H 1
| #define HAVE_DLFCN_H 1
| #ifdef __cplusplus
| extern "C" void std::exit (int) throw (); using std::exit;
| #endif
| #define STDC_HEADERS 1
| #define HAVE_STDARG_H 1
| #define HAVE_FCNTL_H 1
| #define HAVE_UNISTD_H 1
| #define HAVE_SYS_TYPES_H 1
| #define UINT32 u_int32_t
| #define PROTOTYPES 1
| #define __PROTOTYPES 1
| #define HAVE_VPRINTF 1
| /* end confdefs.h.  */
| /* Define _doprnt to an innocuous variant, in case <limits.h> declares _doprnt.
|    For example, HP-UX 11i <limits.h> declares gettimeofday.  */
| #define _doprnt innocuous__doprnt
| 
| /* System header to define __stub macros and hopefully few prototypes,
|     which can conflict with char _doprnt (); below.
|     Prefer <limits.h> to <assert.h> if __STDC__ is defined, since
|     <limits.h> exists even on freestanding compilers.  */
| 
| #ifdef __STDC__
| # include <limits.h>
| #else
| # include <assert.h>
| #endif
| 
| #undef _doprnt
| 
| /* Override any gcc2 internal prototype to avoid an error.  */
| #ifdef __cplusplus
| extern "C"
| {
| #endif
| /* We use char because int might match the return type of a gcc2
|    builtin and then its argument prototype would still apply.  */
| char _doprnt ();
| /* The GNU C library defines this for functions which it implements
|     to always fail with ENOSYS.  Some functions are actually named
|     something starting with __ and the normal name is an alias.  */
| #if defined (__stub__doprnt) || defined (__stub____doprnt)
| choke me
| #else
| char (*f) () = _doprnt;
| #endif
| #ifdef __cplusplus
| }
| #endif
| 
| int
| main ()
| {
| return f != _doprnt;
|   ;
|   return 0;
| }
configure:24855: result: no
configure:24873: checking for strdup
configure:24930: arm-linux-gnueabi-gcc -o conftest -g -O2   conftest.c  >&5
conftest.c:58: warning: conflicting types for built-in function 'strdup'
configure:24936: $? = 0
configure:24940: test -z 
			 || test ! -s conftest.err
configure:24943: $? = 0
configure:24946: test -s conftest
configure:24949: $? = 0
configure:24961: result: yes
configure:25097: creating ./config.status

## ---------------------- ##
## Running config.status. ##
## ---------------------- ##

This file was extended by giflib config.status 4.1.4, which was
generated by GNU Autoconf 2.59.  Invocation command line was

  CONFIG_FILES    = 
  CONFIG_HEADERS  = 
  CONFIG_LINKS    = 
  CONFIG_COMMANDS = 
  $ ./config.status 

on 9KylinKang2

config.status:728: creating util/Makefile
config.status:728: creating lib/Makefile
config.status:728: creating Makefile
config.status:728: creating doc/Makefile
config.status:728: creating pic/Makefile
config.status:832: creating config.h
config.status:1140: executing depfiles commands

## ---------------- ##
## Cache variables. ##
## ---------------- ##

ac_cv_build=i686-pc-linux-gnu
ac_cv_build_alias=i686-pc-linux-gnu
ac_cv_c_compiler_gnu=yes
ac_cv_c_const=yes
ac_cv_cxx_compiler_gnu=yes
ac_cv_env_CC_set=
ac_cv_env_CC_value=
ac_cv_env_CFLAGS_set=
ac_cv_env_CFLAGS_value=
ac_cv_env_CPPFLAGS_set=
ac_cv_env_CPPFLAGS_value=
ac_cv_env_CPP_set=
ac_cv_env_CPP_value=
ac_cv_env_CXXCPP_set=
ac_cv_env_CXXCPP_value=
ac_cv_env_CXXFLAGS_set=
ac_cv_env_CXXFLAGS_value=
ac_cv_env_CXX_set=
ac_cv_env_CXX_value=
ac_cv_env_F77_set=
ac_cv_env_F77_value=
ac_cv_env_FFLAGS_set=
ac_cv_env_FFLAGS_value=
ac_cv_env_LDFLAGS_set=
ac_cv_env_LDFLAGS_value=
ac_cv_env_build_alias_set=
ac_cv_env_build_alias_value=
ac_cv_env_host_alias_set=set
ac_cv_env_host_alias_value=arm-linux-gnueabi
ac_cv_env_target_alias_set=
ac_cv_env_target_alias_value=
ac_cv_exeext=
ac_cv_f77_compiler_gnu=yes
ac_cv_func__doprnt=no
ac_cv_func_connect=yes
ac_cv_func_gethostbyname=yes
ac_cv_func_memcmp_working=no
ac_cv_func_remove=yes
ac_cv_func_setvbuf_reversed=no
ac_cv_func_shmat=yes
ac_cv_func_strdup=yes
ac_cv_func_vprintf=yes
ac_cv_have_x='have_x=yes 		ac_x_includes=/usr/include ac_x_libraries=/usr/X11R6/lib'
ac_cv_header_dlfcn_h=yes
ac_cv_header_fcntl_h=yes
ac_cv_header_inttypes_h=yes
ac_cv_header_memory_h=yes
ac_cv_header_stdarg_h=yes
ac_cv_header_stdc=yes
ac_cv_header_stdint_h=yes
ac_cv_header_stdlib_h=yes
ac_cv_header_string_h=yes
ac_cv_header_strings_h=yes
ac_cv_header_sys_stat_h=yes
ac_cv_header_sys_types_h=yes
ac_cv_header_unistd_h=yes
ac_cv_host=arm-unknown-linux-gnueabi
ac_cv_host_alias=arm-linux-gnueabi
ac_cv_lib_ICE_IceConnectionNumber=no
ac_cv_lib_X11_main=no
ac_cv_lib_dnet_dnet_ntoa=no
ac_cv_lib_dnet_stub_dnet_ntoa=no
ac_cv_lib_gl_s_main=no
ac_cv_lib_m_pow=yes
ac_cv_lib_rle_rle_hdr_init=no
ac_cv_objext=o
ac_cv_path_install='/usr/bin/ginstall -c'
ac_cv_prog_AR=arm-linux-gnueabi-ar
ac_cv_prog_AWK=gawk
ac_cv_prog_CC=arm-linux-gnueabi-gcc
ac_cv_prog_CPP='arm-linux-gnueabi-gcc -E'
ac_cv_prog_CXX=arm-linux-gnueabi-g++
ac_cv_prog_CXXCPP='arm-linux-gnueabi-g++ -E'
ac_cv_prog_F77=arm-linux-gnueabi-g77
ac_cv_prog_RANLIB=arm-linux-gnueabi-ranlib
ac_cv_prog_STRIP=arm-linux-gnueabi-strip
ac_cv_prog_cc_g=yes
ac_cv_prog_cc_stdc=
ac_cv_prog_cxx_g=yes
ac_cv_prog_egrep='grep -E'
ac_cv_prog_f77_g=yes
ac_cv_prog_make_make_set=yes
am_cv_CC_dependencies_compiler_type=gcc3
am_cv_CXX_dependencies_compiler_type=gcc3
lt_cv_deplibs_check_method=pass_all
lt_cv_file_magic_cmd='$MAGIC_CMD'
lt_cv_file_magic_test_file=
lt_cv_ld_reload_flag=-r
lt_cv_objdir=.libs
lt_cv_path_LD=/media/hda5/opt/arm-linux-gnueabi/arm-linux-gnueabi/bin/ld
lt_cv_path_LDCXX=/media/hda5/opt/arm-linux-gnueabi/arm-linux-gnueabi/bin/ld
lt_cv_path_NM='/usr/local/bin/arm-linux-gnueabi-nm -B'
lt_cv_path_SED=/bin/sed
lt_cv_prog_compiler_c_o=yes
lt_cv_prog_compiler_c_o_CXX=yes
lt_cv_prog_compiler_c_o_F77=yes
lt_cv_prog_compiler_rtti_exceptions=no
lt_cv_prog_gnu_ld=yes
lt_cv_prog_gnu_ldcxx=yes
lt_cv_sys_global_symbol_pipe='sed -n -e '\''s/^.*[ 	]\([ABCDGIRSTW][ABCDGIRSTW]*\)[ 	][ 	]*\([_A-Za-z][_A-Za-z0-9]*\)$/\1 \2 \2/p'\'''
lt_cv_sys_global_symbol_to_c_name_address='sed -n -e '\''s/^: \([^ ]*\) $/  {\"\1\", (lt_ptr) 0},/p'\'' -e '\''s/^[BCDEGRST] \([^ ]*\) \([^ ]*\)$/  {"\2", (lt_ptr) \&\2},/p'\'''
lt_cv_sys_global_symbol_to_cdecl='sed -n -e '\''s/^. .* \(.*\)$/extern int \1;/p'\'''
lt_cv_sys_max_cmd_len=32768
lt_lt_cv_prog_compiler_c_o='"yes"'
lt_lt_cv_prog_compiler_c_o_CXX='"yes"'
lt_lt_cv_prog_compiler_c_o_F77='"yes"'
lt_lt_cv_sys_global_symbol_pipe='"sed -n -e '\''s/^.*[ 	]\\([ABCDGIRSTW][ABCDGIRSTW]*\\)[ 	][ 	]*\\([_A-Za-z][_A-Za-z0-9]*\\)\$/\\1 \\2 \\2/p'\''"'
lt_lt_cv_sys_global_symbol_to_c_name_address='"sed -n -e '\''s/^: \\([^ ]*\\) \$/  {\\\"\\1\\\", (lt_ptr) 0},/p'\'' -e '\''s/^[BCDEGRST] \\([^ ]*\\) \\([^ ]*\\)\$/  {\"\\2\", (lt_ptr) \\&\\2},/p'\''"'
lt_lt_cv_sys_global_symbol_to_cdecl='"sed -n -e '\''s/^. .* \\(.*\\)\$/extern int \\1;/p'\''"'

## ----------------- ##
## Output variables. ##
## ----------------- ##

ACLOCAL='${SHELL} /working/NS65/source/library/giflib-4.1.4/missing --run aclocal-1.9'
AMDEPBACKSLASH='\'
AMDEP_FALSE='#'
AMDEP_TRUE=''
AMTAR='${SHELL} /working/NS65/source/library/giflib-4.1.4/missing --run tar'
AR='arm-linux-gnueabi-ar'
AUTOCONF='${SHELL} /working/NS65/source/library/giflib-4.1.4/missing --run autoconf'
AUTOHEADER='${SHELL} /working/NS65/source/library/giflib-4.1.4/missing --run autoheader'
AUTOMAKE='${SHELL} /working/NS65/source/library/giflib-4.1.4/missing --run automake-1.9'
AWK='gawk'
CC='arm-linux-gnueabi-gcc'
CCDEPMODE='depmode=gcc3'
CFLAGS='-g -O2'
COMPILABLE_EXTRAS=' gifclrmp gifrotat'
CPP='arm-linux-gnueabi-gcc -E'
CPPFLAGS=''
CXX='arm-linux-gnueabi-g++'
CXXCPP='arm-linux-gnueabi-g++ -E'
CXXDEPMODE='depmode=gcc3'
CXXFLAGS='-g -O2'
CYGPATH_W='echo'
DEFS='-DHAVE_CONFIG_H'
DEPDIR='.deps'
DEVS=' '
ECHO='echo'
ECHO_C=''
ECHO_N='-n'
ECHO_T=''
EGREP='grep -E'
EXEEXT=''
F77='arm-linux-gnueabi-g77'
FFLAGS='-g -O2'
GL_S_LIB=''
INSTALL_DATA='${INSTALL} -m 644'
INSTALL_PROGRAM='${INSTALL}'
INSTALL_SCRIPT='${INSTALL}'
INSTALL_STRIP_PROGRAM='${SHELL} $(install_sh) -c -s'
LDFLAGS=''
LIBOBJS=' memcmp$U.o'
LIBS=''
LIBTOOL='$(SHELL) $(top_builddir)/libtool'
LN_S='ln -s'
LTLIBOBJS=' memcmp$U.lo'
MAKEINFO='${SHELL} /working/NS65/source/library/giflib-4.1.4/missing --run makeinfo'
MATH_LIB=' -lm'
OBJEXT='o'
PACKAGE='giflib'
PACKAGE_BUGREPORT='abadger1999@sourceforge.net'
PACKAGE_NAME='giflib'
PACKAGE_STRING='giflib 4.1.4'
PACKAGE_TARNAME='giflib'
PACKAGE_VERSION='4.1.4'
PATH_SEPARATOR=':'
RANLIB='arm-linux-gnueabi-ranlib'
RLE_LIB=''
SET_MAKE=''
SHELL='/bin/sh'
STRIP='arm-linux-gnueabi-strip'
VERSION='4.1.4'
X11_LIB=''
X_CFLAGS=' -I/usr/include'
X_EXTRA_LIBS=''
X_LIBS=' -L/usr/X11R6/lib'
X_PRE_LIBS=''
ac_ct_AR=''
ac_ct_CC=''
ac_ct_CXX=''
ac_ct_F77=''
ac_ct_RANLIB=''
ac_ct_STRIP=''
am__fastdepCC_FALSE='#'
am__fastdepCC_TRUE=''
am__fastdepCXX_FALSE='#'
am__fastdepCXX_TRUE=''
am__include='include'
am__leading_dot='.'
am__quote=''
am__tar='${AMTAR} chof - "$$tardir"'
am__untar='${AMTAR} xf -'
bindir='${exec_prefix}/bin'
build='i686-pc-linux-gnu'
build_alias=''
build_cpu='i686'
build_os='linux-gnu'
build_vendor='pc'
datadir='${prefix}/share'
exec_prefix='${prefix}'
host='arm-unknown-linux-gnueabi'
host_alias='arm-linux-gnueabi'
host_cpu='arm'
host_os='linux-gnueabi'
host_vendor='unknown'
includedir='${prefix}/include'
infodir='${prefix}/info'
install_sh='/working/NS65/source/library/giflib-4.1.4/install-sh'
libdir='${exec_prefix}/lib'
libexecdir='${exec_prefix}/libexec'
localstatedir='${prefix}/var'
mandir='${prefix}/man'
mkdir_p='mkdir -p --'
oldincludedir='/usr/include'
prefix='/usr/local'
program_transform_name='s,x,x,'
sbindir='${exec_prefix}/sbin'
sharedstatedir='${prefix}/com'
sysconfdir='${prefix}/etc'
target_alias=''

## ----------- ##
## confdefs.h. ##
## ----------- ##

#define HAVE_DLFCN_H 1
#define HAVE_FCNTL_H 1
#define HAVE_INTTYPES_H 1
#define HAVE_MEMORY_H 1
#define HAVE_STDARG_H 1
#define HAVE_STDINT_H 1
#define HAVE_STDLIB_H 1
#define HAVE_STRDUP 1
#define HAVE_STRINGS_H 1
#define HAVE_STRING_H 1
#define HAVE_SYS_STAT_H 1
#define HAVE_SYS_TYPES_H 1
#define HAVE_SYS_TYPES_H 1
#define HAVE_UNISTD_H 1
#define HAVE_UNISTD_H 1
#define HAVE_VPRINTF 1
#define PACKAGE "giflib"
#define PACKAGE_BUGREPORT "abadger1999@sourceforge.net"
#define PACKAGE_NAME "giflib"
#define PACKAGE_STRING "giflib 4.1.4"
#define PACKAGE_TARNAME "giflib"
#define PACKAGE_VERSION "4.1.4"
#define PROTOTYPES 1
#define STDC_HEADERS 1
#define STDC_HEADERS 1
#define UINT32 u_int32_t
#define VERSION "4.1.4"
#define __PROTOTYPES 1
#endif
#ifdef __cplusplus
extern "C" void std::exit (int) throw (); using std::exit;

configure: exit 0
