This file contains any messages produced by compilers while
running configure, to aid debugging if configure makes a mistake.

It was created by ethtool configure 4.19, which was
generated by GNU Autoconf 2.69.  Invocation command line was

  $ ./configure --host=arm-linux --target=arm-linux --prefix=/

## --------- ##
## Platform. ##
## --------- ##

hostname = ubuntu
uname -m = i686
uname -r = 4.4.0-46-generic
uname -s = Linux
uname -v = #67-Ubuntu SMP Thu Oct 20 15:03:07 UTC 2016

/usr/bin/uname -p = unknown
/bin/uname -X     = unknown

/bin/arch              = unknown
/usr/bin/arch -k       = unknown
/usr/convex/getsysinfo = unknown
/usr/bin/hostinfo      = unknown
/bin/machine           = unknown
/usr/bin/oslevel       = unknown
/bin/universe          = unknown

PATH: /home2/martin/work/VOX3.0/build/../build/util
PATH: /opt/toolchains/crosstools-arm-gcc-5.3-linux-4.1-glibc-2.24-binutils-2.25//usr/bin
PATH: /opt/toolchains/crosstools-arm-gcc-5.3-linux-4.1-glibc-2.24-binutils-2.25//usr/bin
PATH: /home2/martin/work/VOX3.0/build/../drivers/DSL/bcm963xx_5.02L03/kernel/linux-4.1
PATH: /home2/martin/work/VOX3.0/build/../build
PATH: `pwd`
PATH: /home2/martin/work/VOX3.0/build/../build/util
PATH: /opt/toolchains/crosstools-arm-gcc-5.3-linux-4.1-glibc-2.24-binutils-2.25//usr/bin
PATH: /opt/toolchains/crosstools-arm-gcc-5.3-linux-4.1-glibc-2.24-binutils-2.25//usr/bin
PATH: /home2/martin/work/VOX3.0/build/../drivers/DSL/bcm963xx_5.02L03/kernel/linux-4.1
PATH: /home2/martin/work/VOX3.0/build/../build
PATH: `pwd`
PATH: /usr/local/sbin
PATH: /usr/local/bin
PATH: /usr/sbin
PATH: /usr/bin
PATH: /sbin
PATH: /bin
PATH: /usr/games
PATH: /usr/local/games
PATH: /snap/bin


## ----------- ##
## Core tests. ##
## ----------- ##

configure:2043: checking for a BSD-compatible install
configure:2111: result: /usr/bin/install -c
configure:2122: checking whether build environment is sane
configure:2177: result: yes
configure:2236: checking for arm-linux-strip
configure:2263: result: arm-linux-strip
configure:2328: checking for a thread-safe mkdir -p
configure:2367: result: /bin/mkdir -p
configure:2374: checking for gawk
configure:2390: found /opt/toolchains/crosstools-arm-gcc-5.3-linux-4.1-glibc-2.24-binutils-2.25//usr/bin/gawk
configure:2401: result: gawk
configure:2412: checking whether make sets $(MAKE)
configure:2434: result: yes
configure:2463: checking whether make supports nested variables
configure:2480: result: yes
configure:2610: checking whether to enable maintainer-specific portions of Makefiles
configure:2619: result: no
configure:2641: checking for arm-linux-gcc
configure:2668: result: arm-linux-gcc
configure:2937: checking for C compiler version
configure:2946: arm-linux-gcc --version >&5
arm-linux-gcc.br_real (Buildroot 2016.02) 5.3.0
Copyright (C) 2015 Free Software Foundation, Inc.
This is free software; see the source for copying conditions.  There is NO
warranty; not even for MERCHANTABILITY or FITNESS FOR A PARTICULAR PURPOSE.

configure:2957: $? = 0
configure:2946: arm-linux-gcc -v >&5
Using built-in specs.
COLLECT_GCC=/opt/toolchains/crosstools-arm-gcc-5.3-linux-4.1-glibc-2.24-binutils-2.25/usr/bin/arm-linux-gcc.br_real
COLLECT_LTO_WRAPPER=/opt/toolchains/crosstools-arm-gcc-5.3-linux-4.1-glibc-2.24-binutils-2.25/usr/libexec/gcc/arm-buildroot-linux-gnueabi/5.3.0/lto-wrapper
Target: arm-buildroot-linux-gnueabi
Configured with: ./configure --prefix=/opt/toolchains/crosstools-arm-gcc-5.3-linux-4.1-glibc-2.24-binutils-2.25/usr --sysconfdir=/opt/toolchains/crosstools-arm-gcc-5.3-linux-4.1-glibc-2.24-binutils-2.25/etc --enable-static --target=arm-buildroot-linux-gnueabi --with-sysroot=/opt/toolchains/crosstools-arm-gcc-5.3-linux-4.1-glibc-2.24-binutils-2.25/usr/arm-buildroot-linux-gnueabi/sysroot --disable-__cxa_atexit --with-gnu-ld --disable-libssp --disable-multilib --with-gmp=/opt/toolchains/crosstools-arm-gcc-5.3-linux-4.1-glibc-2.24-binutils-2.25/usr --with-mpfr=/opt/toolchains/crosstools-arm-gcc-5.3-linux-4.1-glibc-2.24-binutils-2.25/usr --with-pkgversion='Buildroot 2016.02' --with-bugurl=http://bugs.buildroot.net/ --disable-libquadmath --enable-tls --disable-libmudflap --enable-threads --with-mpc=/opt/toolchains/crosstools-arm-gcc-5.3-linux-4.1-glibc-2.24-binutils-2.25/usr --without-isl --without-cloog --with-float=soft --disable-decimal-float --with-abi=aapcs-linux --with-cpu=cortex-a9 --with-float=soft --with-mode=arm --enable-languages=c,c++ --with-build-time-tools=/opt/toolchains/crosstools-arm-gcc-5.3-linux-4.1-glibc-2.24-binutils-2.25/usr/arm-buildroot-linux-gnueabi/bin --enable-shared --disable-libgomp
Thread model: posix
gcc version 5.3.0 (Buildroot 2016.02) 
configure:2957: $? = 0
configure:2946: arm-linux-gcc -V >&5
arm-linux-gcc.br_real: error: unrecognized command line option '-V'
arm-linux-gcc.br_real: fatal error: no input files
compilation terminated.
configure:2957: $? = 1
configure:2946: arm-linux-gcc -qversion >&5
arm-linux-gcc.br_real: error: unrecognized command line option '-qversion'
arm-linux-gcc.br_real: fatal error: no input files
compilation terminated.
configure:2957: $? = 1
configure:2977: checking whether the C compiler works
configure:2999: arm-linux-gcc -DVFIT -DSC_CUSTOMER=\"VFIT\" -DVOX30 -DPRODUCT_TYPE=\"VOX30\" -DFW_VERSION_PREFIX=\"XS\" -DSERCOMM -DSC_OEM=\"SERCOMM\" -DSC_OEM_OUI=\"BC15AC\" -DSC_SSID_PREFIX=\"Vodafone\" -DSPECIAL_ARPPING_URI_DEFINE -DSUPPORT_RESET_ALL_CONFIG -DLANGUAGE_SUPPORT=\"en\" -DSC_OPCO=\"it\" -DCONFIG_SUPPORT_USER_MANAGEMENT_BY_ENDUSER -DCONFIG_SUPPORT_WEEK_DATE -DSC_MANUFACTUREERURL=\"www.sercomm.com\" -DSC_MODELURL=\"www.vodafone.com\" -DCONFIG_SUPPORT_BLOCKING_ACCESS_TO_NEW_DEVICES -DCONFIG_SUPPORT_ARP_TABLE_FILTER -DCONFIG_SUPPORT_DYNAMIC_CLI_PROMOTE -DSC_HW_VERSION=\"v2\" -DSC_OEM_OUI_STRING=\"_VODAFONE_\" -DBRCM_502 -DCONFIG_SUPPORT_PASSWORD_PROTECTION -DMULTI_LEVEL_CONFIG -DCONFIG_SAFE_NETWORK -DCONFIG_SUPPORT_WEB_PRIVOXY -DCONFIG_SCM_SUPPORT -D__SC_BUILD__ -DVOX30_SFP -DVOX_LED_SPEC -DCONFIG_SUPPORT_NEW_LED_BEHAV -DSC_MIXVENDOR_SPT -DSC_VOIP_SUPPORT_PBX -DSC_VOIP_SUPPORT_SILENT_CALL -D_SC_SPI_FIREWALL_ -DSUPPORT_OMCI -DSUPPORT_WIFI -DCONFIG_SUPPORT_WIFI -DSUPPORT_MIMO -DSUPPORT_WSC -DWMF -DSUPPORT_WIFI_BRCM -DSUPPORT_WIFI_11N_CERTIFICATE -DSUPPORT_WIFI_WPS_CERTIFICATE -DSUPPORT_VOIP -DSUPPORT_ROUTER -DCONFIG_SUPPORT_CHRONY -DSUPPORT_HWNAT -DSUPPORT_MULTIWAN_DOMAIN -DSUPPORT_MULTIWAN_NTP_BINDIP -DSUPPORT_SNMP -DSUPPORT_TR069 -DSUPPORT_SSHD -DSUPPORT_DUALIMAGE -DSCM_PACKET_MARK -DSUPPORT_USB_STORAGE -DCONFIG_SUPPORT_SAMBA_VERSION_36 -DSUPPORT_USB_PRINTER -DCONFIG_SUPPORT_IPV6 -DCML_CONVERT_BOOL -DSUPPORT_STATISTICS_NOTIFICATION -DCONFIG_SUPPORT_MEDIA_SERVER -DCONFIG_SUPPORT_DSL -DCONFIG_SUPPORT_VDSL -DCONFIG_SUPPORT_QOS -DCONFIG_SUPPORT_AUTO_SENSE -DCONFIG_SUPPORT_JSON -DCONFIG_BRCM_SUPPORT -DCONFIG_BRCM_SUPPORT_VMUX -DCONFIG_SUPPORT_PRIVATE_HOSTNAME -DHTTP_LOGIN_COOKIE -DCONFIG_SUPPORT_REDIRECT -DCONFIG_SUPPORT_CWMP_RANDOM_PORT -DCONFIG_SUPPORT_WIZARD -DCONFIG_SUPPORT_3G -DCONFIG_SUPPORT_SMS -DCONFIG_SUPPORT_K4203 -DCONFIG_SUPPORT_K5150 -DCONFIG_SUPPORT_3G_BACKUP -DCONFIG_SUPPORT_FIRST_AUTO_DOD -DCONFIG_SUPPORT_VOCS -DSUPPORT_PHONE_PIN_WIZARD -DCONFIG_SUPPORT_WAN_BACKUP -DCONFIG_SUPPORT_ENCRYPTION_AES -DCONFIG_SUPPORT_DEBUG -DCONFIG_SUPPORT_IPTV -DCONFIG_SUPPORT_FON -DCONFIG_SUPPORT_RUNNER -DCONFIG_SUPPORT_L2TP -DCONFIG_SUPPORT_WIFI_MSSID -DCONFIG_USE_DNSMASQ -DCONFIG_SUPPORT_WIFI_5G -DCONFIG_SUPPORT_5G_BRCM -DCONFIG_SUPPORT_STATIC_NAT -DSUPPORT_TWO_FXS -DCONFIG_SUPPORT_WEBAPI -DCONFIG_SUPPORT_UBUS -DCONFIG_SUPPORT_PRPL_HL_API -DCONFIG_SUPPORT_IPERF -DCONFIG_SUPPORT_BANDSTEERING -DCONFIG_SUPPORT_WOLAN -DCONFIG_SUPPORT_ENERGY_SAVING -DCONFIG_SUPPORT_SJCL_ENCRYPT -DCONFIG_SUPPORT_CGN -DCONFIG_SUPPORT_SEC_BOOT -DCONFIG_SUPPORT_AUTO_DETECT -DCONFIG_SUPPORT_DSL_FTTH_SWITCH -DCONFIG_SUPPORT_L2TP_CLIENT -DCONFIG_SUPPORT_L2TP_SERVER -DCONFIG_SUPPORT_PPTP_CLIENT -DCONFIG_SUPPORT_PPTP_SERVER -DCONFIG_CRASH_LOG -DCONFIG_SUPPORT_IPSEC_CLIENT -DCONFIG_SUPPORT_NATLOOPBACK -DCONFIG_SUPPORT_PACKAGE -DCONFIG_SUPPORT_BOOSTER_MODE -DCONFIG_PPP_SUPPORT_PADM_PADN -DCONFIG_SUPPORT_TR157 -DCONFIG_SUPPORT_LCM -DCONFIG_SUPPORT_SUPERWIFI -fstack-protector -DCONFIG_SUPPORT_SMARTTHING -DCONFIG_SUPPORT_HA -DCONFIG_SUPPORT_MQTT -DFW_VERSION_PREFIX=\"XS\" -DSC_OEM_OUI=\"BC15AC\" -DSC_SSID_PREFIX=\"Vodafone\" -DSPECIAL_ARPPING_URI_DEFINE -DSUPPORT_RESET_ALL_CONFIG -DLANGUAGE_SUPPORT=\"en\" -DSC_OPCO=\"it\" -DCONFIG_SUPPORT_USER_MANAGEMENT_BY_ENDUSER -DCONFIG_SUPPORT_WEEK_DATE -DSC_MANUFACTUREERURL=\"www.sercomm.com\" -DSC_MODELURL=\"www.vodafone.com\" -DCONFIG_SUPPORT_BLOCKING_ACCESS_TO_NEW_DEVICES -DCONFIG_SUPPORT_ARP_TABLE_FILTER -DCONFIG_SUPPORT_DYNAMIC_CLI_PROMOTE -DSC_HW_VERSION=\"v2\" -DSC_OEM_OUI_STRING=\"_VODAFONE_\" -DBRCM_502 -DCONFIG_SUPPORT_PASSWORD_PROTECTION -DMULTI_LEVEL_CONFIG -DCONFIG_SAFE_NETWORK -DCONFIG_SUPPORT_WEB_PRIVOXY -DCONFIG_SCM_SUPPORT -D__SC_BUILD__ -DVOX30_SFP -DVOX_LED_SPEC -DCONFIG_SUPPORT_NEW_LED_BEHAV -DSC_MIXVENDOR_SPT -DSC_VOIP_SUPPORT_PBX -DSC_VOIP_SUPPORT_SILENT_CALL -D_SC_SPI_FIREWALL_ -DSUPPORT_OMCI -DSUPPORT_WIFI -DCONFIG_SUPPORT_WIFI -DSUPPORT_MIMO -DSUPPORT_WSC -DWMF -DSUPPORT_WIFI_BRCM -DSUPPORT_WIFI_11N_CERTIFICATE -DSUPPORT_WIFI_WPS_CERTIFICATE -DSUPPORT_VOIP -DSUPPORT_ROUTER -DCONFIG_SUPPORT_CHRONY -DSUPPORT_HWNAT -DSUPPORT_MULTIWAN_DOMAIN -DSUPPORT_MULTIWAN_NTP_BINDIP -DSUPPORT_SNMP -DSUPPORT_TR069 -DSUPPORT_SSHD -DSUPPORT_DUALIMAGE -DSCM_PACKET_MARK -DSUPPORT_USB_STORAGE -DCONFIG_SUPPORT_SAMBA_VERSION_36 -DSUPPORT_USB_PRINTER -DCONFIG_SUPPORT_IPV6 -DCML_CONVERT_BOOL -DSUPPORT_STATISTICS_NOTIFICATION -DCONFIG_SUPPORT_MEDIA_SERVER -DCONFIG_SUPPORT_DSL -DCONFIG_SUPPORT_VDSL -DCONFIG_SUPPORT_QOS -DCONFIG_SUPPORT_AUTO_SENSE -DCONFIG_SUPPORT_JSON -DCONFIG_BRCM_SUPPORT -DCONFIG_BRCM_SUPPORT_VMUX -DCONFIG_SUPPORT_PRIVATE_HOSTNAME -DHTTP_LOGIN_COOKIE -DCONFIG_SUPPORT_REDIRECT -DCONFIG_SUPPORT_CWMP_RANDOM_PORT -DCONFIG_SUPPORT_WIZARD -DCONFIG_SUPPORT_3G -DCONFIG_SUPPORT_SMS -DCONFIG_SUPPORT_K4203 -DCONFIG_SUPPORT_K5150 -DCONFIG_SUPPORT_3G_BACKUP -DCONFIG_SUPPORT_FIRST_AUTO_DOD -DCONFIG_SUPPORT_VOCS -DSUPPORT_PHONE_PIN_WIZARD -DCONFIG_SUPPORT_WAN_BACKUP -DCONFIG_SUPPORT_ENCRYPTION_AES -DCONFIG_SUPPORT_DEBUG -DCONFIG_SUPPORT_IPTV -DCONFIG_SUPPORT_FON -DCONFIG_SUPPORT_RUNNER -DCONFIG_SUPPORT_L2TP -DCONFIG_SUPPORT_WIFI_MSSID -DCONFIG_USE_DNSMASQ -DCONFIG_SUPPORT_WIFI_5G -DCONFIG_SUPPORT_5G_BRCM -DCONFIG_SUPPORT_STATIC_NAT -DSUPPORT_TWO_FXS -DCONFIG_SUPPORT_WEBAPI -DCONFIG_SUPPORT_UBUS -DCONFIG_SUPPORT_PRPL_HL_API -DCONFIG_SUPPORT_IPERF -DCONFIG_SUPPORT_BANDSTEERING -DCONFIG_SUPPORT_WOLAN -DCONFIG_SUPPORT_ENERGY_SAVING -DCONFIG_SUPPORT_SJCL_ENCRYPT -DCONFIG_SUPPORT_CGN -DCONFIG_SUPPORT_SEC_BOOT -DCONFIG_SUPPORT_AUTO_DETECT -DCONFIG_SUPPORT_DSL_FTTH_SWITCH -DCONFIG_SUPPORT_L2TP_CLIENT -DCONFIG_SUPPORT_L2TP_SERVER -DCONFIG_SUPPORT_PPTP_CLIENT -DCONFIG_SUPPORT_PPTP_SERVER -DCONFIG_CRASH_LOG -DCONFIG_SUPPORT_IPSEC_CLIENT -DCONFIG_SUPPORT_NATLOOPBACK -DCONFIG_SUPPORT_PACKAGE -DCONFIG_SUPPORT_BOOSTER_MODE -DCONFIG_PPP_SUPPORT_PADM_PADN -DCONFIG_SUPPORT_TR157 -DCONFIG_SUPPORT_LCM -DCONFIG_SUPPORT_SUPERWIFI -fstack-protector -DCONFIG_SUPPORT_SMARTTHING -DCONFIG_SUPPORT_HA -DCONFIG_SUPPORT_MQTT   conftest.c  >&5
<command-line>:0:14: warning: missing terminating " character
<command-line>:0:15: warning: missing terminating " character
<command-line>:0:20: warning: missing terminating " character
<command-line>:0:9: warning: missing terminating " character
<command-line>:0:13: warning: missing terminating " character
<command-line>:0:17: warning: missing terminating " character
<command-line>:0:19: warning: missing terminating " character
<command-line>:0:10: warning: missing terminating " character
<command-line>:0:22: warning: missing terminating " character
<command-line>:0:14: warning: missing terminating " character
<command-line>:0:16: warning: missing terminating " character
<command-line>:0:20: warning: missing terminating " character
<command-line>:0:20: warning: missing terminating " character
<command-line>:0:13: warning: missing terminating " character
<command-line>:0:17: warning: missing terminating " character
<command-line>:0:19: warning: missing terminating " character
<command-line>:0:10: warning: missing terminating " character
<command-line>:0:22: warning: missing terminating " character
<command-line>:0:14: warning: missing terminating " character
<command-line>:0:16: warning: missing terminating " character
<command-line>:0:20: warning: missing terminating " character
configure:3003: $? = 0
configure:3051: result: yes
configure:3054: checking for C compiler default output file name
configure:3056: result: a.out
configure:3062: checking for suffix of executables
configure:3069: arm-linux-gcc -o conftest -DVFIT -DSC_CUSTOMER=\"VFIT\" -DVOX30 -DPRODUCT_TYPE=\"VOX30\" -DFW_VERSION_PREFIX=\"XS\" -DSERCOMM -DSC_OEM=\"SERCOMM\" -DSC_OEM_OUI=\"BC15AC\" -DSC_SSID_PREFIX=\"Vodafone\" -DSPECIAL_ARPPING_URI_DEFINE -DSUPPORT_RESET_ALL_CONFIG -DLANGUAGE_SUPPORT=\"en\" -DSC_OPCO=\"it\" -DCONFIG_SUPPORT_USER_MANAGEMENT_BY_ENDUSER -DCONFIG_SUPPORT_WEEK_DATE -DSC_MANUFACTUREERURL=\"www.sercomm.com\" -DSC_MODELURL=\"www.vodafone.com\" -DCONFIG_SUPPORT_BLOCKING_ACCESS_TO_NEW_DEVICES -DCONFIG_SUPPORT_ARP_TABLE_FILTER -DCONFIG_SUPPORT_DYNAMIC_CLI_PROMOTE -DSC_HW_VERSION=\"v2\" -DSC_OEM_OUI_STRING=\"_VODAFONE_\" -DBRCM_502 -DCONFIG_SUPPORT_PASSWORD_PROTECTION -DMULTI_LEVEL_CONFIG -DCONFIG_SAFE_NETWORK -DCONFIG_SUPPORT_WEB_PRIVOXY -DCONFIG_SCM_SUPPORT -D__SC_BUILD__ -DVOX30_SFP -DVOX_LED_SPEC -DCONFIG_SUPPORT_NEW_LED_BEHAV -DSC_MIXVENDOR_SPT -DSC_VOIP_SUPPORT_PBX -DSC_VOIP_SUPPORT_SILENT_CALL -D_SC_SPI_FIREWALL_ -DSUPPORT_OMCI -DSUPPORT_WIFI -DCONFIG_SUPPORT_WIFI -DSUPPORT_MIMO -DSUPPORT_WSC -DWMF -DSUPPORT_WIFI_BRCM -DSUPPORT_WIFI_11N_CERTIFICATE -DSUPPORT_WIFI_WPS_CERTIFICATE -DSUPPORT_VOIP -DSUPPORT_ROUTER -DCONFIG_SUPPORT_CHRONY -DSUPPORT_HWNAT -DSUPPORT_MULTIWAN_DOMAIN -DSUPPORT_MULTIWAN_NTP_BINDIP -DSUPPORT_SNMP -DSUPPORT_TR069 -DSUPPORT_SSHD -DSUPPORT_DUALIMAGE -DSCM_PACKET_MARK -DSUPPORT_USB_STORAGE -DCONFIG_SUPPORT_SAMBA_VERSION_36 -DSUPPORT_USB_PRINTER -DCONFIG_SUPPORT_IPV6 -DCML_CONVERT_BOOL -DSUPPORT_STATISTICS_NOTIFICATION -DCONFIG_SUPPORT_MEDIA_SERVER -DCONFIG_SUPPORT_DSL -DCONFIG_SUPPORT_VDSL -DCONFIG_SUPPORT_QOS -DCONFIG_SUPPORT_AUTO_SENSE -DCONFIG_SUPPORT_JSON -DCONFIG_BRCM_SUPPORT -DCONFIG_BRCM_SUPPORT_VMUX -DCONFIG_SUPPORT_PRIVATE_HOSTNAME -DHTTP_LOGIN_COOKIE -DCONFIG_SUPPORT_REDIRECT -DCONFIG_SUPPORT_CWMP_RANDOM_PORT -DCONFIG_SUPPORT_WIZARD -DCONFIG_SUPPORT_3G -DCONFIG_SUPPORT_SMS -DCONFIG_SUPPORT_K4203 -DCONFIG_SUPPORT_K5150 -DCONFIG_SUPPORT_3G_BACKUP -DCONFIG_SUPPORT_FIRST_AUTO_DOD -DCONFIG_SUPPORT_VOCS -DSUPPORT_PHONE_PIN_WIZARD -DCONFIG_SUPPORT_WAN_BACKUP -DCONFIG_SUPPORT_ENCRYPTION_AES -DCONFIG_SUPPORT_DEBUG -DCONFIG_SUPPORT_IPTV -DCONFIG_SUPPORT_FON -DCONFIG_SUPPORT_RUNNER -DCONFIG_SUPPORT_L2TP -DCONFIG_SUPPORT_WIFI_MSSID -DCONFIG_USE_DNSMASQ -DCONFIG_SUPPORT_WIFI_5G -DCONFIG_SUPPORT_5G_BRCM -DCONFIG_SUPPORT_STATIC_NAT -DSUPPORT_TWO_FXS -DCONFIG_SUPPORT_WEBAPI -DCONFIG_SUPPORT_UBUS -DCONFIG_SUPPORT_PRPL_HL_API -DCONFIG_SUPPORT_IPERF -DCONFIG_SUPPORT_BANDSTEERING -DCONFIG_SUPPORT_WOLAN -DCONFIG_SUPPORT_ENERGY_SAVING -DCONFIG_SUPPORT_SJCL_ENCRYPT -DCONFIG_SUPPORT_CGN -DCONFIG_SUPPORT_SEC_BOOT -DCONFIG_SUPPORT_AUTO_DETECT -DCONFIG_SUPPORT_DSL_FTTH_SWITCH -DCONFIG_SUPPORT_L2TP_CLIENT -DCONFIG_SUPPORT_L2TP_SERVER -DCONFIG_SUPPORT_PPTP_CLIENT -DCONFIG_SUPPORT_PPTP_SERVER -DCONFIG_CRASH_LOG -DCONFIG_SUPPORT_IPSEC_CLIENT -DCONFIG_SUPPORT_NATLOOPBACK -DCONFIG_SUPPORT_PACKAGE -DCONFIG_SUPPORT_BOOSTER_MODE -DCONFIG_PPP_SUPPORT_PADM_PADN -DCONFIG_SUPPORT_TR157 -DCONFIG_SUPPORT_LCM -DCONFIG_SUPPORT_SUPERWIFI -fstack-protector -DCONFIG_SUPPORT_SMARTTHING -DCONFIG_SUPPORT_HA -DCONFIG_SUPPORT_MQTT -DFW_VERSION_PREFIX=\"XS\" -DSC_OEM_OUI=\"BC15AC\" -DSC_SSID_PREFIX=\"Vodafone\" -DSPECIAL_ARPPING_URI_DEFINE -DSUPPORT_RESET_ALL_CONFIG -DLANGUAGE_SUPPORT=\"en\" -DSC_OPCO=\"it\" -DCONFIG_SUPPORT_USER_MANAGEMENT_BY_ENDUSER -DCONFIG_SUPPORT_WEEK_DATE -DSC_MANUFACTUREERURL=\"www.sercomm.com\" -DSC_MODELURL=\"www.vodafone.com\" -DCONFIG_SUPPORT_BLOCKING_ACCESS_TO_NEW_DEVICES -DCONFIG_SUPPORT_ARP_TABLE_FILTER -DCONFIG_SUPPORT_DYNAMIC_CLI_PROMOTE -DSC_HW_VERSION=\"v2\" -DSC_OEM_OUI_STRING=\"_VODAFONE_\" -DBRCM_502 -DCONFIG_SUPPORT_PASSWORD_PROTECTION -DMULTI_LEVEL_CONFIG -DCONFIG_SAFE_NETWORK -DCONFIG_SUPPORT_WEB_PRIVOXY -DCONFIG_SCM_SUPPORT -D__SC_BUILD__ -DVOX30_SFP -DVOX_LED_SPEC -DCONFIG_SUPPORT_NEW_LED_BEHAV -DSC_MIXVENDOR_SPT -DSC_VOIP_SUPPORT_PBX -DSC_VOIP_SUPPORT_SILENT_CALL -D_SC_SPI_FIREWALL_ -DSUPPORT_OMCI -DSUPPORT_WIFI -DCONFIG_SUPPORT_WIFI -DSUPPORT_MIMO -DSUPPORT_WSC -DWMF -DSUPPORT_WIFI_BRCM -DSUPPORT_WIFI_11N_CERTIFICATE -DSUPPORT_WIFI_WPS_CERTIFICATE -DSUPPORT_VOIP -DSUPPORT_ROUTER -DCONFIG_SUPPORT_CHRONY -DSUPPORT_HWNAT -DSUPPORT_MULTIWAN_DOMAIN -DSUPPORT_MULTIWAN_NTP_BINDIP -DSUPPORT_SNMP -DSUPPORT_TR069 -DSUPPORT_SSHD -DSUPPORT_DUALIMAGE -DSCM_PACKET_MARK -DSUPPORT_USB_STORAGE -DCONFIG_SUPPORT_SAMBA_VERSION_36 -DSUPPORT_USB_PRINTER -DCONFIG_SUPPORT_IPV6 -DCML_CONVERT_BOOL -DSUPPORT_STATISTICS_NOTIFICATION -DCONFIG_SUPPORT_MEDIA_SERVER -DCONFIG_SUPPORT_DSL -DCONFIG_SUPPORT_VDSL -DCONFIG_SUPPORT_QOS -DCONFIG_SUPPORT_AUTO_SENSE -DCONFIG_SUPPORT_JSON -DCONFIG_BRCM_SUPPORT -DCONFIG_BRCM_SUPPORT_VMUX -DCONFIG_SUPPORT_PRIVATE_HOSTNAME -DHTTP_LOGIN_COOKIE -DCONFIG_SUPPORT_REDIRECT -DCONFIG_SUPPORT_CWMP_RANDOM_PORT -DCONFIG_SUPPORT_WIZARD -DCONFIG_SUPPORT_3G -DCONFIG_SUPPORT_SMS -DCONFIG_SUPPORT_K4203 -DCONFIG_SUPPORT_K5150 -DCONFIG_SUPPORT_3G_BACKUP -DCONFIG_SUPPORT_FIRST_AUTO_DOD -DCONFIG_SUPPORT_VOCS -DSUPPORT_PHONE_PIN_WIZARD -DCONFIG_SUPPORT_WAN_BACKUP -DCONFIG_SUPPORT_ENCRYPTION_AES -DCONFIG_SUPPORT_DEBUG -DCONFIG_SUPPORT_IPTV -DCONFIG_SUPPORT_FON -DCONFIG_SUPPORT_RUNNER -DCONFIG_SUPPORT_L2TP -DCONFIG_SUPPORT_WIFI_MSSID -DCONFIG_USE_DNSMASQ -DCONFIG_SUPPORT_WIFI_5G -DCONFIG_SUPPORT_5G_BRCM -DCONFIG_SUPPORT_STATIC_NAT -DSUPPORT_TWO_FXS -DCONFIG_SUPPORT_WEBAPI -DCONFIG_SUPPORT_UBUS -DCONFIG_SUPPORT_PRPL_HL_API -DCONFIG_SUPPORT_IPERF -DCONFIG_SUPPORT_BANDSTEERING -DCONFIG_SUPPORT_WOLAN -DCONFIG_SUPPORT_ENERGY_SAVING -DCONFIG_SUPPORT_SJCL_ENCRYPT -DCONFIG_SUPPORT_CGN -DCONFIG_SUPPORT_SEC_BOOT -DCONFIG_SUPPORT_AUTO_DETECT -DCONFIG_SUPPORT_DSL_FTTH_SWITCH -DCONFIG_SUPPORT_L2TP_CLIENT -DCONFIG_SUPPORT_L2TP_SERVER -DCONFIG_SUPPORT_PPTP_CLIENT -DCONFIG_SUPPORT_PPTP_SERVER -DCONFIG_CRASH_LOG -DCONFIG_SUPPORT_IPSEC_CLIENT -DCONFIG_SUPPORT_NATLOOPBACK -DCONFIG_SUPPORT_PACKAGE -DCONFIG_SUPPORT_BOOSTER_MODE -DCONFIG_PPP_SUPPORT_PADM_PADN -DCONFIG_SUPPORT_TR157 -DCONFIG_SUPPORT_LCM -DCONFIG_SUPPORT_SUPERWIFI -fstack-protector -DCONFIG_SUPPORT_SMARTTHING -DCONFIG_SUPPORT_HA -DCONFIG_SUPPORT_MQTT   conftest.c  >&5
<command-line>:0:14: warning: missing terminating " character
<command-line>:0:15: warning: missing terminating " character
<command-line>:0:20: warning: missing terminating " character
<command-line>:0:9: warning: missing terminating " character
<command-line>:0:13: warning: missing terminating " character
<command-line>:0:17: warning: missing terminating " character
<command-line>:0:19: warning: missing terminating " character
<command-line>:0:10: warning: missing terminating " character
<command-line>:0:22: warning: missing terminating " character
<command-line>:0:14: warning: missing terminating " character
<command-line>:0:16: warning: missing terminating " character
<command-line>:0:20: warning: missing terminating " character
<command-line>:0:20: warning: missing terminating " character
<command-line>:0:13: warning: missing terminating " character
<command-line>:0:17: warning: missing terminating " character
<command-line>:0:19: warning: missing terminating " character
<command-line>:0:10: warning: missing terminating " character
<command-line>:0:22: warning: missing terminating " character
<command-line>:0:14: warning: missing terminating " character
<command-line>:0:16: warning: missing terminating " character
<command-line>:0:20: warning: missing terminating " character
configure:3073: $? = 0
configure:3095: result: 
configure:3117: checking whether we are cross compiling
configure:3125: arm-linux-gcc -o conftest -DVFIT -DSC_CUSTOMER=\"VFIT\" -DVOX30 -DPRODUCT_TYPE=\"VOX30\" -DFW_VERSION_PREFIX=\"XS\" -DSERCOMM -DSC_OEM=\"SERCOMM\" -DSC_OEM_OUI=\"BC15AC\" -DSC_SSID_PREFIX=\"Vodafone\" -DSPECIAL_ARPPING_URI_DEFINE -DSUPPORT_RESET_ALL_CONFIG -DLANGUAGE_SUPPORT=\"en\" -DSC_OPCO=\"it\" -DCONFIG_SUPPORT_USER_MANAGEMENT_BY_ENDUSER -DCONFIG_SUPPORT_WEEK_DATE -DSC_MANUFACTUREERURL=\"www.sercomm.com\" -DSC_MODELURL=\"www.vodafone.com\" -DCONFIG_SUPPORT_BLOCKING_ACCESS_TO_NEW_DEVICES -DCONFIG_SUPPORT_ARP_TABLE_FILTER -DCONFIG_SUPPORT_DYNAMIC_CLI_PROMOTE -DSC_HW_VERSION=\"v2\" -DSC_OEM_OUI_STRING=\"_VODAFONE_\" -DBRCM_502 -DCONFIG_SUPPORT_PASSWORD_PROTECTION -DMULTI_LEVEL_CONFIG -DCONFIG_SAFE_NETWORK -DCONFIG_SUPPORT_WEB_PRIVOXY -DCONFIG_SCM_SUPPORT -D__SC_BUILD__ -DVOX30_SFP -DVOX_LED_SPEC -DCONFIG_SUPPORT_NEW_LED_BEHAV -DSC_MIXVENDOR_SPT -DSC_VOIP_SUPPORT_PBX -DSC_VOIP_SUPPORT_SILENT_CALL -D_SC_SPI_FIREWALL_ -DSUPPORT_OMCI -DSUPPORT_WIFI -DCONFIG_SUPPORT_WIFI -DSUPPORT_MIMO -DSUPPORT_WSC -DWMF -DSUPPORT_WIFI_BRCM -DSUPPORT_WIFI_11N_CERTIFICATE -DSUPPORT_WIFI_WPS_CERTIFICATE -DSUPPORT_VOIP -DSUPPORT_ROUTER -DCONFIG_SUPPORT_CHRONY -DSUPPORT_HWNAT -DSUPPORT_MULTIWAN_DOMAIN -DSUPPORT_MULTIWAN_NTP_BINDIP -DSUPPORT_SNMP -DSUPPORT_TR069 -DSUPPORT_SSHD -DSUPPORT_DUALIMAGE -DSCM_PACKET_MARK -DSUPPORT_USB_STORAGE -DCONFIG_SUPPORT_SAMBA_VERSION_36 -DSUPPORT_USB_PRINTER -DCONFIG_SUPPORT_IPV6 -DCML_CONVERT_BOOL -DSUPPORT_STATISTICS_NOTIFICATION -DCONFIG_SUPPORT_MEDIA_SERVER -DCONFIG_SUPPORT_DSL -DCONFIG_SUPPORT_VDSL -DCONFIG_SUPPORT_QOS -DCONFIG_SUPPORT_AUTO_SENSE -DCONFIG_SUPPORT_JSON -DCONFIG_BRCM_SUPPORT -DCONFIG_BRCM_SUPPORT_VMUX -DCONFIG_SUPPORT_PRIVATE_HOSTNAME -DHTTP_LOGIN_COOKIE -DCONFIG_SUPPORT_REDIRECT -DCONFIG_SUPPORT_CWMP_RANDOM_PORT -DCONFIG_SUPPORT_WIZARD -DCONFIG_SUPPORT_3G -DCONFIG_SUPPORT_SMS -DCONFIG_SUPPORT_K4203 -DCONFIG_SUPPORT_K5150 -DCONFIG_SUPPORT_3G_BACKUP -DCONFIG_SUPPORT_FIRST_AUTO_DOD -DCONFIG_SUPPORT_VOCS -DSUPPORT_PHONE_PIN_WIZARD -DCONFIG_SUPPORT_WAN_BACKUP -DCONFIG_SUPPORT_ENCRYPTION_AES -DCONFIG_SUPPORT_DEBUG -DCONFIG_SUPPORT_IPTV -DCONFIG_SUPPORT_FON -DCONFIG_SUPPORT_RUNNER -DCONFIG_SUPPORT_L2TP -DCONFIG_SUPPORT_WIFI_MSSID -DCONFIG_USE_DNSMASQ -DCONFIG_SUPPORT_WIFI_5G -DCONFIG_SUPPORT_5G_BRCM -DCONFIG_SUPPORT_STATIC_NAT -DSUPPORT_TWO_FXS -DCONFIG_SUPPORT_WEBAPI -DCONFIG_SUPPORT_UBUS -DCONFIG_SUPPORT_PRPL_HL_API -DCONFIG_SUPPORT_IPERF -DCONFIG_SUPPORT_BANDSTEERING -DCONFIG_SUPPORT_WOLAN -DCONFIG_SUPPORT_ENERGY_SAVING -DCONFIG_SUPPORT_SJCL_ENCRYPT -DCONFIG_SUPPORT_CGN -DCONFIG_SUPPORT_SEC_BOOT -DCONFIG_SUPPORT_AUTO_DETECT -DCONFIG_SUPPORT_DSL_FTTH_SWITCH -DCONFIG_SUPPORT_L2TP_CLIENT -DCONFIG_SUPPORT_L2TP_SERVER -DCONFIG_SUPPORT_PPTP_CLIENT -DCONFIG_SUPPORT_PPTP_SERVER -DCONFIG_CRASH_LOG -DCONFIG_SUPPORT_IPSEC_CLIENT -DCONFIG_SUPPORT_NATLOOPBACK -DCONFIG_SUPPORT_PACKAGE -DCONFIG_SUPPORT_BOOSTER_MODE -DCONFIG_PPP_SUPPORT_PADM_PADN -DCONFIG_SUPPORT_TR157 -DCONFIG_SUPPORT_LCM -DCONFIG_SUPPORT_SUPERWIFI -fstack-protector -DCONFIG_SUPPORT_SMARTTHING -DCONFIG_SUPPORT_HA -DCONFIG_SUPPORT_MQTT -DFW_VERSION_PREFIX=\"XS\" -DSC_OEM_OUI=\"BC15AC\" -DSC_SSID_PREFIX=\"Vodafone\" -DSPECIAL_ARPPING_URI_DEFINE -DSUPPORT_RESET_ALL_CONFIG -DLANGUAGE_SUPPORT=\"en\" -DSC_OPCO=\"it\" -DCONFIG_SUPPORT_USER_MANAGEMENT_BY_ENDUSER -DCONFIG_SUPPORT_WEEK_DATE -DSC_MANUFACTUREERURL=\"www.sercomm.com\" -DSC_MODELURL=\"www.vodafone.com\" -DCONFIG_SUPPORT_BLOCKING_ACCESS_TO_NEW_DEVICES -DCONFIG_SUPPORT_ARP_TABLE_FILTER -DCONFIG_SUPPORT_DYNAMIC_CLI_PROMOTE -DSC_HW_VERSION=\"v2\" -DSC_OEM_OUI_STRING=\"_VODAFONE_\" -DBRCM_502 -DCONFIG_SUPPORT_PASSWORD_PROTECTION -DMULTI_LEVEL_CONFIG -DCONFIG_SAFE_NETWORK -DCONFIG_SUPPORT_WEB_PRIVOXY -DCONFIG_SCM_SUPPORT -D__SC_BUILD__ -DVOX30_SFP -DVOX_LED_SPEC -DCONFIG_SUPPORT_NEW_LED_BEHAV -DSC_MIXVENDOR_SPT -DSC_VOIP_SUPPORT_PBX -DSC_VOIP_SUPPORT_SILENT_CALL -D_SC_SPI_FIREWALL_ -DSUPPORT_OMCI -DSUPPORT_WIFI -DCONFIG_SUPPORT_WIFI -DSUPPORT_MIMO -DSUPPORT_WSC -DWMF -DSUPPORT_WIFI_BRCM -DSUPPORT_WIFI_11N_CERTIFICATE -DSUPPORT_WIFI_WPS_CERTIFICATE -DSUPPORT_VOIP -DSUPPORT_ROUTER -DCONFIG_SUPPORT_CHRONY -DSUPPORT_HWNAT -DSUPPORT_MULTIWAN_DOMAIN -DSUPPORT_MULTIWAN_NTP_BINDIP -DSUPPORT_SNMP -DSUPPORT_TR069 -DSUPPORT_SSHD -DSUPPORT_DUALIMAGE -DSCM_PACKET_MARK -DSUPPORT_USB_STORAGE -DCONFIG_SUPPORT_SAMBA_VERSION_36 -DSUPPORT_USB_PRINTER -DCONFIG_SUPPORT_IPV6 -DCML_CONVERT_BOOL -DSUPPORT_STATISTICS_NOTIFICATION -DCONFIG_SUPPORT_MEDIA_SERVER -DCONFIG_SUPPORT_DSL -DCONFIG_SUPPORT_VDSL -DCONFIG_SUPPORT_QOS -DCONFIG_SUPPORT_AUTO_SENSE -DCONFIG_SUPPORT_JSON -DCONFIG_BRCM_SUPPORT -DCONFIG_BRCM_SUPPORT_VMUX -DCONFIG_SUPPORT_PRIVATE_HOSTNAME -DHTTP_LOGIN_COOKIE -DCONFIG_SUPPORT_REDIRECT -DCONFIG_SUPPORT_CWMP_RANDOM_PORT -DCONFIG_SUPPORT_WIZARD -DCONFIG_SUPPORT_3G -DCONFIG_SUPPORT_SMS -DCONFIG_SUPPORT_K4203 -DCONFIG_SUPPORT_K5150 -DCONFIG_SUPPORT_3G_BACKUP -DCONFIG_SUPPORT_FIRST_AUTO_DOD -DCONFIG_SUPPORT_VOCS -DSUPPORT_PHONE_PIN_WIZARD -DCONFIG_SUPPORT_WAN_BACKUP -DCONFIG_SUPPORT_ENCRYPTION_AES -DCONFIG_SUPPORT_DEBUG -DCONFIG_SUPPORT_IPTV -DCONFIG_SUPPORT_FON -DCONFIG_SUPPORT_RUNNER -DCONFIG_SUPPORT_L2TP -DCONFIG_SUPPORT_WIFI_MSSID -DCONFIG_USE_DNSMASQ -DCONFIG_SUPPORT_WIFI_5G -DCONFIG_SUPPORT_5G_BRCM -DCONFIG_SUPPORT_STATIC_NAT -DSUPPORT_TWO_FXS -DCONFIG_SUPPORT_WEBAPI -DCONFIG_SUPPORT_UBUS -DCONFIG_SUPPORT_PRPL_HL_API -DCONFIG_SUPPORT_IPERF -DCONFIG_SUPPORT_BANDSTEERING -DCONFIG_SUPPORT_WOLAN -DCONFIG_SUPPORT_ENERGY_SAVING -DCONFIG_SUPPORT_SJCL_ENCRYPT -DCONFIG_SUPPORT_CGN -DCONFIG_SUPPORT_SEC_BOOT -DCONFIG_SUPPORT_AUTO_DETECT -DCONFIG_SUPPORT_DSL_FTTH_SWITCH -DCONFIG_SUPPORT_L2TP_CLIENT -DCONFIG_SUPPORT_L2TP_SERVER -DCONFIG_SUPPORT_PPTP_CLIENT -DCONFIG_SUPPORT_PPTP_SERVER -DCONFIG_CRASH_LOG -DCONFIG_SUPPORT_IPSEC_CLIENT -DCONFIG_SUPPORT_NATLOOPBACK -DCONFIG_SUPPORT_PACKAGE -DCONFIG_SUPPORT_BOOSTER_MODE -DCONFIG_PPP_SUPPORT_PADM_PADN -DCONFIG_SUPPORT_TR157 -DCONFIG_SUPPORT_LCM -DCONFIG_SUPPORT_SUPERWIFI -fstack-protector -DCONFIG_SUPPORT_SMARTTHING -DCONFIG_SUPPORT_HA -DCONFIG_SUPPORT_MQTT   conftest.c  >&5
<command-line>:0:14: warning: missing terminating " character
<command-line>:0:15: warning: missing terminating " character
<command-line>:0:20: warning: missing terminating " character
<command-line>:0:9: warning: missing terminating " character
<command-line>:0:13: warning: missing terminating " character
<command-line>:0:17: warning: missing terminating " character
<command-line>:0:19: warning: missing terminating " character
<command-line>:0:10: warning: missing terminating " character
<command-line>:0:22: warning: missing terminating " character
<command-line>:0:14: warning: missing terminating " character
<command-line>:0:16: warning: missing terminating " character
<command-line>:0:20: warning: missing terminating " character
<command-line>:0:20: warning: missing terminating " character
<command-line>:0:13: warning: missing terminating " character
<command-line>:0:17: warning: missing terminating " character
<command-line>:0:19: warning: missing terminating " character
<command-line>:0:10: warning: missing terminating " character
<command-line>:0:22: warning: missing terminating " character
<command-line>:0:14: warning: missing terminating " character
<command-line>:0:16: warning: missing terminating " character
<command-line>:0:20: warning: missing terminating " character
configure:3129: $? = 0
configure:3136: ./conftest
./configure: line 3138: ./conftest: cannot execute binary file: Exec format error
configure:3140: $? = 126
configure:3155: result: yes
configure:3160: checking for suffix of object files
configure:3182: arm-linux-gcc -c -DVFIT -DSC_CUSTOMER=\"VFIT\" -DVOX30 -DPRODUCT_TYPE=\"VOX30\" -DFW_VERSION_PREFIX=\"XS\" -DSERCOMM -DSC_OEM=\"SERCOMM\" -DSC_OEM_OUI=\"BC15AC\" -DSC_SSID_PREFIX=\"Vodafone\" -DSPECIAL_ARPPING_URI_DEFINE -DSUPPORT_RESET_ALL_CONFIG -DLANGUAGE_SUPPORT=\"en\" -DSC_OPCO=\"it\" -DCONFIG_SUPPORT_USER_MANAGEMENT_BY_ENDUSER -DCONFIG_SUPPORT_WEEK_DATE -DSC_MANUFACTUREERURL=\"www.sercomm.com\" -DSC_MODELURL=\"www.vodafone.com\" -DCONFIG_SUPPORT_BLOCKING_ACCESS_TO_NEW_DEVICES -DCONFIG_SUPPORT_ARP_TABLE_FILTER -DCONFIG_SUPPORT_DYNAMIC_CLI_PROMOTE -DSC_HW_VERSION=\"v2\" -DSC_OEM_OUI_STRING=\"_VODAFONE_\" -DBRCM_502 -DCONFIG_SUPPORT_PASSWORD_PROTECTION -DMULTI_LEVEL_CONFIG -DCONFIG_SAFE_NETWORK -DCONFIG_SUPPORT_WEB_PRIVOXY -DCONFIG_SCM_SUPPORT -D__SC_BUILD__ -DVOX30_SFP -DVOX_LED_SPEC -DCONFIG_SUPPORT_NEW_LED_BEHAV -DSC_MIXVENDOR_SPT -DSC_VOIP_SUPPORT_PBX -DSC_VOIP_SUPPORT_SILENT_CALL -D_SC_SPI_FIREWALL_ -DSUPPORT_OMCI -DSUPPORT_WIFI -DCONFIG_SUPPORT_WIFI -DSUPPORT_MIMO -DSUPPORT_WSC -DWMF -DSUPPORT_WIFI_BRCM -DSUPPORT_WIFI_11N_CERTIFICATE -DSUPPORT_WIFI_WPS_CERTIFICATE -DSUPPORT_VOIP -DSUPPORT_ROUTER -DCONFIG_SUPPORT_CHRONY -DSUPPORT_HWNAT -DSUPPORT_MULTIWAN_DOMAIN -DSUPPORT_MULTIWAN_NTP_BINDIP -DSUPPORT_SNMP -DSUPPORT_TR069 -DSUPPORT_SSHD -DSUPPORT_DUALIMAGE -DSCM_PACKET_MARK -DSUPPORT_USB_STORAGE -DCONFIG_SUPPORT_SAMBA_VERSION_36 -DSUPPORT_USB_PRINTER -DCONFIG_SUPPORT_IPV6 -DCML_CONVERT_BOOL -DSUPPORT_STATISTICS_NOTIFICATION -DCONFIG_SUPPORT_MEDIA_SERVER -DCONFIG_SUPPORT_DSL -DCONFIG_SUPPORT_VDSL -DCONFIG_SUPPORT_QOS -DCONFIG_SUPPORT_AUTO_SENSE -DCONFIG_SUPPORT_JSON -DCONFIG_BRCM_SUPPORT -DCONFIG_BRCM_SUPPORT_VMUX -DCONFIG_SUPPORT_PRIVATE_HOSTNAME -DHTTP_LOGIN_COOKIE -DCONFIG_SUPPORT_REDIRECT -DCONFIG_SUPPORT_CWMP_RANDOM_PORT -DCONFIG_SUPPORT_WIZARD -DCONFIG_SUPPORT_3G -DCONFIG_SUPPORT_SMS -DCONFIG_SUPPORT_K4203 -DCONFIG_SUPPORT_K5150 -DCONFIG_SUPPORT_3G_BACKUP -DCONFIG_SUPPORT_FIRST_AUTO_DOD -DCONFIG_SUPPORT_VOCS -DSUPPORT_PHONE_PIN_WIZARD -DCONFIG_SUPPORT_WAN_BACKUP -DCONFIG_SUPPORT_ENCRYPTION_AES -DCONFIG_SUPPORT_DEBUG -DCONFIG_SUPPORT_IPTV -DCONFIG_SUPPORT_FON -DCONFIG_SUPPORT_RUNNER -DCONFIG_SUPPORT_L2TP -DCONFIG_SUPPORT_WIFI_MSSID -DCONFIG_USE_DNSMASQ -DCONFIG_SUPPORT_WIFI_5G -DCONFIG_SUPPORT_5G_BRCM -DCONFIG_SUPPORT_STATIC_NAT -DSUPPORT_TWO_FXS -DCONFIG_SUPPORT_WEBAPI -DCONFIG_SUPPORT_UBUS -DCONFIG_SUPPORT_PRPL_HL_API -DCONFIG_SUPPORT_IPERF -DCONFIG_SUPPORT_BANDSTEERING -DCONFIG_SUPPORT_WOLAN -DCONFIG_SUPPORT_ENERGY_SAVING -DCONFIG_SUPPORT_SJCL_ENCRYPT -DCONFIG_SUPPORT_CGN -DCONFIG_SUPPORT_SEC_BOOT -DCONFIG_SUPPORT_AUTO_DETECT -DCONFIG_SUPPORT_DSL_FTTH_SWITCH -DCONFIG_SUPPORT_L2TP_CLIENT -DCONFIG_SUPPORT_L2TP_SERVER -DCONFIG_SUPPORT_PPTP_CLIENT -DCONFIG_SUPPORT_PPTP_SERVER -DCONFIG_CRASH_LOG -DCONFIG_SUPPORT_IPSEC_CLIENT -DCONFIG_SUPPORT_NATLOOPBACK -DCONFIG_SUPPORT_PACKAGE -DCONFIG_SUPPORT_BOOSTER_MODE -DCONFIG_PPP_SUPPORT_PADM_PADN -DCONFIG_SUPPORT_TR157 -DCONFIG_SUPPORT_LCM -DCONFIG_SUPPORT_SUPERWIFI -fstack-protector -DCONFIG_SUPPORT_SMARTTHING -DCONFIG_SUPPORT_HA -DCONFIG_SUPPORT_MQTT -DFW_VERSION_PREFIX=\"XS\" -DSC_OEM_OUI=\"BC15AC\" -DSC_SSID_PREFIX=\"Vodafone\" -DSPECIAL_ARPPING_URI_DEFINE -DSUPPORT_RESET_ALL_CONFIG -DLANGUAGE_SUPPORT=\"en\" -DSC_OPCO=\"it\" -DCONFIG_SUPPORT_USER_MANAGEMENT_BY_ENDUSER -DCONFIG_SUPPORT_WEEK_DATE -DSC_MANUFACTUREERURL=\"www.sercomm.com\" -DSC_MODELURL=\"www.vodafone.com\" -DCONFIG_SUPPORT_BLOCKING_ACCESS_TO_NEW_DEVICES -DCONFIG_SUPPORT_ARP_TABLE_FILTER -DCONFIG_SUPPORT_DYNAMIC_CLI_PROMOTE -DSC_HW_VERSION=\"v2\" -DSC_OEM_OUI_STRING=\"_VODAFONE_\" -DBRCM_502 -DCONFIG_SUPPORT_PASSWORD_PROTECTION -DMULTI_LEVEL_CONFIG -DCONFIG_SAFE_NETWORK -DCONFIG_SUPPORT_WEB_PRIVOXY -DCONFIG_SCM_SUPPORT -D__SC_BUILD__ -DVOX30_SFP -DVOX_LED_SPEC -DCONFIG_SUPPORT_NEW_LED_BEHAV -DSC_MIXVENDOR_SPT -DSC_VOIP_SUPPORT_PBX -DSC_VOIP_SUPPORT_SILENT_CALL -D_SC_SPI_FIREWALL_ -DSUPPORT_OMCI -DSUPPORT_WIFI -DCONFIG_SUPPORT_WIFI -DSUPPORT_MIMO -DSUPPORT_WSC -DWMF -DSUPPORT_WIFI_BRCM -DSUPPORT_WIFI_11N_CERTIFICATE -DSUPPORT_WIFI_WPS_CERTIFICATE -DSUPPORT_VOIP -DSUPPORT_ROUTER -DCONFIG_SUPPORT_CHRONY -DSUPPORT_HWNAT -DSUPPORT_MULTIWAN_DOMAIN -DSUPPORT_MULTIWAN_NTP_BINDIP -DSUPPORT_SNMP -DSUPPORT_TR069 -DSUPPORT_SSHD -DSUPPORT_DUALIMAGE -DSCM_PACKET_MARK -DSUPPORT_USB_STORAGE -DCONFIG_SUPPORT_SAMBA_VERSION_36 -DSUPPORT_USB_PRINTER -DCONFIG_SUPPORT_IPV6 -DCML_CONVERT_BOOL -DSUPPORT_STATISTICS_NOTIFICATION -DCONFIG_SUPPORT_MEDIA_SERVER -DCONFIG_SUPPORT_DSL -DCONFIG_SUPPORT_VDSL -DCONFIG_SUPPORT_QOS -DCONFIG_SUPPORT_AUTO_SENSE -DCONFIG_SUPPORT_JSON -DCONFIG_BRCM_SUPPORT -DCONFIG_BRCM_SUPPORT_VMUX -DCONFIG_SUPPORT_PRIVATE_HOSTNAME -DHTTP_LOGIN_COOKIE -DCONFIG_SUPPORT_REDIRECT -DCONFIG_SUPPORT_CWMP_RANDOM_PORT -DCONFIG_SUPPORT_WIZARD -DCONFIG_SUPPORT_3G -DCONFIG_SUPPORT_SMS -DCONFIG_SUPPORT_K4203 -DCONFIG_SUPPORT_K5150 -DCONFIG_SUPPORT_3G_BACKUP -DCONFIG_SUPPORT_FIRST_AUTO_DOD -DCONFIG_SUPPORT_VOCS -DSUPPORT_PHONE_PIN_WIZARD -DCONFIG_SUPPORT_WAN_BACKUP -DCONFIG_SUPPORT_ENCRYPTION_AES -DCONFIG_SUPPORT_DEBUG -DCONFIG_SUPPORT_IPTV -DCONFIG_SUPPORT_FON -DCONFIG_SUPPORT_RUNNER -DCONFIG_SUPPORT_L2TP -DCONFIG_SUPPORT_WIFI_MSSID -DCONFIG_USE_DNSMASQ -DCONFIG_SUPPORT_WIFI_5G -DCONFIG_SUPPORT_5G_BRCM -DCONFIG_SUPPORT_STATIC_NAT -DSUPPORT_TWO_FXS -DCONFIG_SUPPORT_WEBAPI -DCONFIG_SUPPORT_UBUS -DCONFIG_SUPPORT_PRPL_HL_API -DCONFIG_SUPPORT_IPERF -DCONFIG_SUPPORT_BANDSTEERING -DCONFIG_SUPPORT_WOLAN -DCONFIG_SUPPORT_ENERGY_SAVING -DCONFIG_SUPPORT_SJCL_ENCRYPT -DCONFIG_SUPPORT_CGN -DCONFIG_SUPPORT_SEC_BOOT -DCONFIG_SUPPORT_AUTO_DETECT -DCONFIG_SUPPORT_DSL_FTTH_SWITCH -DCONFIG_SUPPORT_L2TP_CLIENT -DCONFIG_SUPPORT_L2TP_SERVER -DCONFIG_SUPPORT_PPTP_CLIENT -DCONFIG_SUPPORT_PPTP_SERVER -DCONFIG_CRASH_LOG -DCONFIG_SUPPORT_IPSEC_CLIENT -DCONFIG_SUPPORT_NATLOOPBACK -DCONFIG_SUPPORT_PACKAGE -DCONFIG_SUPPORT_BOOSTER_MODE -DCONFIG_PPP_SUPPORT_PADM_PADN -DCONFIG_SUPPORT_TR157 -DCONFIG_SUPPORT_LCM -DCONFIG_SUPPORT_SUPERWIFI -fstack-protector -DCONFIG_SUPPORT_SMARTTHING -DCONFIG_SUPPORT_HA -DCONFIG_SUPPORT_MQTT  conftest.c >&5
<command-line>:0:14: warning: missing terminating " character
<command-line>:0:15: warning: missing terminating " character
<command-line>:0:20: warning: missing terminating " character
<command-line>:0:9: warning: missing terminating " character
<command-line>:0:13: warning: missing terminating " character
<command-line>:0:17: warning: missing terminating " character
<command-line>:0:19: warning: missing terminating " character
<command-line>:0:10: warning: missing terminating " character
<command-line>:0:22: warning: missing terminating " character
<command-line>:0:14: warning: missing terminating " character
<command-line>:0:16: warning: missing terminating " character
<command-line>:0:20: warning: missing terminating " character
<command-line>:0:20: warning: missing terminating " character
<command-line>:0:13: warning: missing terminating " character
<command-line>:0:17: warning: missing terminating " character
<command-line>:0:19: warning: missing terminating " character
<command-line>:0:10: warning: missing terminating " character
<command-line>:0:22: warning: missing terminating " character
<command-line>:0:14: warning: missing terminating " character
<command-line>:0:16: warning: missing terminating " character
<command-line>:0:20: warning: missing terminating " character
configure:3186: $? = 0
configure:3207: result: o
configure:3211: checking whether we are using the GNU C compiler
configure:3230: arm-linux-gcc -c -DVFIT -DSC_CUSTOMER=\"VFIT\" -DVOX30 -DPRODUCT_TYPE=\"VOX30\" -DFW_VERSION_PREFIX=\"XS\" -DSERCOMM -DSC_OEM=\"SERCOMM\" -DSC_OEM_OUI=\"BC15AC\" -DSC_SSID_PREFIX=\"Vodafone\" -DSPECIAL_ARPPING_URI_DEFINE -DSUPPORT_RESET_ALL_CONFIG -DLANGUAGE_SUPPORT=\"en\" -DSC_OPCO=\"it\" -DCONFIG_SUPPORT_USER_MANAGEMENT_BY_ENDUSER -DCONFIG_SUPPORT_WEEK_DATE -DSC_MANUFACTUREERURL=\"www.sercomm.com\" -DSC_MODELURL=\"www.vodafone.com\" -DCONFIG_SUPPORT_BLOCKING_ACCESS_TO_NEW_DEVICES -DCONFIG_SUPPORT_ARP_TABLE_FILTER -DCONFIG_SUPPORT_DYNAMIC_CLI_PROMOTE -DSC_HW_VERSION=\"v2\" -DSC_OEM_OUI_STRING=\"_VODAFONE_\" -DBRCM_502 -DCONFIG_SUPPORT_PASSWORD_PROTECTION -DMULTI_LEVEL_CONFIG -DCONFIG_SAFE_NETWORK -DCONFIG_SUPPORT_WEB_PRIVOXY -DCONFIG_SCM_SUPPORT -D__SC_BUILD__ -DVOX30_SFP -DVOX_LED_SPEC -DCONFIG_SUPPORT_NEW_LED_BEHAV -DSC_MIXVENDOR_SPT -DSC_VOIP_SUPPORT_PBX -DSC_VOIP_SUPPORT_SILENT_CALL -D_SC_SPI_FIREWALL_ -DSUPPORT_OMCI -DSUPPORT_WIFI -DCONFIG_SUPPORT_WIFI -DSUPPORT_MIMO -DSUPPORT_WSC -DWMF -DSUPPORT_WIFI_BRCM -DSUPPORT_WIFI_11N_CERTIFICATE -DSUPPORT_WIFI_WPS_CERTIFICATE -DSUPPORT_VOIP -DSUPPORT_ROUTER -DCONFIG_SUPPORT_CHRONY -DSUPPORT_HWNAT -DSUPPORT_MULTIWAN_DOMAIN -DSUPPORT_MULTIWAN_NTP_BINDIP -DSUPPORT_SNMP -DSUPPORT_TR069 -DSUPPORT_SSHD -DSUPPORT_DUALIMAGE -DSCM_PACKET_MARK -DSUPPORT_USB_STORAGE -DCONFIG_SUPPORT_SAMBA_VERSION_36 -DSUPPORT_USB_PRINTER -DCONFIG_SUPPORT_IPV6 -DCML_CONVERT_BOOL -DSUPPORT_STATISTICS_NOTIFICATION -DCONFIG_SUPPORT_MEDIA_SERVER -DCONFIG_SUPPORT_DSL -DCONFIG_SUPPORT_VDSL -DCONFIG_SUPPORT_QOS -DCONFIG_SUPPORT_AUTO_SENSE -DCONFIG_SUPPORT_JSON -DCONFIG_BRCM_SUPPORT -DCONFIG_BRCM_SUPPORT_VMUX -DCONFIG_SUPPORT_PRIVATE_HOSTNAME -DHTTP_LOGIN_COOKIE -DCONFIG_SUPPORT_REDIRECT -DCONFIG_SUPPORT_CWMP_RANDOM_PORT -DCONFIG_SUPPORT_WIZARD -DCONFIG_SUPPORT_3G -DCONFIG_SUPPORT_SMS -DCONFIG_SUPPORT_K4203 -DCONFIG_SUPPORT_K5150 -DCONFIG_SUPPORT_3G_BACKUP -DCONFIG_SUPPORT_FIRST_AUTO_DOD -DCONFIG_SUPPORT_VOCS -DSUPPORT_PHONE_PIN_WIZARD -DCONFIG_SUPPORT_WAN_BACKUP -DCONFIG_SUPPORT_ENCRYPTION_AES -DCONFIG_SUPPORT_DEBUG -DCONFIG_SUPPORT_IPTV -DCONFIG_SUPPORT_FON -DCONFIG_SUPPORT_RUNNER -DCONFIG_SUPPORT_L2TP -DCONFIG_SUPPORT_WIFI_MSSID -DCONFIG_USE_DNSMASQ -DCONFIG_SUPPORT_WIFI_5G -DCONFIG_SUPPORT_5G_BRCM -DCONFIG_SUPPORT_STATIC_NAT -DSUPPORT_TWO_FXS -DCONFIG_SUPPORT_WEBAPI -DCONFIG_SUPPORT_UBUS -DCONFIG_SUPPORT_PRPL_HL_API -DCONFIG_SUPPORT_IPERF -DCONFIG_SUPPORT_BANDSTEERING -DCONFIG_SUPPORT_WOLAN -DCONFIG_SUPPORT_ENERGY_SAVING -DCONFIG_SUPPORT_SJCL_ENCRYPT -DCONFIG_SUPPORT_CGN -DCONFIG_SUPPORT_SEC_BOOT -DCONFIG_SUPPORT_AUTO_DETECT -DCONFIG_SUPPORT_DSL_FTTH_SWITCH -DCONFIG_SUPPORT_L2TP_CLIENT -DCONFIG_SUPPORT_L2TP_SERVER -DCONFIG_SUPPORT_PPTP_CLIENT -DCONFIG_SUPPORT_PPTP_SERVER -DCONFIG_CRASH_LOG -DCONFIG_SUPPORT_IPSEC_CLIENT -DCONFIG_SUPPORT_NATLOOPBACK -DCONFIG_SUPPORT_PACKAGE -DCONFIG_SUPPORT_BOOSTER_MODE -DCONFIG_PPP_SUPPORT_PADM_PADN -DCONFIG_SUPPORT_TR157 -DCONFIG_SUPPORT_LCM -DCONFIG_SUPPORT_SUPERWIFI -fstack-protector -DCONFIG_SUPPORT_SMARTTHING -DCONFIG_SUPPORT_HA -DCONFIG_SUPPORT_MQTT -DFW_VERSION_PREFIX=\"XS\" -DSC_OEM_OUI=\"BC15AC\" -DSC_SSID_PREFIX=\"Vodafone\" -DSPECIAL_ARPPING_URI_DEFINE -DSUPPORT_RESET_ALL_CONFIG -DLANGUAGE_SUPPORT=\"en\" -DSC_OPCO=\"it\" -DCONFIG_SUPPORT_USER_MANAGEMENT_BY_ENDUSER -DCONFIG_SUPPORT_WEEK_DATE -DSC_MANUFACTUREERURL=\"www.sercomm.com\" -DSC_MODELURL=\"www.vodafone.com\" -DCONFIG_SUPPORT_BLOCKING_ACCESS_TO_NEW_DEVICES -DCONFIG_SUPPORT_ARP_TABLE_FILTER -DCONFIG_SUPPORT_DYNAMIC_CLI_PROMOTE -DSC_HW_VERSION=\"v2\" -DSC_OEM_OUI_STRING=\"_VODAFONE_\" -DBRCM_502 -DCONFIG_SUPPORT_PASSWORD_PROTECTION -DMULTI_LEVEL_CONFIG -DCONFIG_SAFE_NETWORK -DCONFIG_SUPPORT_WEB_PRIVOXY -DCONFIG_SCM_SUPPORT -D__SC_BUILD__ -DVOX30_SFP -DVOX_LED_SPEC -DCONFIG_SUPPORT_NEW_LED_BEHAV -DSC_MIXVENDOR_SPT -DSC_VOIP_SUPPORT_PBX -DSC_VOIP_SUPPORT_SILENT_CALL -D_SC_SPI_FIREWALL_ -DSUPPORT_OMCI -DSUPPORT_WIFI -DCONFIG_SUPPORT_WIFI -DSUPPORT_MIMO -DSUPPORT_WSC -DWMF -DSUPPORT_WIFI_BRCM -DSUPPORT_WIFI_11N_CERTIFICATE -DSUPPORT_WIFI_WPS_CERTIFICATE -DSUPPORT_VOIP -DSUPPORT_ROUTER -DCONFIG_SUPPORT_CHRONY -DSUPPORT_HWNAT -DSUPPORT_MULTIWAN_DOMAIN -DSUPPORT_MULTIWAN_NTP_BINDIP -DSUPPORT_SNMP -DSUPPORT_TR069 -DSUPPORT_SSHD -DSUPPORT_DUALIMAGE -DSCM_PACKET_MARK -DSUPPORT_USB_STORAGE -DCONFIG_SUPPORT_SAMBA_VERSION_36 -DSUPPORT_USB_PRINTER -DCONFIG_SUPPORT_IPV6 -DCML_CONVERT_BOOL -DSUPPORT_STATISTICS_NOTIFICATION -DCONFIG_SUPPORT_MEDIA_SERVER -DCONFIG_SUPPORT_DSL -DCONFIG_SUPPORT_VDSL -DCONFIG_SUPPORT_QOS -DCONFIG_SUPPORT_AUTO_SENSE -DCONFIG_SUPPORT_JSON -DCONFIG_BRCM_SUPPORT -DCONFIG_BRCM_SUPPORT_VMUX -DCONFIG_SUPPORT_PRIVATE_HOSTNAME -DHTTP_LOGIN_COOKIE -DCONFIG_SUPPORT_REDIRECT -DCONFIG_SUPPORT_CWMP_RANDOM_PORT -DCONFIG_SUPPORT_WIZARD -DCONFIG_SUPPORT_3G -DCONFIG_SUPPORT_SMS -DCONFIG_SUPPORT_K4203 -DCONFIG_SUPPORT_K5150 -DCONFIG_SUPPORT_3G_BACKUP -DCONFIG_SUPPORT_FIRST_AUTO_DOD -DCONFIG_SUPPORT_VOCS -DSUPPORT_PHONE_PIN_WIZARD -DCONFIG_SUPPORT_WAN_BACKUP -DCONFIG_SUPPORT_ENCRYPTION_AES -DCONFIG_SUPPORT_DEBUG -DCONFIG_SUPPORT_IPTV -DCONFIG_SUPPORT_FON -DCONFIG_SUPPORT_RUNNER -DCONFIG_SUPPORT_L2TP -DCONFIG_SUPPORT_WIFI_MSSID -DCONFIG_USE_DNSMASQ -DCONFIG_SUPPORT_WIFI_5G -DCONFIG_SUPPORT_5G_BRCM -DCONFIG_SUPPORT_STATIC_NAT -DSUPPORT_TWO_FXS -DCONFIG_SUPPORT_WEBAPI -DCONFIG_SUPPORT_UBUS -DCONFIG_SUPPORT_PRPL_HL_API -DCONFIG_SUPPORT_IPERF -DCONFIG_SUPPORT_BANDSTEERING -DCONFIG_SUPPORT_WOLAN -DCONFIG_SUPPORT_ENERGY_SAVING -DCONFIG_SUPPORT_SJCL_ENCRYPT -DCONFIG_SUPPORT_CGN -DCONFIG_SUPPORT_SEC_BOOT -DCONFIG_SUPPORT_AUTO_DETECT -DCONFIG_SUPPORT_DSL_FTTH_SWITCH -DCONFIG_SUPPORT_L2TP_CLIENT -DCONFIG_SUPPORT_L2TP_SERVER -DCONFIG_SUPPORT_PPTP_CLIENT -DCONFIG_SUPPORT_PPTP_SERVER -DCONFIG_CRASH_LOG -DCONFIG_SUPPORT_IPSEC_CLIENT -DCONFIG_SUPPORT_NATLOOPBACK -DCONFIG_SUPPORT_PACKAGE -DCONFIG_SUPPORT_BOOSTER_MODE -DCONFIG_PPP_SUPPORT_PADM_PADN -DCONFIG_SUPPORT_TR157 -DCONFIG_SUPPORT_LCM -DCONFIG_SUPPORT_SUPERWIFI -fstack-protector -DCONFIG_SUPPORT_SMARTTHING -DCONFIG_SUPPORT_HA -DCONFIG_SUPPORT_MQTT  conftest.c >&5
<command-line>:0:14: warning: missing terminating " character
<command-line>:0:15: warning: missing terminating " character
<command-line>:0:20: warning: missing terminating " character
<command-line>:0:9: warning: missing terminating " character
<command-line>:0:13: warning: missing terminating " character
<command-line>:0:17: warning: missing terminating " character
<command-line>:0:19: warning: missing terminating " character
<command-line>:0:10: warning: missing terminating " character
<command-line>:0:22: warning: missing terminating " character
<command-line>:0:14: warning: missing terminating " character
<command-line>:0:16: warning: missing terminating " character
<command-line>:0:20: warning: missing terminating " character
<command-line>:0:20: warning: missing terminating " character
<command-line>:0:13: warning: missing terminating " character
<command-line>:0:17: warning: missing terminating " character
<command-line>:0:19: warning: missing terminating " character
<command-line>:0:10: warning: missing terminating " character
<command-line>:0:22: warning: missing terminating " character
<command-line>:0:14: warning: missing terminating " character
<command-line>:0:16: warning: missing terminating " character
<command-line>:0:20: warning: missing terminating " character
configure:3230: $? = 0
configure:3239: result: yes
configure:3248: checking whether arm-linux-gcc accepts -g
configure:3268: arm-linux-gcc -c -g  conftest.c >&5
configure:3268: $? = 0
configure:3309: result: yes
configure:3326: checking for arm-linux-gcc option to accept ISO C89
configure:3389: arm-linux-gcc  -c -DVFIT -DSC_CUSTOMER=\"VFIT\" -DVOX30 -DPRODUCT_TYPE=\"VOX30\" -DFW_VERSION_PREFIX=\"XS\" -DSERCOMM -DSC_OEM=\"SERCOMM\" -DSC_OEM_OUI=\"BC15AC\" -DSC_SSID_PREFIX=\"Vodafone\" -DSPECIAL_ARPPING_URI_DEFINE -DSUPPORT_RESET_ALL_CONFIG -DLANGUAGE_SUPPORT=\"en\" -DSC_OPCO=\"it\" -DCONFIG_SUPPORT_USER_MANAGEMENT_BY_ENDUSER -DCONFIG_SUPPORT_WEEK_DATE -DSC_MANUFACTUREERURL=\"www.sercomm.com\" -DSC_MODELURL=\"www.vodafone.com\" -DCONFIG_SUPPORT_BLOCKING_ACCESS_TO_NEW_DEVICES -DCONFIG_SUPPORT_ARP_TABLE_FILTER -DCONFIG_SUPPORT_DYNAMIC_CLI_PROMOTE -DSC_HW_VERSION=\"v2\" -DSC_OEM_OUI_STRING=\"_VODAFONE_\" -DBRCM_502 -DCONFIG_SUPPORT_PASSWORD_PROTECTION -DMULTI_LEVEL_CONFIG -DCONFIG_SAFE_NETWORK -DCONFIG_SUPPORT_WEB_PRIVOXY -DCONFIG_SCM_SUPPORT -D__SC_BUILD__ -DVOX30_SFP -DVOX_LED_SPEC -DCONFIG_SUPPORT_NEW_LED_BEHAV -DSC_MIXVENDOR_SPT -DSC_VOIP_SUPPORT_PBX -DSC_VOIP_SUPPORT_SILENT_CALL -D_SC_SPI_FIREWALL_ -DSUPPORT_OMCI -DSUPPORT_WIFI -DCONFIG_SUPPORT_WIFI -DSUPPORT_MIMO -DSUPPORT_WSC -DWMF -DSUPPORT_WIFI_BRCM -DSUPPORT_WIFI_11N_CERTIFICATE -DSUPPORT_WIFI_WPS_CERTIFICATE -DSUPPORT_VOIP -DSUPPORT_ROUTER -DCONFIG_SUPPORT_CHRONY -DSUPPORT_HWNAT -DSUPPORT_MULTIWAN_DOMAIN -DSUPPORT_MULTIWAN_NTP_BINDIP -DSUPPORT_SNMP -DSUPPORT_TR069 -DSUPPORT_SSHD -DSUPPORT_DUALIMAGE -DSCM_PACKET_MARK -DSUPPORT_USB_STORAGE -DCONFIG_SUPPORT_SAMBA_VERSION_36 -DSUPPORT_USB_PRINTER -DCONFIG_SUPPORT_IPV6 -DCML_CONVERT_BOOL -DSUPPORT_STATISTICS_NOTIFICATION -DCONFIG_SUPPORT_MEDIA_SERVER -DCONFIG_SUPPORT_DSL -DCONFIG_SUPPORT_VDSL -DCONFIG_SUPPORT_QOS -DCONFIG_SUPPORT_AUTO_SENSE -DCONFIG_SUPPORT_JSON -DCONFIG_BRCM_SUPPORT -DCONFIG_BRCM_SUPPORT_VMUX -DCONFIG_SUPPORT_PRIVATE_HOSTNAME -DHTTP_LOGIN_COOKIE -DCONFIG_SUPPORT_REDIRECT -DCONFIG_SUPPORT_CWMP_RANDOM_PORT -DCONFIG_SUPPORT_WIZARD -DCONFIG_SUPPORT_3G -DCONFIG_SUPPORT_SMS -DCONFIG_SUPPORT_K4203 -DCONFIG_SUPPORT_K5150 -DCONFIG_SUPPORT_3G_BACKUP -DCONFIG_SUPPORT_FIRST_AUTO_DOD -DCONFIG_SUPPORT_VOCS -DSUPPORT_PHONE_PIN_WIZARD -DCONFIG_SUPPORT_WAN_BACKUP -DCONFIG_SUPPORT_ENCRYPTION_AES -DCONFIG_SUPPORT_DEBUG -DCONFIG_SUPPORT_IPTV -DCONFIG_SUPPORT_FON -DCONFIG_SUPPORT_RUNNER -DCONFIG_SUPPORT_L2TP -DCONFIG_SUPPORT_WIFI_MSSID -DCONFIG_USE_DNSMASQ -DCONFIG_SUPPORT_WIFI_5G -DCONFIG_SUPPORT_5G_BRCM -DCONFIG_SUPPORT_STATIC_NAT -DSUPPORT_TWO_FXS -DCONFIG_SUPPORT_WEBAPI -DCONFIG_SUPPORT_UBUS -DCONFIG_SUPPORT_PRPL_HL_API -DCONFIG_SUPPORT_IPERF -DCONFIG_SUPPORT_BANDSTEERING -DCONFIG_SUPPORT_WOLAN -DCONFIG_SUPPORT_ENERGY_SAVING -DCONFIG_SUPPORT_SJCL_ENCRYPT -DCONFIG_SUPPORT_CGN -DCONFIG_SUPPORT_SEC_BOOT -DCONFIG_SUPPORT_AUTO_DETECT -DCONFIG_SUPPORT_DSL_FTTH_SWITCH -DCONFIG_SUPPORT_L2TP_CLIENT -DCONFIG_SUPPORT_L2TP_SERVER -DCONFIG_SUPPORT_PPTP_CLIENT -DCONFIG_SUPPORT_PPTP_SERVER -DCONFIG_CRASH_LOG -DCONFIG_SUPPORT_IPSEC_CLIENT -DCONFIG_SUPPORT_NATLOOPBACK -DCONFIG_SUPPORT_PACKAGE -DCONFIG_SUPPORT_BOOSTER_MODE -DCONFIG_PPP_SUPPORT_PADM_PADN -DCONFIG_SUPPORT_TR157 -DCONFIG_SUPPORT_LCM -DCONFIG_SUPPORT_SUPERWIFI -fstack-protector -DCONFIG_SUPPORT_SMARTTHING -DCONFIG_SUPPORT_HA -DCONFIG_SUPPORT_MQTT -DFW_VERSION_PREFIX=\"XS\" -DSC_OEM_OUI=\"BC15AC\" -DSC_SSID_PREFIX=\"Vodafone\" -DSPECIAL_ARPPING_URI_DEFINE -DSUPPORT_RESET_ALL_CONFIG -DLANGUAGE_SUPPORT=\"en\" -DSC_OPCO=\"it\" -DCONFIG_SUPPORT_USER_MANAGEMENT_BY_ENDUSER -DCONFIG_SUPPORT_WEEK_DATE -DSC_MANUFACTUREERURL=\"www.sercomm.com\" -DSC_MODELURL=\"www.vodafone.com\" -DCONFIG_SUPPORT_BLOCKING_ACCESS_TO_NEW_DEVICES -DCONFIG_SUPPORT_ARP_TABLE_FILTER -DCONFIG_SUPPORT_DYNAMIC_CLI_PROMOTE -DSC_HW_VERSION=\"v2\" -DSC_OEM_OUI_STRING=\"_VODAFONE_\" -DBRCM_502 -DCONFIG_SUPPORT_PASSWORD_PROTECTION -DMULTI_LEVEL_CONFIG -DCONFIG_SAFE_NETWORK -DCONFIG_SUPPORT_WEB_PRIVOXY -DCONFIG_SCM_SUPPORT -D__SC_BUILD__ -DVOX30_SFP -DVOX_LED_SPEC -DCONFIG_SUPPORT_NEW_LED_BEHAV -DSC_MIXVENDOR_SPT -DSC_VOIP_SUPPORT_PBX -DSC_VOIP_SUPPORT_SILENT_CALL -D_SC_SPI_FIREWALL_ -DSUPPORT_OMCI -DSUPPORT_WIFI -DCONFIG_SUPPORT_WIFI -DSUPPORT_MIMO -DSUPPORT_WSC -DWMF -DSUPPORT_WIFI_BRCM -DSUPPORT_WIFI_11N_CERTIFICATE -DSUPPORT_WIFI_WPS_CERTIFICATE -DSUPPORT_VOIP -DSUPPORT_ROUTER -DCONFIG_SUPPORT_CHRONY -DSUPPORT_HWNAT -DSUPPORT_MULTIWAN_DOMAIN -DSUPPORT_MULTIWAN_NTP_BINDIP -DSUPPORT_SNMP -DSUPPORT_TR069 -DSUPPORT_SSHD -DSUPPORT_DUALIMAGE -DSCM_PACKET_MARK -DSUPPORT_USB_STORAGE -DCONFIG_SUPPORT_SAMBA_VERSION_36 -DSUPPORT_USB_PRINTER -DCONFIG_SUPPORT_IPV6 -DCML_CONVERT_BOOL -DSUPPORT_STATISTICS_NOTIFICATION -DCONFIG_SUPPORT_MEDIA_SERVER -DCONFIG_SUPPORT_DSL -DCONFIG_SUPPORT_VDSL -DCONFIG_SUPPORT_QOS -DCONFIG_SUPPORT_AUTO_SENSE -DCONFIG_SUPPORT_JSON -DCONFIG_BRCM_SUPPORT -DCONFIG_BRCM_SUPPORT_VMUX -DCONFIG_SUPPORT_PRIVATE_HOSTNAME -DHTTP_LOGIN_COOKIE -DCONFIG_SUPPORT_REDIRECT -DCONFIG_SUPPORT_CWMP_RANDOM_PORT -DCONFIG_SUPPORT_WIZARD -DCONFIG_SUPPORT_3G -DCONFIG_SUPPORT_SMS -DCONFIG_SUPPORT_K4203 -DCONFIG_SUPPORT_K5150 -DCONFIG_SUPPORT_3G_BACKUP -DCONFIG_SUPPORT_FIRST_AUTO_DOD -DCONFIG_SUPPORT_VOCS -DSUPPORT_PHONE_PIN_WIZARD -DCONFIG_SUPPORT_WAN_BACKUP -DCONFIG_SUPPORT_ENCRYPTION_AES -DCONFIG_SUPPORT_DEBUG -DCONFIG_SUPPORT_IPTV -DCONFIG_SUPPORT_FON -DCONFIG_SUPPORT_RUNNER -DCONFIG_SUPPORT_L2TP -DCONFIG_SUPPORT_WIFI_MSSID -DCONFIG_USE_DNSMASQ -DCONFIG_SUPPORT_WIFI_5G -DCONFIG_SUPPORT_5G_BRCM -DCONFIG_SUPPORT_STATIC_NAT -DSUPPORT_TWO_FXS -DCONFIG_SUPPORT_WEBAPI -DCONFIG_SUPPORT_UBUS -DCONFIG_SUPPORT_PRPL_HL_API -DCONFIG_SUPPORT_IPERF -DCONFIG_SUPPORT_BANDSTEERING -DCONFIG_SUPPORT_WOLAN -DCONFIG_SUPPORT_ENERGY_SAVING -DCONFIG_SUPPORT_SJCL_ENCRYPT -DCONFIG_SUPPORT_CGN -DCONFIG_SUPPORT_SEC_BOOT -DCONFIG_SUPPORT_AUTO_DETECT -DCONFIG_SUPPORT_DSL_FTTH_SWITCH -DCONFIG_SUPPORT_L2TP_CLIENT -DCONFIG_SUPPORT_L2TP_SERVER -DCONFIG_SUPPORT_PPTP_CLIENT -DCONFIG_SUPPORT_PPTP_SERVER -DCONFIG_CRASH_LOG -DCONFIG_SUPPORT_IPSEC_CLIENT -DCONFIG_SUPPORT_NATLOOPBACK -DCONFIG_SUPPORT_PACKAGE -DCONFIG_SUPPORT_BOOSTER_MODE -DCONFIG_PPP_SUPPORT_PADM_PADN -DCONFIG_SUPPORT_TR157 -DCONFIG_SUPPORT_LCM -DCONFIG_SUPPORT_SUPERWIFI -fstack-protector -DCONFIG_SUPPORT_SMARTTHING -DCONFIG_SUPPORT_HA -DCONFIG_SUPPORT_MQTT  conftest.c >&5
<command-line>:0:14: warning: missing terminating " character
<command-line>:0:15: warning: missing terminating " character
<command-line>:0:20: warning: missing terminating " character
<command-line>:0:9: warning: missing terminating " character
<command-line>:0:13: warning: missing terminating " character
<command-line>:0:17: warning: missing terminating " character
<command-line>:0:19: warning: missing terminating " character
<command-line>:0:10: warning: missing terminating " character
<command-line>:0:22: warning: missing terminating " character
<command-line>:0:14: warning: missing terminating " character
<command-line>:0:16: warning: missing terminating " character
<command-line>:0:20: warning: missing terminating " character
<command-line>:0:20: warning: missing terminating " character
<command-line>:0:13: warning: missing terminating " character
<command-line>:0:17: warning: missing terminating " character
<command-line>:0:19: warning: missing terminating " character
<command-line>:0:10: warning: missing terminating " character
<command-line>:0:22: warning: missing terminating " character
<command-line>:0:14: warning: missing terminating " character
<command-line>:0:16: warning: missing terminating " character
<command-line>:0:20: warning: missing terminating " character
configure:3389: $? = 0
configure:3402: result: none needed
configure:3427: checking whether arm-linux-gcc understands -c and -o together
configure:3449: arm-linux-gcc -c conftest.c -o conftest2.o
configure:3452: $? = 0
configure:3449: arm-linux-gcc -c conftest.c -o conftest2.o
configure:3452: $? = 0
configure:3464: result: yes
configure:3492: checking for style of include used by make
configure:3520: result: GNU
configure:3546: checking dependency style of arm-linux-gcc
configure:3657: result: gcc3
configure:3678: checking how to run the C preprocessor
configure:3748: result: arm-linux-gcc -E
configure:3768: arm-linux-gcc -E  conftest.c
configure:3768: $? = 0
configure:3782: arm-linux-gcc -E  conftest.c
conftest.c:11:28: fatal error: ac_nonexistent.h: No such file or directory
compilation terminated.
configure:3782: $? = 1
configure: failed program was:
| /* confdefs.h */
| #define PACKAGE_NAME "ethtool"
| #define PACKAGE_TARNAME "ethtool"
| #define PACKAGE_VERSION "4.19"
| #define PACKAGE_STRING "ethtool 4.19"
| #define PACKAGE_BUGREPORT "netdev@vger.kernel.org"
| #define PACKAGE_URL ""
| #define PACKAGE "ethtool"
| #define VERSION "4.19"
| /* end confdefs.h.  */
| #include <ac_nonexistent.h>
configure:3811: checking for grep that handles long lines and -e
configure:3869: result: /bin/grep
configure:3874: checking for egrep
configure:3936: result: /bin/grep -E
configure:3942: checking whether arm-linux-gcc needs -traditional
configure:3976: result: no
configure:3987: checking whether <linux/types.h> defines big-endian types
configure:4000: arm-linux-gcc -c -DVFIT -DSC_CUSTOMER=\"VFIT\" -DVOX30 -DPRODUCT_TYPE=\"VOX30\" -DFW_VERSION_PREFIX=\"XS\" -DSERCOMM -DSC_OEM=\"SERCOMM\" -DSC_OEM_OUI=\"BC15AC\" -DSC_SSID_PREFIX=\"Vodafone\" -DSPECIAL_ARPPING_URI_DEFINE -DSUPPORT_RESET_ALL_CONFIG -DLANGUAGE_SUPPORT=\"en\" -DSC_OPCO=\"it\" -DCONFIG_SUPPORT_USER_MANAGEMENT_BY_ENDUSER -DCONFIG_SUPPORT_WEEK_DATE -DSC_MANUFACTUREERURL=\"www.sercomm.com\" -DSC_MODELURL=\"www.vodafone.com\" -DCONFIG_SUPPORT_BLOCKING_ACCESS_TO_NEW_DEVICES -DCONFIG_SUPPORT_ARP_TABLE_FILTER -DCONFIG_SUPPORT_DYNAMIC_CLI_PROMOTE -DSC_HW_VERSION=\"v2\" -DSC_OEM_OUI_STRING=\"_VODAFONE_\" -DBRCM_502 -DCONFIG_SUPPORT_PASSWORD_PROTECTION -DMULTI_LEVEL_CONFIG -DCONFIG_SAFE_NETWORK -DCONFIG_SUPPORT_WEB_PRIVOXY -DCONFIG_SCM_SUPPORT -D__SC_BUILD__ -DVOX30_SFP -DVOX_LED_SPEC -DCONFIG_SUPPORT_NEW_LED_BEHAV -DSC_MIXVENDOR_SPT -DSC_VOIP_SUPPORT_PBX -DSC_VOIP_SUPPORT_SILENT_CALL -D_SC_SPI_FIREWALL_ -DSUPPORT_OMCI -DSUPPORT_WIFI -DCONFIG_SUPPORT_WIFI -DSUPPORT_MIMO -DSUPPORT_WSC -DWMF -DSUPPORT_WIFI_BRCM -DSUPPORT_WIFI_11N_CERTIFICATE -DSUPPORT_WIFI_WPS_CERTIFICATE -DSUPPORT_VOIP -DSUPPORT_ROUTER -DCONFIG_SUPPORT_CHRONY -DSUPPORT_HWNAT -DSUPPORT_MULTIWAN_DOMAIN -DSUPPORT_MULTIWAN_NTP_BINDIP -DSUPPORT_SNMP -DSUPPORT_TR069 -DSUPPORT_SSHD -DSUPPORT_DUALIMAGE -DSCM_PACKET_MARK -DSUPPORT_USB_STORAGE -DCONFIG_SUPPORT_SAMBA_VERSION_36 -DSUPPORT_USB_PRINTER -DCONFIG_SUPPORT_IPV6 -DCML_CONVERT_BOOL -DSUPPORT_STATISTICS_NOTIFICATION -DCONFIG_SUPPORT_MEDIA_SERVER -DCONFIG_SUPPORT_DSL -DCONFIG_SUPPORT_VDSL -DCONFIG_SUPPORT_QOS -DCONFIG_SUPPORT_AUTO_SENSE -DCONFIG_SUPPORT_JSON -DCONFIG_BRCM_SUPPORT -DCONFIG_BRCM_SUPPORT_VMUX -DCONFIG_SUPPORT_PRIVATE_HOSTNAME -DHTTP_LOGIN_COOKIE -DCONFIG_SUPPORT_REDIRECT -DCONFIG_SUPPORT_CWMP_RANDOM_PORT -DCONFIG_SUPPORT_WIZARD -DCONFIG_SUPPORT_3G -DCONFIG_SUPPORT_SMS -DCONFIG_SUPPORT_K4203 -DCONFIG_SUPPORT_K5150 -DCONFIG_SUPPORT_3G_BACKUP -DCONFIG_SUPPORT_FIRST_AUTO_DOD -DCONFIG_SUPPORT_VOCS -DSUPPORT_PHONE_PIN_WIZARD -DCONFIG_SUPPORT_WAN_BACKUP -DCONFIG_SUPPORT_ENCRYPTION_AES -DCONFIG_SUPPORT_DEBUG -DCONFIG_SUPPORT_IPTV -DCONFIG_SUPPORT_FON -DCONFIG_SUPPORT_RUNNER -DCONFIG_SUPPORT_L2TP -DCONFIG_SUPPORT_WIFI_MSSID -DCONFIG_USE_DNSMASQ -DCONFIG_SUPPORT_WIFI_5G -DCONFIG_SUPPORT_5G_BRCM -DCONFIG_SUPPORT_STATIC_NAT -DSUPPORT_TWO_FXS -DCONFIG_SUPPORT_WEBAPI -DCONFIG_SUPPORT_UBUS -DCONFIG_SUPPORT_PRPL_HL_API -DCONFIG_SUPPORT_IPERF -DCONFIG_SUPPORT_BANDSTEERING -DCONFIG_SUPPORT_WOLAN -DCONFIG_SUPPORT_ENERGY_SAVING -DCONFIG_SUPPORT_SJCL_ENCRYPT -DCONFIG_SUPPORT_CGN -DCONFIG_SUPPORT_SEC_BOOT -DCONFIG_SUPPORT_AUTO_DETECT -DCONFIG_SUPPORT_DSL_FTTH_SWITCH -DCONFIG_SUPPORT_L2TP_CLIENT -DCONFIG_SUPPORT_L2TP_SERVER -DCONFIG_SUPPORT_PPTP_CLIENT -DCONFIG_SUPPORT_PPTP_SERVER -DCONFIG_CRASH_LOG -DCONFIG_SUPPORT_IPSEC_CLIENT -DCONFIG_SUPPORT_NATLOOPBACK -DCONFIG_SUPPORT_PACKAGE -DCONFIG_SUPPORT_BOOSTER_MODE -DCONFIG_PPP_SUPPORT_PADM_PADN -DCONFIG_SUPPORT_TR157 -DCONFIG_SUPPORT_LCM -DCONFIG_SUPPORT_SUPERWIFI -fstack-protector -DCONFIG_SUPPORT_SMARTTHING -DCONFIG_SUPPORT_HA -DCONFIG_SUPPORT_MQTT -DFW_VERSION_PREFIX=\"XS\" -DSC_OEM_OUI=\"BC15AC\" -DSC_SSID_PREFIX=\"Vodafone\" -DSPECIAL_ARPPING_URI_DEFINE -DSUPPORT_RESET_ALL_CONFIG -DLANGUAGE_SUPPORT=\"en\" -DSC_OPCO=\"it\" -DCONFIG_SUPPORT_USER_MANAGEMENT_BY_ENDUSER -DCONFIG_SUPPORT_WEEK_DATE -DSC_MANUFACTUREERURL=\"www.sercomm.com\" -DSC_MODELURL=\"www.vodafone.com\" -DCONFIG_SUPPORT_BLOCKING_ACCESS_TO_NEW_DEVICES -DCONFIG_SUPPORT_ARP_TABLE_FILTER -DCONFIG_SUPPORT_DYNAMIC_CLI_PROMOTE -DSC_HW_VERSION=\"v2\" -DSC_OEM_OUI_STRING=\"_VODAFONE_\" -DBRCM_502 -DCONFIG_SUPPORT_PASSWORD_PROTECTION -DMULTI_LEVEL_CONFIG -DCONFIG_SAFE_NETWORK -DCONFIG_SUPPORT_WEB_PRIVOXY -DCONFIG_SCM_SUPPORT -D__SC_BUILD__ -DVOX30_SFP -DVOX_LED_SPEC -DCONFIG_SUPPORT_NEW_LED_BEHAV -DSC_MIXVENDOR_SPT -DSC_VOIP_SUPPORT_PBX -DSC_VOIP_SUPPORT_SILENT_CALL -D_SC_SPI_FIREWALL_ -DSUPPORT_OMCI -DSUPPORT_WIFI -DCONFIG_SUPPORT_WIFI -DSUPPORT_MIMO -DSUPPORT_WSC -DWMF -DSUPPORT_WIFI_BRCM -DSUPPORT_WIFI_11N_CERTIFICATE -DSUPPORT_WIFI_WPS_CERTIFICATE -DSUPPORT_VOIP -DSUPPORT_ROUTER -DCONFIG_SUPPORT_CHRONY -DSUPPORT_HWNAT -DSUPPORT_MULTIWAN_DOMAIN -DSUPPORT_MULTIWAN_NTP_BINDIP -DSUPPORT_SNMP -DSUPPORT_TR069 -DSUPPORT_SSHD -DSUPPORT_DUALIMAGE -DSCM_PACKET_MARK -DSUPPORT_USB_STORAGE -DCONFIG_SUPPORT_SAMBA_VERSION_36 -DSUPPORT_USB_PRINTER -DCONFIG_SUPPORT_IPV6 -DCML_CONVERT_BOOL -DSUPPORT_STATISTICS_NOTIFICATION -DCONFIG_SUPPORT_MEDIA_SERVER -DCONFIG_SUPPORT_DSL -DCONFIG_SUPPORT_VDSL -DCONFIG_SUPPORT_QOS -DCONFIG_SUPPORT_AUTO_SENSE -DCONFIG_SUPPORT_JSON -DCONFIG_BRCM_SUPPORT -DCONFIG_BRCM_SUPPORT_VMUX -DCONFIG_SUPPORT_PRIVATE_HOSTNAME -DHTTP_LOGIN_COOKIE -DCONFIG_SUPPORT_REDIRECT -DCONFIG_SUPPORT_CWMP_RANDOM_PORT -DCONFIG_SUPPORT_WIZARD -DCONFIG_SUPPORT_3G -DCONFIG_SUPPORT_SMS -DCONFIG_SUPPORT_K4203 -DCONFIG_SUPPORT_K5150 -DCONFIG_SUPPORT_3G_BACKUP -DCONFIG_SUPPORT_FIRST_AUTO_DOD -DCONFIG_SUPPORT_VOCS -DSUPPORT_PHONE_PIN_WIZARD -DCONFIG_SUPPORT_WAN_BACKUP -DCONFIG_SUPPORT_ENCRYPTION_AES -DCONFIG_SUPPORT_DEBUG -DCONFIG_SUPPORT_IPTV -DCONFIG_SUPPORT_FON -DCONFIG_SUPPORT_RUNNER -DCONFIG_SUPPORT_L2TP -DCONFIG_SUPPORT_WIFI_MSSID -DCONFIG_USE_DNSMASQ -DCONFIG_SUPPORT_WIFI_5G -DCONFIG_SUPPORT_5G_BRCM -DCONFIG_SUPPORT_STATIC_NAT -DSUPPORT_TWO_FXS -DCONFIG_SUPPORT_WEBAPI -DCONFIG_SUPPORT_UBUS -DCONFIG_SUPPORT_PRPL_HL_API -DCONFIG_SUPPORT_IPERF -DCONFIG_SUPPORT_BANDSTEERING -DCONFIG_SUPPORT_WOLAN -DCONFIG_SUPPORT_ENERGY_SAVING -DCONFIG_SUPPORT_SJCL_ENCRYPT -DCONFIG_SUPPORT_CGN -DCONFIG_SUPPORT_SEC_BOOT -DCONFIG_SUPPORT_AUTO_DETECT -DCONFIG_SUPPORT_DSL_FTTH_SWITCH -DCONFIG_SUPPORT_L2TP_CLIENT -DCONFIG_SUPPORT_L2TP_SERVER -DCONFIG_SUPPORT_PPTP_CLIENT -DCONFIG_SUPPORT_PPTP_SERVER -DCONFIG_CRASH_LOG -DCONFIG_SUPPORT_IPSEC_CLIENT -DCONFIG_SUPPORT_NATLOOPBACK -DCONFIG_SUPPORT_PACKAGE -DCONFIG_SUPPORT_BOOSTER_MODE -DCONFIG_PPP_SUPPORT_PADM_PADN -DCONFIG_SUPPORT_TR157 -DCONFIG_SUPPORT_LCM -DCONFIG_SUPPORT_SUPERWIFI -fstack-protector -DCONFIG_SUPPORT_SMARTTHING -DCONFIG_SUPPORT_HA -DCONFIG_SUPPORT_MQTT  conftest.c >&5
<command-line>:0:14: warning: missing terminating " character
<command-line>:0:15: warning: missing terminating " character
<command-line>:0:20: warning: missing terminating " character
<command-line>:0:9: warning: missing terminating " character
<command-line>:0:13: warning: missing terminating " character
<command-line>:0:17: warning: missing terminating " character
<command-line>:0:19: warning: missing terminating " character
<command-line>:0:10: warning: missing terminating " character
<command-line>:0:22: warning: missing terminating " character
<command-line>:0:14: warning: missing terminating " character
<command-line>:0:16: warning: missing terminating " character
<command-line>:0:20: warning: missing terminating " character
<command-line>:0:20: warning: missing terminating " character
<command-line>:0:13: warning: missing terminating " character
<command-line>:0:17: warning: missing terminating " character
<command-line>:0:19: warning: missing terminating " character
<command-line>:0:10: warning: missing terminating " character
<command-line>:0:22: warning: missing terminating " character
<command-line>:0:14: warning: missing terminating " character
<command-line>:0:16: warning: missing terminating " character
<command-line>:0:20: warning: missing terminating " character
configure:4000: $? = 0
configure:4001: result: yes
configure:4012: checking for ANSI C header files
configure:4032: arm-linux-gcc -c -DVFIT -DSC_CUSTOMER=\"VFIT\" -DVOX30 -DPRODUCT_TYPE=\"VOX30\" -DFW_VERSION_PREFIX=\"XS\" -DSERCOMM -DSC_OEM=\"SERCOMM\" -DSC_OEM_OUI=\"BC15AC\" -DSC_SSID_PREFIX=\"Vodafone\" -DSPECIAL_ARPPING_URI_DEFINE -DSUPPORT_RESET_ALL_CONFIG -DLANGUAGE_SUPPORT=\"en\" -DSC_OPCO=\"it\" -DCONFIG_SUPPORT_USER_MANAGEMENT_BY_ENDUSER -DCONFIG_SUPPORT_WEEK_DATE -DSC_MANUFACTUREERURL=\"www.sercomm.com\" -DSC_MODELURL=\"www.vodafone.com\" -DCONFIG_SUPPORT_BLOCKING_ACCESS_TO_NEW_DEVICES -DCONFIG_SUPPORT_ARP_TABLE_FILTER -DCONFIG_SUPPORT_DYNAMIC_CLI_PROMOTE -DSC_HW_VERSION=\"v2\" -DSC_OEM_OUI_STRING=\"_VODAFONE_\" -DBRCM_502 -DCONFIG_SUPPORT_PASSWORD_PROTECTION -DMULTI_LEVEL_CONFIG -DCONFIG_SAFE_NETWORK -DCONFIG_SUPPORT_WEB_PRIVOXY -DCONFIG_SCM_SUPPORT -D__SC_BUILD__ -DVOX30_SFP -DVOX_LED_SPEC -DCONFIG_SUPPORT_NEW_LED_BEHAV -DSC_MIXVENDOR_SPT -DSC_VOIP_SUPPORT_PBX -DSC_VOIP_SUPPORT_SILENT_CALL -D_SC_SPI_FIREWALL_ -DSUPPORT_OMCI -DSUPPORT_WIFI -DCONFIG_SUPPORT_WIFI -DSUPPORT_MIMO -DSUPPORT_WSC -DWMF -DSUPPORT_WIFI_BRCM -DSUPPORT_WIFI_11N_CERTIFICATE -DSUPPORT_WIFI_WPS_CERTIFICATE -DSUPPORT_VOIP -DSUPPORT_ROUTER -DCONFIG_SUPPORT_CHRONY -DSUPPORT_HWNAT -DSUPPORT_MULTIWAN_DOMAIN -DSUPPORT_MULTIWAN_NTP_BINDIP -DSUPPORT_SNMP -DSUPPORT_TR069 -DSUPPORT_SSHD -DSUPPORT_DUALIMAGE -DSCM_PACKET_MARK -DSUPPORT_USB_STORAGE -DCONFIG_SUPPORT_SAMBA_VERSION_36 -DSUPPORT_USB_PRINTER -DCONFIG_SUPPORT_IPV6 -DCML_CONVERT_BOOL -DSUPPORT_STATISTICS_NOTIFICATION -DCONFIG_SUPPORT_MEDIA_SERVER -DCONFIG_SUPPORT_DSL -DCONFIG_SUPPORT_VDSL -DCONFIG_SUPPORT_QOS -DCONFIG_SUPPORT_AUTO_SENSE -DCONFIG_SUPPORT_JSON -DCONFIG_BRCM_SUPPORT -DCONFIG_BRCM_SUPPORT_VMUX -DCONFIG_SUPPORT_PRIVATE_HOSTNAME -DHTTP_LOGIN_COOKIE -DCONFIG_SUPPORT_REDIRECT -DCONFIG_SUPPORT_CWMP_RANDOM_PORT -DCONFIG_SUPPORT_WIZARD -DCONFIG_SUPPORT_3G -DCONFIG_SUPPORT_SMS -DCONFIG_SUPPORT_K4203 -DCONFIG_SUPPORT_K5150 -DCONFIG_SUPPORT_3G_BACKUP -DCONFIG_SUPPORT_FIRST_AUTO_DOD -DCONFIG_SUPPORT_VOCS -DSUPPORT_PHONE_PIN_WIZARD -DCONFIG_SUPPORT_WAN_BACKUP -DCONFIG_SUPPORT_ENCRYPTION_AES -DCONFIG_SUPPORT_DEBUG -DCONFIG_SUPPORT_IPTV -DCONFIG_SUPPORT_FON -DCONFIG_SUPPORT_RUNNER -DCONFIG_SUPPORT_L2TP -DCONFIG_SUPPORT_WIFI_MSSID -DCONFIG_USE_DNSMASQ -DCONFIG_SUPPORT_WIFI_5G -DCONFIG_SUPPORT_5G_BRCM -DCONFIG_SUPPORT_STATIC_NAT -DSUPPORT_TWO_FXS -DCONFIG_SUPPORT_WEBAPI -DCONFIG_SUPPORT_UBUS -DCONFIG_SUPPORT_PRPL_HL_API -DCONFIG_SUPPORT_IPERF -DCONFIG_SUPPORT_BANDSTEERING -DCONFIG_SUPPORT_WOLAN -DCONFIG_SUPPORT_ENERGY_SAVING -DCONFIG_SUPPORT_SJCL_ENCRYPT -DCONFIG_SUPPORT_CGN -DCONFIG_SUPPORT_SEC_BOOT -DCONFIG_SUPPORT_AUTO_DETECT -DCONFIG_SUPPORT_DSL_FTTH_SWITCH -DCONFIG_SUPPORT_L2TP_CLIENT -DCONFIG_SUPPORT_L2TP_SERVER -DCONFIG_SUPPORT_PPTP_CLIENT -DCONFIG_SUPPORT_PPTP_SERVER -DCONFIG_CRASH_LOG -DCONFIG_SUPPORT_IPSEC_CLIENT -DCONFIG_SUPPORT_NATLOOPBACK -DCONFIG_SUPPORT_PACKAGE -DCONFIG_SUPPORT_BOOSTER_MODE -DCONFIG_PPP_SUPPORT_PADM_PADN -DCONFIG_SUPPORT_TR157 -DCONFIG_SUPPORT_LCM -DCONFIG_SUPPORT_SUPERWIFI -fstack-protector -DCONFIG_SUPPORT_SMARTTHING -DCONFIG_SUPPORT_HA -DCONFIG_SUPPORT_MQTT -DFW_VERSION_PREFIX=\"XS\" -DSC_OEM_OUI=\"BC15AC\" -DSC_SSID_PREFIX=\"Vodafone\" -DSPECIAL_ARPPING_URI_DEFINE -DSUPPORT_RESET_ALL_CONFIG -DLANGUAGE_SUPPORT=\"en\" -DSC_OPCO=\"it\" -DCONFIG_SUPPORT_USER_MANAGEMENT_BY_ENDUSER -DCONFIG_SUPPORT_WEEK_DATE -DSC_MANUFACTUREERURL=\"www.sercomm.com\" -DSC_MODELURL=\"www.vodafone.com\" -DCONFIG_SUPPORT_BLOCKING_ACCESS_TO_NEW_DEVICES -DCONFIG_SUPPORT_ARP_TABLE_FILTER -DCONFIG_SUPPORT_DYNAMIC_CLI_PROMOTE -DSC_HW_VERSION=\"v2\" -DSC_OEM_OUI_STRING=\"_VODAFONE_\" -DBRCM_502 -DCONFIG_SUPPORT_PASSWORD_PROTECTION -DMULTI_LEVEL_CONFIG -DCONFIG_SAFE_NETWORK -DCONFIG_SUPPORT_WEB_PRIVOXY -DCONFIG_SCM_SUPPORT -D__SC_BUILD__ -DVOX30_SFP -DVOX_LED_SPEC -DCONFIG_SUPPORT_NEW_LED_BEHAV -DSC_MIXVENDOR_SPT -DSC_VOIP_SUPPORT_PBX -DSC_VOIP_SUPPORT_SILENT_CALL -D_SC_SPI_FIREWALL_ -DSUPPORT_OMCI -DSUPPORT_WIFI -DCONFIG_SUPPORT_WIFI -DSUPPORT_MIMO -DSUPPORT_WSC -DWMF -DSUPPORT_WIFI_BRCM -DSUPPORT_WIFI_11N_CERTIFICATE -DSUPPORT_WIFI_WPS_CERTIFICATE -DSUPPORT_VOIP -DSUPPORT_ROUTER -DCONFIG_SUPPORT_CHRONY -DSUPPORT_HWNAT -DSUPPORT_MULTIWAN_DOMAIN -DSUPPORT_MULTIWAN_NTP_BINDIP -DSUPPORT_SNMP -DSUPPORT_TR069 -DSUPPORT_SSHD -DSUPPORT_DUALIMAGE -DSCM_PACKET_MARK -DSUPPORT_USB_STORAGE -DCONFIG_SUPPORT_SAMBA_VERSION_36 -DSUPPORT_USB_PRINTER -DCONFIG_SUPPORT_IPV6 -DCML_CONVERT_BOOL -DSUPPORT_STATISTICS_NOTIFICATION -DCONFIG_SUPPORT_MEDIA_SERVER -DCONFIG_SUPPORT_DSL -DCONFIG_SUPPORT_VDSL -DCONFIG_SUPPORT_QOS -DCONFIG_SUPPORT_AUTO_SENSE -DCONFIG_SUPPORT_JSON -DCONFIG_BRCM_SUPPORT -DCONFIG_BRCM_SUPPORT_VMUX -DCONFIG_SUPPORT_PRIVATE_HOSTNAME -DHTTP_LOGIN_COOKIE -DCONFIG_SUPPORT_REDIRECT -DCONFIG_SUPPORT_CWMP_RANDOM_PORT -DCONFIG_SUPPORT_WIZARD -DCONFIG_SUPPORT_3G -DCONFIG_SUPPORT_SMS -DCONFIG_SUPPORT_K4203 -DCONFIG_SUPPORT_K5150 -DCONFIG_SUPPORT_3G_BACKUP -DCONFIG_SUPPORT_FIRST_AUTO_DOD -DCONFIG_SUPPORT_VOCS -DSUPPORT_PHONE_PIN_WIZARD -DCONFIG_SUPPORT_WAN_BACKUP -DCONFIG_SUPPORT_ENCRYPTION_AES -DCONFIG_SUPPORT_DEBUG -DCONFIG_SUPPORT_IPTV -DCONFIG_SUPPORT_FON -DCONFIG_SUPPORT_RUNNER -DCONFIG_SUPPORT_L2TP -DCONFIG_SUPPORT_WIFI_MSSID -DCONFIG_USE_DNSMASQ -DCONFIG_SUPPORT_WIFI_5G -DCONFIG_SUPPORT_5G_BRCM -DCONFIG_SUPPORT_STATIC_NAT -DSUPPORT_TWO_FXS -DCONFIG_SUPPORT_WEBAPI -DCONFIG_SUPPORT_UBUS -DCONFIG_SUPPORT_PRPL_HL_API -DCONFIG_SUPPORT_IPERF -DCONFIG_SUPPORT_BANDSTEERING -DCONFIG_SUPPORT_WOLAN -DCONFIG_SUPPORT_ENERGY_SAVING -DCONFIG_SUPPORT_SJCL_ENCRYPT -DCONFIG_SUPPORT_CGN -DCONFIG_SUPPORT_SEC_BOOT -DCONFIG_SUPPORT_AUTO_DETECT -DCONFIG_SUPPORT_DSL_FTTH_SWITCH -DCONFIG_SUPPORT_L2TP_CLIENT -DCONFIG_SUPPORT_L2TP_SERVER -DCONFIG_SUPPORT_PPTP_CLIENT -DCONFIG_SUPPORT_PPTP_SERVER -DCONFIG_CRASH_LOG -DCONFIG_SUPPORT_IPSEC_CLIENT -DCONFIG_SUPPORT_NATLOOPBACK -DCONFIG_SUPPORT_PACKAGE -DCONFIG_SUPPORT_BOOSTER_MODE -DCONFIG_PPP_SUPPORT_PADM_PADN -DCONFIG_SUPPORT_TR157 -DCONFIG_SUPPORT_LCM -DCONFIG_SUPPORT_SUPERWIFI -fstack-protector -DCONFIG_SUPPORT_SMARTTHING -DCONFIG_SUPPORT_HA -DCONFIG_SUPPORT_MQTT  conftest.c >&5
<command-line>:0:14: warning: missing terminating " character
<command-line>:0:15: warning: missing terminating " character
<command-line>:0:20: warning: missing terminating " character
<command-line>:0:9: warning: missing terminating " character
<command-line>:0:13: warning: missing terminating " character
<command-line>:0:17: warning: missing terminating " character
<command-line>:0:19: warning: missing terminating " character
<command-line>:0:10: warning: missing terminating " character
<command-line>:0:22: warning: missing terminating " character
<command-line>:0:14: warning: missing terminating " character
<command-line>:0:16: warning: missing terminating " character
<command-line>:0:20: warning: missing terminating " character
<command-line>:0:20: warning: missing terminating " character
<command-line>:0:13: warning: missing terminating " character
<command-line>:0:17: warning: missing terminating " character
<command-line>:0:19: warning: missing terminating " character
<command-line>:0:10: warning: missing terminating " character
<command-line>:0:22: warning: missing terminating " character
<command-line>:0:14: warning: missing terminating " character
<command-line>:0:16: warning: missing terminating " character
<command-line>:0:20: warning: missing terminating " character
configure:4032: $? = 0
configure:4116: result: yes
configure:4127: checking for socket
configure:4127: arm-linux-gcc -o conftest -DVFIT -DSC_CUSTOMER=\"VFIT\" -DVOX30 -DPRODUCT_TYPE=\"VOX30\" -DFW_VERSION_PREFIX=\"XS\" -DSERCOMM -DSC_OEM=\"SERCOMM\" -DSC_OEM_OUI=\"BC15AC\" -DSC_SSID_PREFIX=\"Vodafone\" -DSPECIAL_ARPPING_URI_DEFINE -DSUPPORT_RESET_ALL_CONFIG -DLANGUAGE_SUPPORT=\"en\" -DSC_OPCO=\"it\" -DCONFIG_SUPPORT_USER_MANAGEMENT_BY_ENDUSER -DCONFIG_SUPPORT_WEEK_DATE -DSC_MANUFACTUREERURL=\"www.sercomm.com\" -DSC_MODELURL=\"www.vodafone.com\" -DCONFIG_SUPPORT_BLOCKING_ACCESS_TO_NEW_DEVICES -DCONFIG_SUPPORT_ARP_TABLE_FILTER -DCONFIG_SUPPORT_DYNAMIC_CLI_PROMOTE -DSC_HW_VERSION=\"v2\" -DSC_OEM_OUI_STRING=\"_VODAFONE_\" -DBRCM_502 -DCONFIG_SUPPORT_PASSWORD_PROTECTION -DMULTI_LEVEL_CONFIG -DCONFIG_SAFE_NETWORK -DCONFIG_SUPPORT_WEB_PRIVOXY -DCONFIG_SCM_SUPPORT -D__SC_BUILD__ -DVOX30_SFP -DVOX_LED_SPEC -DCONFIG_SUPPORT_NEW_LED_BEHAV -DSC_MIXVENDOR_SPT -DSC_VOIP_SUPPORT_PBX -DSC_VOIP_SUPPORT_SILENT_CALL -D_SC_SPI_FIREWALL_ -DSUPPORT_OMCI -DSUPPORT_WIFI -DCONFIG_SUPPORT_WIFI -DSUPPORT_MIMO -DSUPPORT_WSC -DWMF -DSUPPORT_WIFI_BRCM -DSUPPORT_WIFI_11N_CERTIFICATE -DSUPPORT_WIFI_WPS_CERTIFICATE -DSUPPORT_VOIP -DSUPPORT_ROUTER -DCONFIG_SUPPORT_CHRONY -DSUPPORT_HWNAT -DSUPPORT_MULTIWAN_DOMAIN -DSUPPORT_MULTIWAN_NTP_BINDIP -DSUPPORT_SNMP -DSUPPORT_TR069 -DSUPPORT_SSHD -DSUPPORT_DUALIMAGE -DSCM_PACKET_MARK -DSUPPORT_USB_STORAGE -DCONFIG_SUPPORT_SAMBA_VERSION_36 -DSUPPORT_USB_PRINTER -DCONFIG_SUPPORT_IPV6 -DCML_CONVERT_BOOL -DSUPPORT_STATISTICS_NOTIFICATION -DCONFIG_SUPPORT_MEDIA_SERVER -DCONFIG_SUPPORT_DSL -DCONFIG_SUPPORT_VDSL -DCONFIG_SUPPORT_QOS -DCONFIG_SUPPORT_AUTO_SENSE -DCONFIG_SUPPORT_JSON -DCONFIG_BRCM_SUPPORT -DCONFIG_BRCM_SUPPORT_VMUX -DCONFIG_SUPPORT_PRIVATE_HOSTNAME -DHTTP_LOGIN_COOKIE -DCONFIG_SUPPORT_REDIRECT -DCONFIG_SUPPORT_CWMP_RANDOM_PORT -DCONFIG_SUPPORT_WIZARD -DCONFIG_SUPPORT_3G -DCONFIG_SUPPORT_SMS -DCONFIG_SUPPORT_K4203 -DCONFIG_SUPPORT_K5150 -DCONFIG_SUPPORT_3G_BACKUP -DCONFIG_SUPPORT_FIRST_AUTO_DOD -DCONFIG_SUPPORT_VOCS -DSUPPORT_PHONE_PIN_WIZARD -DCONFIG_SUPPORT_WAN_BACKUP -DCONFIG_SUPPORT_ENCRYPTION_AES -DCONFIG_SUPPORT_DEBUG -DCONFIG_SUPPORT_IPTV -DCONFIG_SUPPORT_FON -DCONFIG_SUPPORT_RUNNER -DCONFIG_SUPPORT_L2TP -DCONFIG_SUPPORT_WIFI_MSSID -DCONFIG_USE_DNSMASQ -DCONFIG_SUPPORT_WIFI_5G -DCONFIG_SUPPORT_5G_BRCM -DCONFIG_SUPPORT_STATIC_NAT -DSUPPORT_TWO_FXS -DCONFIG_SUPPORT_WEBAPI -DCONFIG_SUPPORT_UBUS -DCONFIG_SUPPORT_PRPL_HL_API -DCONFIG_SUPPORT_IPERF -DCONFIG_SUPPORT_BANDSTEERING -DCONFIG_SUPPORT_WOLAN -DCONFIG_SUPPORT_ENERGY_SAVING -DCONFIG_SUPPORT_SJCL_ENCRYPT -DCONFIG_SUPPORT_CGN -DCONFIG_SUPPORT_SEC_BOOT -DCONFIG_SUPPORT_AUTO_DETECT -DCONFIG_SUPPORT_DSL_FTTH_SWITCH -DCONFIG_SUPPORT_L2TP_CLIENT -DCONFIG_SUPPORT_L2TP_SERVER -DCONFIG_SUPPORT_PPTP_CLIENT -DCONFIG_SUPPORT_PPTP_SERVER -DCONFIG_CRASH_LOG -DCONFIG_SUPPORT_IPSEC_CLIENT -DCONFIG_SUPPORT_NATLOOPBACK -DCONFIG_SUPPORT_PACKAGE -DCONFIG_SUPPORT_BOOSTER_MODE -DCONFIG_PPP_SUPPORT_PADM_PADN -DCONFIG_SUPPORT_TR157 -DCONFIG_SUPPORT_LCM -DCONFIG_SUPPORT_SUPERWIFI -fstack-protector -DCONFIG_SUPPORT_SMARTTHING -DCONFIG_SUPPORT_HA -DCONFIG_SUPPORT_MQTT -DFW_VERSION_PREFIX=\"XS\" -DSC_OEM_OUI=\"BC15AC\" -DSC_SSID_PREFIX=\"Vodafone\" -DSPECIAL_ARPPING_URI_DEFINE -DSUPPORT_RESET_ALL_CONFIG -DLANGUAGE_SUPPORT=\"en\" -DSC_OPCO=\"it\" -DCONFIG_SUPPORT_USER_MANAGEMENT_BY_ENDUSER -DCONFIG_SUPPORT_WEEK_DATE -DSC_MANUFACTUREERURL=\"www.sercomm.com\" -DSC_MODELURL=\"www.vodafone.com\" -DCONFIG_SUPPORT_BLOCKING_ACCESS_TO_NEW_DEVICES -DCONFIG_SUPPORT_ARP_TABLE_FILTER -DCONFIG_SUPPORT_DYNAMIC_CLI_PROMOTE -DSC_HW_VERSION=\"v2\" -DSC_OEM_OUI_STRING=\"_VODAFONE_\" -DBRCM_502 -DCONFIG_SUPPORT_PASSWORD_PROTECTION -DMULTI_LEVEL_CONFIG -DCONFIG_SAFE_NETWORK -DCONFIG_SUPPORT_WEB_PRIVOXY -DCONFIG_SCM_SUPPORT -D__SC_BUILD__ -DVOX30_SFP -DVOX_LED_SPEC -DCONFIG_SUPPORT_NEW_LED_BEHAV -DSC_MIXVENDOR_SPT -DSC_VOIP_SUPPORT_PBX -DSC_VOIP_SUPPORT_SILENT_CALL -D_SC_SPI_FIREWALL_ -DSUPPORT_OMCI -DSUPPORT_WIFI -DCONFIG_SUPPORT_WIFI -DSUPPORT_MIMO -DSUPPORT_WSC -DWMF -DSUPPORT_WIFI_BRCM -DSUPPORT_WIFI_11N_CERTIFICATE -DSUPPORT_WIFI_WPS_CERTIFICATE -DSUPPORT_VOIP -DSUPPORT_ROUTER -DCONFIG_SUPPORT_CHRONY -DSUPPORT_HWNAT -DSUPPORT_MULTIWAN_DOMAIN -DSUPPORT_MULTIWAN_NTP_BINDIP -DSUPPORT_SNMP -DSUPPORT_TR069 -DSUPPORT_SSHD -DSUPPORT_DUALIMAGE -DSCM_PACKET_MARK -DSUPPORT_USB_STORAGE -DCONFIG_SUPPORT_SAMBA_VERSION_36 -DSUPPORT_USB_PRINTER -DCONFIG_SUPPORT_IPV6 -DCML_CONVERT_BOOL -DSUPPORT_STATISTICS_NOTIFICATION -DCONFIG_SUPPORT_MEDIA_SERVER -DCONFIG_SUPPORT_DSL -DCONFIG_SUPPORT_VDSL -DCONFIG_SUPPORT_QOS -DCONFIG_SUPPORT_AUTO_SENSE -DCONFIG_SUPPORT_JSON -DCONFIG_BRCM_SUPPORT -DCONFIG_BRCM_SUPPORT_VMUX -DCONFIG_SUPPORT_PRIVATE_HOSTNAME -DHTTP_LOGIN_COOKIE -DCONFIG_SUPPORT_REDIRECT -DCONFIG_SUPPORT_CWMP_RANDOM_PORT -DCONFIG_SUPPORT_WIZARD -DCONFIG_SUPPORT_3G -DCONFIG_SUPPORT_SMS -DCONFIG_SUPPORT_K4203 -DCONFIG_SUPPORT_K5150 -DCONFIG_SUPPORT_3G_BACKUP -DCONFIG_SUPPORT_FIRST_AUTO_DOD -DCONFIG_SUPPORT_VOCS -DSUPPORT_PHONE_PIN_WIZARD -DCONFIG_SUPPORT_WAN_BACKUP -DCONFIG_SUPPORT_ENCRYPTION_AES -DCONFIG_SUPPORT_DEBUG -DCONFIG_SUPPORT_IPTV -DCONFIG_SUPPORT_FON -DCONFIG_SUPPORT_RUNNER -DCONFIG_SUPPORT_L2TP -DCONFIG_SUPPORT_WIFI_MSSID -DCONFIG_USE_DNSMASQ -DCONFIG_SUPPORT_WIFI_5G -DCONFIG_SUPPORT_5G_BRCM -DCONFIG_SUPPORT_STATIC_NAT -DSUPPORT_TWO_FXS -DCONFIG_SUPPORT_WEBAPI -DCONFIG_SUPPORT_UBUS -DCONFIG_SUPPORT_PRPL_HL_API -DCONFIG_SUPPORT_IPERF -DCONFIG_SUPPORT_BANDSTEERING -DCONFIG_SUPPORT_WOLAN -DCONFIG_SUPPORT_ENERGY_SAVING -DCONFIG_SUPPORT_SJCL_ENCRYPT -DCONFIG_SUPPORT_CGN -DCONFIG_SUPPORT_SEC_BOOT -DCONFIG_SUPPORT_AUTO_DETECT -DCONFIG_SUPPORT_DSL_FTTH_SWITCH -DCONFIG_SUPPORT_L2TP_CLIENT -DCONFIG_SUPPORT_L2TP_SERVER -DCONFIG_SUPPORT_PPTP_CLIENT -DCONFIG_SUPPORT_PPTP_SERVER -DCONFIG_CRASH_LOG -DCONFIG_SUPPORT_IPSEC_CLIENT -DCONFIG_SUPPORT_NATLOOPBACK -DCONFIG_SUPPORT_PACKAGE -DCONFIG_SUPPORT_BOOSTER_MODE -DCONFIG_PPP_SUPPORT_PADM_PADN -DCONFIG_SUPPORT_TR157 -DCONFIG_SUPPORT_LCM -DCONFIG_SUPPORT_SUPERWIFI -fstack-protector -DCONFIG_SUPPORT_SMARTTHING -DCONFIG_SUPPORT_HA -DCONFIG_SUPPORT_MQTT   conftest.c  >&5
<command-line>:0:14: warning: missing terminating " character
<command-line>:0:15: warning: missing terminating " character
<command-line>:0:20: warning: missing terminating " character
<command-line>:0:9: warning: missing terminating " character
<command-line>:0:13: warning: missing terminating " character
<command-line>:0:17: warning: missing terminating " character
<command-line>:0:19: warning: missing terminating " character
<command-line>:0:10: warning: missing terminating " character
<command-line>:0:22: warning: missing terminating " character
<command-line>:0:14: warning: missing terminating " character
<command-line>:0:16: warning: missing terminating " character
<command-line>:0:20: warning: missing terminating " character
<command-line>:0:20: warning: missing terminating " character
<command-line>:0:13: warning: missing terminating " character
<command-line>:0:17: warning: missing terminating " character
<command-line>:0:19: warning: missing terminating " character
<command-line>:0:10: warning: missing terminating " character
<command-line>:0:22: warning: missing terminating " character
<command-line>:0:14: warning: missing terminating " character
<command-line>:0:16: warning: missing terminating " character
<command-line>:0:20: warning: missing terminating " character
configure:4127: $? = 0
configure:4127: result: yes
configure:4127: checking for strtol
configure:4127: arm-linux-gcc -o conftest -DVFIT -DSC_CUSTOMER=\"VFIT\" -DVOX30 -DPRODUCT_TYPE=\"VOX30\" -DFW_VERSION_PREFIX=\"XS\" -DSERCOMM -DSC_OEM=\"SERCOMM\" -DSC_OEM_OUI=\"BC15AC\" -DSC_SSID_PREFIX=\"Vodafone\" -DSPECIAL_ARPPING_URI_DEFINE -DSUPPORT_RESET_ALL_CONFIG -DLANGUAGE_SUPPORT=\"en\" -DSC_OPCO=\"it\" -DCONFIG_SUPPORT_USER_MANAGEMENT_BY_ENDUSER -DCONFIG_SUPPORT_WEEK_DATE -DSC_MANUFACTUREERURL=\"www.sercomm.com\" -DSC_MODELURL=\"www.vodafone.com\" -DCONFIG_SUPPORT_BLOCKING_ACCESS_TO_NEW_DEVICES -DCONFIG_SUPPORT_ARP_TABLE_FILTER -DCONFIG_SUPPORT_DYNAMIC_CLI_PROMOTE -DSC_HW_VERSION=\"v2\" -DSC_OEM_OUI_STRING=\"_VODAFONE_\" -DBRCM_502 -DCONFIG_SUPPORT_PASSWORD_PROTECTION -DMULTI_LEVEL_CONFIG -DCONFIG_SAFE_NETWORK -DCONFIG_SUPPORT_WEB_PRIVOXY -DCONFIG_SCM_SUPPORT -D__SC_BUILD__ -DVOX30_SFP -DVOX_LED_SPEC -DCONFIG_SUPPORT_NEW_LED_BEHAV -DSC_MIXVENDOR_SPT -DSC_VOIP_SUPPORT_PBX -DSC_VOIP_SUPPORT_SILENT_CALL -D_SC_SPI_FIREWALL_ -DSUPPORT_OMCI -DSUPPORT_WIFI -DCONFIG_SUPPORT_WIFI -DSUPPORT_MIMO -DSUPPORT_WSC -DWMF -DSUPPORT_WIFI_BRCM -DSUPPORT_WIFI_11N_CERTIFICATE -DSUPPORT_WIFI_WPS_CERTIFICATE -DSUPPORT_VOIP -DSUPPORT_ROUTER -DCONFIG_SUPPORT_CHRONY -DSUPPORT_HWNAT -DSUPPORT_MULTIWAN_DOMAIN -DSUPPORT_MULTIWAN_NTP_BINDIP -DSUPPORT_SNMP -DSUPPORT_TR069 -DSUPPORT_SSHD -DSUPPORT_DUALIMAGE -DSCM_PACKET_MARK -DSUPPORT_USB_STORAGE -DCONFIG_SUPPORT_SAMBA_VERSION_36 -DSUPPORT_USB_PRINTER -DCONFIG_SUPPORT_IPV6 -DCML_CONVERT_BOOL -DSUPPORT_STATISTICS_NOTIFICATION -DCONFIG_SUPPORT_MEDIA_SERVER -DCONFIG_SUPPORT_DSL -DCONFIG_SUPPORT_VDSL -DCONFIG_SUPPORT_QOS -DCONFIG_SUPPORT_AUTO_SENSE -DCONFIG_SUPPORT_JSON -DCONFIG_BRCM_SUPPORT -DCONFIG_BRCM_SUPPORT_VMUX -DCONFIG_SUPPORT_PRIVATE_HOSTNAME -DHTTP_LOGIN_COOKIE -DCONFIG_SUPPORT_REDIRECT -DCONFIG_SUPPORT_CWMP_RANDOM_PORT -DCONFIG_SUPPORT_WIZARD -DCONFIG_SUPPORT_3G -DCONFIG_SUPPORT_SMS -DCONFIG_SUPPORT_K4203 -DCONFIG_SUPPORT_K5150 -DCONFIG_SUPPORT_3G_BACKUP -DCONFIG_SUPPORT_FIRST_AUTO_DOD -DCONFIG_SUPPORT_VOCS -DSUPPORT_PHONE_PIN_WIZARD -DCONFIG_SUPPORT_WAN_BACKUP -DCONFIG_SUPPORT_ENCRYPTION_AES -DCONFIG_SUPPORT_DEBUG -DCONFIG_SUPPORT_IPTV -DCONFIG_SUPPORT_FON -DCONFIG_SUPPORT_RUNNER -DCONFIG_SUPPORT_L2TP -DCONFIG_SUPPORT_WIFI_MSSID -DCONFIG_USE_DNSMASQ -DCONFIG_SUPPORT_WIFI_5G -DCONFIG_SUPPORT_5G_BRCM -DCONFIG_SUPPORT_STATIC_NAT -DSUPPORT_TWO_FXS -DCONFIG_SUPPORT_WEBAPI -DCONFIG_SUPPORT_UBUS -DCONFIG_SUPPORT_PRPL_HL_API -DCONFIG_SUPPORT_IPERF -DCONFIG_SUPPORT_BANDSTEERING -DCONFIG_SUPPORT_WOLAN -DCONFIG_SUPPORT_ENERGY_SAVING -DCONFIG_SUPPORT_SJCL_ENCRYPT -DCONFIG_SUPPORT_CGN -DCONFIG_SUPPORT_SEC_BOOT -DCONFIG_SUPPORT_AUTO_DETECT -DCONFIG_SUPPORT_DSL_FTTH_SWITCH -DCONFIG_SUPPORT_L2TP_CLIENT -DCONFIG_SUPPORT_L2TP_SERVER -DCONFIG_SUPPORT_PPTP_CLIENT -DCONFIG_SUPPORT_PPTP_SERVER -DCONFIG_CRASH_LOG -DCONFIG_SUPPORT_IPSEC_CLIENT -DCONFIG_SUPPORT_NATLOOPBACK -DCONFIG_SUPPORT_PACKAGE -DCONFIG_SUPPORT_BOOSTER_MODE -DCONFIG_PPP_SUPPORT_PADM_PADN -DCONFIG_SUPPORT_TR157 -DCONFIG_SUPPORT_LCM -DCONFIG_SUPPORT_SUPERWIFI -fstack-protector -DCONFIG_SUPPORT_SMARTTHING -DCONFIG_SUPPORT_HA -DCONFIG_SUPPORT_MQTT -DFW_VERSION_PREFIX=\"XS\" -DSC_OEM_OUI=\"BC15AC\" -DSC_SSID_PREFIX=\"Vodafone\" -DSPECIAL_ARPPING_URI_DEFINE -DSUPPORT_RESET_ALL_CONFIG -DLANGUAGE_SUPPORT=\"en\" -DSC_OPCO=\"it\" -DCONFIG_SUPPORT_USER_MANAGEMENT_BY_ENDUSER -DCONFIG_SUPPORT_WEEK_DATE -DSC_MANUFACTUREERURL=\"www.sercomm.com\" -DSC_MODELURL=\"www.vodafone.com\" -DCONFIG_SUPPORT_BLOCKING_ACCESS_TO_NEW_DEVICES -DCONFIG_SUPPORT_ARP_TABLE_FILTER -DCONFIG_SUPPORT_DYNAMIC_CLI_PROMOTE -DSC_HW_VERSION=\"v2\" -DSC_OEM_OUI_STRING=\"_VODAFONE_\" -DBRCM_502 -DCONFIG_SUPPORT_PASSWORD_PROTECTION -DMULTI_LEVEL_CONFIG -DCONFIG_SAFE_NETWORK -DCONFIG_SUPPORT_WEB_PRIVOXY -DCONFIG_SCM_SUPPORT -D__SC_BUILD__ -DVOX30_SFP -DVOX_LED_SPEC -DCONFIG_SUPPORT_NEW_LED_BEHAV -DSC_MIXVENDOR_SPT -DSC_VOIP_SUPPORT_PBX -DSC_VOIP_SUPPORT_SILENT_CALL -D_SC_SPI_FIREWALL_ -DSUPPORT_OMCI -DSUPPORT_WIFI -DCONFIG_SUPPORT_WIFI -DSUPPORT_MIMO -DSUPPORT_WSC -DWMF -DSUPPORT_WIFI_BRCM -DSUPPORT_WIFI_11N_CERTIFICATE -DSUPPORT_WIFI_WPS_CERTIFICATE -DSUPPORT_VOIP -DSUPPORT_ROUTER -DCONFIG_SUPPORT_CHRONY -DSUPPORT_HWNAT -DSUPPORT_MULTIWAN_DOMAIN -DSUPPORT_MULTIWAN_NTP_BINDIP -DSUPPORT_SNMP -DSUPPORT_TR069 -DSUPPORT_SSHD -DSUPPORT_DUALIMAGE -DSCM_PACKET_MARK -DSUPPORT_USB_STORAGE -DCONFIG_SUPPORT_SAMBA_VERSION_36 -DSUPPORT_USB_PRINTER -DCONFIG_SUPPORT_IPV6 -DCML_CONVERT_BOOL -DSUPPORT_STATISTICS_NOTIFICATION -DCONFIG_SUPPORT_MEDIA_SERVER -DCONFIG_SUPPORT_DSL -DCONFIG_SUPPORT_VDSL -DCONFIG_SUPPORT_QOS -DCONFIG_SUPPORT_AUTO_SENSE -DCONFIG_SUPPORT_JSON -DCONFIG_BRCM_SUPPORT -DCONFIG_BRCM_SUPPORT_VMUX -DCONFIG_SUPPORT_PRIVATE_HOSTNAME -DHTTP_LOGIN_COOKIE -DCONFIG_SUPPORT_REDIRECT -DCONFIG_SUPPORT_CWMP_RANDOM_PORT -DCONFIG_SUPPORT_WIZARD -DCONFIG_SUPPORT_3G -DCONFIG_SUPPORT_SMS -DCONFIG_SUPPORT_K4203 -DCONFIG_SUPPORT_K5150 -DCONFIG_SUPPORT_3G_BACKUP -DCONFIG_SUPPORT_FIRST_AUTO_DOD -DCONFIG_SUPPORT_VOCS -DSUPPORT_PHONE_PIN_WIZARD -DCONFIG_SUPPORT_WAN_BACKUP -DCONFIG_SUPPORT_ENCRYPTION_AES -DCONFIG_SUPPORT_DEBUG -DCONFIG_SUPPORT_IPTV -DCONFIG_SUPPORT_FON -DCONFIG_SUPPORT_RUNNER -DCONFIG_SUPPORT_L2TP -DCONFIG_SUPPORT_WIFI_MSSID -DCONFIG_USE_DNSMASQ -DCONFIG_SUPPORT_WIFI_5G -DCONFIG_SUPPORT_5G_BRCM -DCONFIG_SUPPORT_STATIC_NAT -DSUPPORT_TWO_FXS -DCONFIG_SUPPORT_WEBAPI -DCONFIG_SUPPORT_UBUS -DCONFIG_SUPPORT_PRPL_HL_API -DCONFIG_SUPPORT_IPERF -DCONFIG_SUPPORT_BANDSTEERING -DCONFIG_SUPPORT_WOLAN -DCONFIG_SUPPORT_ENERGY_SAVING -DCONFIG_SUPPORT_SJCL_ENCRYPT -DCONFIG_SUPPORT_CGN -DCONFIG_SUPPORT_SEC_BOOT -DCONFIG_SUPPORT_AUTO_DETECT -DCONFIG_SUPPORT_DSL_FTTH_SWITCH -DCONFIG_SUPPORT_L2TP_CLIENT -DCONFIG_SUPPORT_L2TP_SERVER -DCONFIG_SUPPORT_PPTP_CLIENT -DCONFIG_SUPPORT_PPTP_SERVER -DCONFIG_CRASH_LOG -DCONFIG_SUPPORT_IPSEC_CLIENT -DCONFIG_SUPPORT_NATLOOPBACK -DCONFIG_SUPPORT_PACKAGE -DCONFIG_SUPPORT_BOOSTER_MODE -DCONFIG_PPP_SUPPORT_PADM_PADN -DCONFIG_SUPPORT_TR157 -DCONFIG_SUPPORT_LCM -DCONFIG_SUPPORT_SUPERWIFI -fstack-protector -DCONFIG_SUPPORT_SMARTTHING -DCONFIG_SUPPORT_HA -DCONFIG_SUPPORT_MQTT   conftest.c  >&5
<command-line>:0:14: warning: missing terminating " character
<command-line>:0:15: warning: missing terminating " character
<command-line>:0:20: warning: missing terminating " character
<command-line>:0:9: warning: missing terminating " character
<command-line>:0:13: warning: missing terminating " character
<command-line>:0:17: warning: missing terminating " character
<command-line>:0:19: warning: missing terminating " character
<command-line>:0:10: warning: missing terminating " character
<command-line>:0:22: warning: missing terminating " character
<command-line>:0:14: warning: missing terminating " character
<command-line>:0:16: warning: missing terminating " character
<command-line>:0:20: warning: missing terminating " character
<command-line>:0:20: warning: missing terminating " character
<command-line>:0:13: warning: missing terminating " character
<command-line>:0:17: warning: missing terminating " character
<command-line>:0:19: warning: missing terminating " character
<command-line>:0:10: warning: missing terminating " character
<command-line>:0:22: warning: missing terminating " character
<command-line>:0:14: warning: missing terminating " character
<command-line>:0:16: warning: missing terminating " character
<command-line>:0:20: warning: missing terminating " character
configure:4127: $? = 0
configure:4127: result: yes
configure:4269: checking that generated files are newer than configure
configure:4275: result: done
configure:4306: creating ./config.status

## ---------------------- ##
## Running config.status. ##
## ---------------------- ##

This file was extended by ethtool config.status 4.19, which was
generated by GNU Autoconf 2.69.  Invocation command line was

  CONFIG_FILES    = 
  CONFIG_HEADERS  = 
  CONFIG_LINKS    = 
  CONFIG_COMMANDS = 
  $ ./config.status 

on ubuntu

config.status:894: creating Makefile
config.status:894: creating ethtool.spec
config.status:894: creating ethtool.8
config.status:894: creating ethtool-config.h
config.status:1123: executing depfiles commands

## ---------------- ##
## Cache variables. ##
## ---------------- ##

ac_cv_c_compiler_gnu=yes
ac_cv_env_CC_set=set
ac_cv_env_CC_value=arm-linux-gcc
ac_cv_env_CFLAGS_set=set
ac_cv_env_CFLAGS_value='-DVFIT -DSC_CUSTOMER=\"VFIT\" -DVOX30 -DPRODUCT_TYPE=\"VOX30\" -DFW_VERSION_PREFIX=\"XS\" -DSERCOMM -DSC_OEM=\"SERCOMM\" -DSC_OEM_OUI=\"BC15AC\" -DSC_SSID_PREFIX=\"Vodafone\" -DSPECIAL_ARPPING_URI_DEFINE -DSUPPORT_RESET_ALL_CONFIG -DLANGUAGE_SUPPORT=\"en\" -DSC_OPCO=\"it\" -DCONFIG_SUPPORT_USER_MANAGEMENT_BY_ENDUSER -DCONFIG_SUPPORT_WEEK_DATE -DSC_MANUFACTUREERURL=\"www.sercomm.com\" -DSC_MODELURL=\"www.vodafone.com\" -DCONFIG_SUPPORT_BLOCKING_ACCESS_TO_NEW_DEVICES -DCONFIG_SUPPORT_ARP_TABLE_FILTER -DCONFIG_SUPPORT_DYNAMIC_CLI_PROMOTE -DSC_HW_VERSION=\"v2\" -DSC_OEM_OUI_STRING=\"_VODAFONE_\" -DBRCM_502 -DCONFIG_SUPPORT_PASSWORD_PROTECTION -DMULTI_LEVEL_CONFIG -DCONFIG_SAFE_NETWORK -DCONFIG_SUPPORT_WEB_PRIVOXY -DCONFIG_SCM_SUPPORT -D__SC_BUILD__ -DVOX30_SFP -DVOX_LED_SPEC -DCONFIG_SUPPORT_NEW_LED_BEHAV -DSC_MIXVENDOR_SPT -DSC_VOIP_SUPPORT_PBX -DSC_VOIP_SUPPORT_SILENT_CALL -D_SC_SPI_FIREWALL_ -DSUPPORT_OMCI -DSUPPORT_WIFI -DCONFIG_SUPPORT_WIFI -DSUPPORT_MIMO -DSUPPORT_WSC -DWMF -DSUPPORT_WIFI_BRCM -DSUPPORT_WIFI_11N_CERTIFICATE -DSUPPORT_WIFI_WPS_CERTIFICATE -DSUPPORT_VOIP -DSUPPORT_ROUTER -DCONFIG_SUPPORT_CHRONY -DSUPPORT_HWNAT -DSUPPORT_MULTIWAN_DOMAIN -DSUPPORT_MULTIWAN_NTP_BINDIP -DSUPPORT_SNMP -DSUPPORT_TR069 -DSUPPORT_SSHD -DSUPPORT_DUALIMAGE -DSCM_PACKET_MARK -DSUPPORT_USB_STORAGE -DCONFIG_SUPPORT_SAMBA_VERSION_36 -DSUPPORT_USB_PRINTER -DCONFIG_SUPPORT_IPV6 -DCML_CONVERT_BOOL -DSUPPORT_STATISTICS_NOTIFICATION -DCONFIG_SUPPORT_MEDIA_SERVER -DCONFIG_SUPPORT_DSL -DCONFIG_SUPPORT_VDSL -DCONFIG_SUPPORT_QOS -DCONFIG_SUPPORT_AUTO_SENSE -DCONFIG_SUPPORT_JSON -DCONFIG_BRCM_SUPPORT -DCONFIG_BRCM_SUPPORT_VMUX -DCONFIG_SUPPORT_PRIVATE_HOSTNAME -DHTTP_LOGIN_COOKIE -DCONFIG_SUPPORT_REDIRECT -DCONFIG_SUPPORT_CWMP_RANDOM_PORT -DCONFIG_SUPPORT_WIZARD -DCONFIG_SUPPORT_3G -DCONFIG_SUPPORT_SMS -DCONFIG_SUPPORT_K4203 -DCONFIG_SUPPORT_K5150 -DCONFIG_SUPPORT_3G_BACKUP -DCONFIG_SUPPORT_FIRST_AUTO_DOD -DCONFIG_SUPPORT_VOCS -DSUPPORT_PHONE_PIN_WIZARD -DCONFIG_SUPPORT_WAN_BACKUP -DCONFIG_SUPPORT_ENCRYPTION_AES -DCONFIG_SUPPORT_DEBUG -DCONFIG_SUPPORT_IPTV -DCONFIG_SUPPORT_FON -DCONFIG_SUPPORT_RUNNER -DCONFIG_SUPPORT_L2TP -DCONFIG_SUPPORT_WIFI_MSSID -DCONFIG_USE_DNSMASQ -DCONFIG_SUPPORT_WIFI_5G -DCONFIG_SUPPORT_5G_BRCM -DCONFIG_SUPPORT_STATIC_NAT -DSUPPORT_TWO_FXS -DCONFIG_SUPPORT_WEBAPI -DCONFIG_SUPPORT_UBUS -DCONFIG_SUPPORT_PRPL_HL_API -DCONFIG_SUPPORT_IPERF -DCONFIG_SUPPORT_BANDSTEERING -DCONFIG_SUPPORT_WOLAN -DCONFIG_SUPPORT_ENERGY_SAVING -DCONFIG_SUPPORT_SJCL_ENCRYPT -DCONFIG_SUPPORT_CGN -DCONFIG_SUPPORT_SEC_BOOT -DCONFIG_SUPPORT_AUTO_DETECT -DCONFIG_SUPPORT_DSL_FTTH_SWITCH -DCONFIG_SUPPORT_L2TP_CLIENT -DCONFIG_SUPPORT_L2TP_SERVER -DCONFIG_SUPPORT_PPTP_CLIENT -DCONFIG_SUPPORT_PPTP_SERVER -DCONFIG_CRASH_LOG -DCONFIG_SUPPORT_IPSEC_CLIENT -DCONFIG_SUPPORT_NATLOOPBACK -DCONFIG_SUPPORT_PACKAGE -DCONFIG_SUPPORT_BOOSTER_MODE -DCONFIG_PPP_SUPPORT_PADM_PADN -DCONFIG_SUPPORT_TR157 -DCONFIG_SUPPORT_LCM -DCONFIG_SUPPORT_SUPERWIFI -fstack-protector -DCONFIG_SUPPORT_SMARTTHING -DCONFIG_SUPPORT_HA -DCONFIG_SUPPORT_MQTT -DFW_VERSION_PREFIX=\"XS\" -DSC_OEM_OUI=\"BC15AC\" -DSC_SSID_PREFIX=\"Vodafone\" -DSPECIAL_ARPPING_URI_DEFINE -DSUPPORT_RESET_ALL_CONFIG -DLANGUAGE_SUPPORT=\"en\" -DSC_OPCO=\"it\" -DCONFIG_SUPPORT_USER_MANAGEMENT_BY_ENDUSER -DCONFIG_SUPPORT_WEEK_DATE -DSC_MANUFACTUREERURL=\"www.sercomm.com\" -DSC_MODELURL=\"www.vodafone.com\" -DCONFIG_SUPPORT_BLOCKING_ACCESS_TO_NEW_DEVICES -DCONFIG_SUPPORT_ARP_TABLE_FILTER -DCONFIG_SUPPORT_DYNAMIC_CLI_PROMOTE -DSC_HW_VERSION=\"v2\" -DSC_OEM_OUI_STRING=\"_VODAFONE_\" -DBRCM_502 -DCONFIG_SUPPORT_PASSWORD_PROTECTION -DMULTI_LEVEL_CONFIG -DCONFIG_SAFE_NETWORK -DCONFIG_SUPPORT_WEB_PRIVOXY -DCONFIG_SCM_SUPPORT -D__SC_BUILD__ -DVOX30_SFP -DVOX_LED_SPEC -DCONFIG_SUPPORT_NEW_LED_BEHAV -DSC_MIXVENDOR_SPT -DSC_VOIP_SUPPORT_PBX -DSC_VOIP_SUPPORT_SILENT_CALL -D_SC_SPI_FIREWALL_ -DSUPPORT_OMCI -DSUPPORT_WIFI -DCONFIG_SUPPORT_WIFI -DSUPPORT_MIMO -DSUPPORT_WSC -DWMF -DSUPPORT_WIFI_BRCM -DSUPPORT_WIFI_11N_CERTIFICATE -DSUPPORT_WIFI_WPS_CERTIFICATE -DSUPPORT_VOIP -DSUPPORT_ROUTER -DCONFIG_SUPPORT_CHRONY -DSUPPORT_HWNAT -DSUPPORT_MULTIWAN_DOMAIN -DSUPPORT_MULTIWAN_NTP_BINDIP -DSUPPORT_SNMP -DSUPPORT_TR069 -DSUPPORT_SSHD -DSUPPORT_DUALIMAGE -DSCM_PACKET_MARK -DSUPPORT_USB_STORAGE -DCONFIG_SUPPORT_SAMBA_VERSION_36 -DSUPPORT_USB_PRINTER -DCONFIG_SUPPORT_IPV6 -DCML_CONVERT_BOOL -DSUPPORT_STATISTICS_NOTIFICATION -DCONFIG_SUPPORT_MEDIA_SERVER -DCONFIG_SUPPORT_DSL -DCONFIG_SUPPORT_VDSL -DCONFIG_SUPPORT_QOS -DCONFIG_SUPPORT_AUTO_SENSE -DCONFIG_SUPPORT_JSON -DCONFIG_BRCM_SUPPORT -DCONFIG_BRCM_SUPPORT_VMUX -DCONFIG_SUPPORT_PRIVATE_HOSTNAME -DHTTP_LOGIN_COOKIE -DCONFIG_SUPPORT_REDIRECT -DCONFIG_SUPPORT_CWMP_RANDOM_PORT -DCONFIG_SUPPORT_WIZARD -DCONFIG_SUPPORT_3G -DCONFIG_SUPPORT_SMS -DCONFIG_SUPPORT_K4203 -DCONFIG_SUPPORT_K5150 -DCONFIG_SUPPORT_3G_BACKUP -DCONFIG_SUPPORT_FIRST_AUTO_DOD -DCONFIG_SUPPORT_VOCS -DSUPPORT_PHONE_PIN_WIZARD -DCONFIG_SUPPORT_WAN_BACKUP -DCONFIG_SUPPORT_ENCRYPTION_AES -DCONFIG_SUPPORT_DEBUG -DCONFIG_SUPPORT_IPTV -DCONFIG_SUPPORT_FON -DCONFIG_SUPPORT_RUNNER -DCONFIG_SUPPORT_L2TP -DCONFIG_SUPPORT_WIFI_MSSID -DCONFIG_USE_DNSMASQ -DCONFIG_SUPPORT_WIFI_5G -DCONFIG_SUPPORT_5G_BRCM -DCONFIG_SUPPORT_STATIC_NAT -DSUPPORT_TWO_FXS -DCONFIG_SUPPORT_WEBAPI -DCONFIG_SUPPORT_UBUS -DCONFIG_SUPPORT_PRPL_HL_API -DCONFIG_SUPPORT_IPERF -DCONFIG_SUPPORT_BANDSTEERING -DCONFIG_SUPPORT_WOLAN -DCONFIG_SUPPORT_ENERGY_SAVING -DCONFIG_SUPPORT_SJCL_ENCRYPT -DCONFIG_SUPPORT_CGN -DCONFIG_SUPPORT_SEC_BOOT -DCONFIG_SUPPORT_AUTO_DETECT -DCONFIG_SUPPORT_DSL_FTTH_SWITCH -DCONFIG_SUPPORT_L2TP_CLIENT -DCONFIG_SUPPORT_L2TP_SERVER -DCONFIG_SUPPORT_PPTP_CLIENT -DCONFIG_SUPPORT_PPTP_SERVER -DCONFIG_CRASH_LOG -DCONFIG_SUPPORT_IPSEC_CLIENT -DCONFIG_SUPPORT_NATLOOPBACK -DCONFIG_SUPPORT_PACKAGE -DCONFIG_SUPPORT_BOOSTER_MODE -DCONFIG_PPP_SUPPORT_PADM_PADN -DCONFIG_SUPPORT_TR157 -DCONFIG_SUPPORT_LCM -DCONFIG_SUPPORT_SUPERWIFI -fstack-protector -DCONFIG_SUPPORT_SMARTTHING -DCONFIG_SUPPORT_HA -DCONFIG_SUPPORT_MQTT'
ac_cv_env_CPPFLAGS_set=
ac_cv_env_CPPFLAGS_value=
ac_cv_env_CPP_set=set
ac_cv_env_CPP_value='arm-linux-gcc -E'
ac_cv_env_LDFLAGS_set=
ac_cv_env_LDFLAGS_value=
ac_cv_env_LIBS_set=
ac_cv_env_LIBS_value=
ac_cv_env_build_alias_set=
ac_cv_env_build_alias_value=
ac_cv_env_host_alias_set=set
ac_cv_env_host_alias_value=arm-linux
ac_cv_env_target_alias_set=set
ac_cv_env_target_alias_value=arm-linux
ac_cv_func_socket=yes
ac_cv_func_strtol=yes
ac_cv_header_stdc=yes
ac_cv_objext=o
ac_cv_path_EGREP='/bin/grep -E'
ac_cv_path_GREP=/bin/grep
ac_cv_path_install='/usr/bin/install -c'
ac_cv_path_mkdir=/bin/mkdir
ac_cv_prog_AWK=gawk
ac_cv_prog_CC=arm-linux-gcc
ac_cv_prog_CPP='arm-linux-gcc -E'
ac_cv_prog_STRIP=arm-linux-strip
ac_cv_prog_cc_c89=
ac_cv_prog_cc_g=yes
ac_cv_prog_gcc_traditional=no
ac_cv_prog_make_make_set=yes
am_cv_CC_dependencies_compiler_type=gcc3
am_cv_make_support_nested_variables=yes
am_cv_prog_cc_c_o=yes

## ----------------- ##
## Output variables. ##
## ----------------- ##

ACLOCAL='${SHELL} /home2/martin/work/VOX3.0/user/public/apps/ethtool/ethtool-4.19/missing aclocal-1.15'
AMDEPBACKSLASH='\'
AMDEP_FALSE='#'
AMDEP_TRUE=''
AMTAR='$${TAR-tar}'
AM_BACKSLASH='\'
AM_DEFAULT_V='$(AM_DEFAULT_VERBOSITY)'
AM_DEFAULT_VERBOSITY='1'
AM_V='$(V)'
AUTOCONF='${SHELL} /home2/martin/work/VOX3.0/user/public/apps/ethtool/ethtool-4.19/missing autoconf'
AUTOHEADER='${SHELL} /home2/martin/work/VOX3.0/user/public/apps/ethtool/ethtool-4.19/missing autoheader'
AUTOMAKE='${SHELL} /home2/martin/work/VOX3.0/user/public/apps/ethtool/ethtool-4.19/missing automake-1.15'
AWK='gawk'
CC='arm-linux-gcc'
CCDEPMODE='depmode=gcc3'
CFLAGS='-DVFIT -DSC_CUSTOMER=\"VFIT\" -DVOX30 -DPRODUCT_TYPE=\"VOX30\" -DFW_VERSION_PREFIX=\"XS\" -DSERCOMM -DSC_OEM=\"SERCOMM\" -DSC_OEM_OUI=\"BC15AC\" -DSC_SSID_PREFIX=\"Vodafone\" -DSPECIAL_ARPPING_URI_DEFINE -DSUPPORT_RESET_ALL_CONFIG -DLANGUAGE_SUPPORT=\"en\" -DSC_OPCO=\"it\" -DCONFIG_SUPPORT_USER_MANAGEMENT_BY_ENDUSER -DCONFIG_SUPPORT_WEEK_DATE -DSC_MANUFACTUREERURL=\"www.sercomm.com\" -DSC_MODELURL=\"www.vodafone.com\" -DCONFIG_SUPPORT_BLOCKING_ACCESS_TO_NEW_DEVICES -DCONFIG_SUPPORT_ARP_TABLE_FILTER -DCONFIG_SUPPORT_DYNAMIC_CLI_PROMOTE -DSC_HW_VERSION=\"v2\" -DSC_OEM_OUI_STRING=\"_VODAFONE_\" -DBRCM_502 -DCONFIG_SUPPORT_PASSWORD_PROTECTION -DMULTI_LEVEL_CONFIG -DCONFIG_SAFE_NETWORK -DCONFIG_SUPPORT_WEB_PRIVOXY -DCONFIG_SCM_SUPPORT -D__SC_BUILD__ -DVOX30_SFP -DVOX_LED_SPEC -DCONFIG_SUPPORT_NEW_LED_BEHAV -DSC_MIXVENDOR_SPT -DSC_VOIP_SUPPORT_PBX -DSC_VOIP_SUPPORT_SILENT_CALL -D_SC_SPI_FIREWALL_ -DSUPPORT_OMCI -DSUPPORT_WIFI -DCONFIG_SUPPORT_WIFI -DSUPPORT_MIMO -DSUPPORT_WSC -DWMF -DSUPPORT_WIFI_BRCM -DSUPPORT_WIFI_11N_CERTIFICATE -DSUPPORT_WIFI_WPS_CERTIFICATE -DSUPPORT_VOIP -DSUPPORT_ROUTER -DCONFIG_SUPPORT_CHRONY -DSUPPORT_HWNAT -DSUPPORT_MULTIWAN_DOMAIN -DSUPPORT_MULTIWAN_NTP_BINDIP -DSUPPORT_SNMP -DSUPPORT_TR069 -DSUPPORT_SSHD -DSUPPORT_DUALIMAGE -DSCM_PACKET_MARK -DSUPPORT_USB_STORAGE -DCONFIG_SUPPORT_SAMBA_VERSION_36 -DSUPPORT_USB_PRINTER -DCONFIG_SUPPORT_IPV6 -DCML_CONVERT_BOOL -DSUPPORT_STATISTICS_NOTIFICATION -DCONFIG_SUPPORT_MEDIA_SERVER -DCONFIG_SUPPORT_DSL -DCONFIG_SUPPORT_VDSL -DCONFIG_SUPPORT_QOS -DCONFIG_SUPPORT_AUTO_SENSE -DCONFIG_SUPPORT_JSON -DCONFIG_BRCM_SUPPORT -DCONFIG_BRCM_SUPPORT_VMUX -DCONFIG_SUPPORT_PRIVATE_HOSTNAME -DHTTP_LOGIN_COOKIE -DCONFIG_SUPPORT_REDIRECT -DCONFIG_SUPPORT_CWMP_RANDOM_PORT -DCONFIG_SUPPORT_WIZARD -DCONFIG_SUPPORT_3G -DCONFIG_SUPPORT_SMS -DCONFIG_SUPPORT_K4203 -DCONFIG_SUPPORT_K5150 -DCONFIG_SUPPORT_3G_BACKUP -DCONFIG_SUPPORT_FIRST_AUTO_DOD -DCONFIG_SUPPORT_VOCS -DSUPPORT_PHONE_PIN_WIZARD -DCONFIG_SUPPORT_WAN_BACKUP -DCONFIG_SUPPORT_ENCRYPTION_AES -DCONFIG_SUPPORT_DEBUG -DCONFIG_SUPPORT_IPTV -DCONFIG_SUPPORT_FON -DCONFIG_SUPPORT_RUNNER -DCONFIG_SUPPORT_L2TP -DCONFIG_SUPPORT_WIFI_MSSID -DCONFIG_USE_DNSMASQ -DCONFIG_SUPPORT_WIFI_5G -DCONFIG_SUPPORT_5G_BRCM -DCONFIG_SUPPORT_STATIC_NAT -DSUPPORT_TWO_FXS -DCONFIG_SUPPORT_WEBAPI -DCONFIG_SUPPORT_UBUS -DCONFIG_SUPPORT_PRPL_HL_API -DCONFIG_SUPPORT_IPERF -DCONFIG_SUPPORT_BANDSTEERING -DCONFIG_SUPPORT_WOLAN -DCONFIG_SUPPORT_ENERGY_SAVING -DCONFIG_SUPPORT_SJCL_ENCRYPT -DCONFIG_SUPPORT_CGN -DCONFIG_SUPPORT_SEC_BOOT -DCONFIG_SUPPORT_AUTO_DETECT -DCONFIG_SUPPORT_DSL_FTTH_SWITCH -DCONFIG_SUPPORT_L2TP_CLIENT -DCONFIG_SUPPORT_L2TP_SERVER -DCONFIG_SUPPORT_PPTP_CLIENT -DCONFIG_SUPPORT_PPTP_SERVER -DCONFIG_CRASH_LOG -DCONFIG_SUPPORT_IPSEC_CLIENT -DCONFIG_SUPPORT_NATLOOPBACK -DCONFIG_SUPPORT_PACKAGE -DCONFIG_SUPPORT_BOOSTER_MODE -DCONFIG_PPP_SUPPORT_PADM_PADN -DCONFIG_SUPPORT_TR157 -DCONFIG_SUPPORT_LCM -DCONFIG_SUPPORT_SUPERWIFI -fstack-protector -DCONFIG_SUPPORT_SMARTTHING -DCONFIG_SUPPORT_HA -DCONFIG_SUPPORT_MQTT -DFW_VERSION_PREFIX=\"XS\" -DSC_OEM_OUI=\"BC15AC\" -DSC_SSID_PREFIX=\"Vodafone\" -DSPECIAL_ARPPING_URI_DEFINE -DSUPPORT_RESET_ALL_CONFIG -DLANGUAGE_SUPPORT=\"en\" -DSC_OPCO=\"it\" -DCONFIG_SUPPORT_USER_MANAGEMENT_BY_ENDUSER -DCONFIG_SUPPORT_WEEK_DATE -DSC_MANUFACTUREERURL=\"www.sercomm.com\" -DSC_MODELURL=\"www.vodafone.com\" -DCONFIG_SUPPORT_BLOCKING_ACCESS_TO_NEW_DEVICES -DCONFIG_SUPPORT_ARP_TABLE_FILTER -DCONFIG_SUPPORT_DYNAMIC_CLI_PROMOTE -DSC_HW_VERSION=\"v2\" -DSC_OEM_OUI_STRING=\"_VODAFONE_\" -DBRCM_502 -DCONFIG_SUPPORT_PASSWORD_PROTECTION -DMULTI_LEVEL_CONFIG -DCONFIG_SAFE_NETWORK -DCONFIG_SUPPORT_WEB_PRIVOXY -DCONFIG_SCM_SUPPORT -D__SC_BUILD__ -DVOX30_SFP -DVOX_LED_SPEC -DCONFIG_SUPPORT_NEW_LED_BEHAV -DSC_MIXVENDOR_SPT -DSC_VOIP_SUPPORT_PBX -DSC_VOIP_SUPPORT_SILENT_CALL -D_SC_SPI_FIREWALL_ -DSUPPORT_OMCI -DSUPPORT_WIFI -DCONFIG_SUPPORT_WIFI -DSUPPORT_MIMO -DSUPPORT_WSC -DWMF -DSUPPORT_WIFI_BRCM -DSUPPORT_WIFI_11N_CERTIFICATE -DSUPPORT_WIFI_WPS_CERTIFICATE -DSUPPORT_VOIP -DSUPPORT_ROUTER -DCONFIG_SUPPORT_CHRONY -DSUPPORT_HWNAT -DSUPPORT_MULTIWAN_DOMAIN -DSUPPORT_MULTIWAN_NTP_BINDIP -DSUPPORT_SNMP -DSUPPORT_TR069 -DSUPPORT_SSHD -DSUPPORT_DUALIMAGE -DSCM_PACKET_MARK -DSUPPORT_USB_STORAGE -DCONFIG_SUPPORT_SAMBA_VERSION_36 -DSUPPORT_USB_PRINTER -DCONFIG_SUPPORT_IPV6 -DCML_CONVERT_BOOL -DSUPPORT_STATISTICS_NOTIFICATION -DCONFIG_SUPPORT_MEDIA_SERVER -DCONFIG_SUPPORT_DSL -DCONFIG_SUPPORT_VDSL -DCONFIG_SUPPORT_QOS -DCONFIG_SUPPORT_AUTO_SENSE -DCONFIG_SUPPORT_JSON -DCONFIG_BRCM_SUPPORT -DCONFIG_BRCM_SUPPORT_VMUX -DCONFIG_SUPPORT_PRIVATE_HOSTNAME -DHTTP_LOGIN_COOKIE -DCONFIG_SUPPORT_REDIRECT -DCONFIG_SUPPORT_CWMP_RANDOM_PORT -DCONFIG_SUPPORT_WIZARD -DCONFIG_SUPPORT_3G -DCONFIG_SUPPORT_SMS -DCONFIG_SUPPORT_K4203 -DCONFIG_SUPPORT_K5150 -DCONFIG_SUPPORT_3G_BACKUP -DCONFIG_SUPPORT_FIRST_AUTO_DOD -DCONFIG_SUPPORT_VOCS -DSUPPORT_PHONE_PIN_WIZARD -DCONFIG_SUPPORT_WAN_BACKUP -DCONFIG_SUPPORT_ENCRYPTION_AES -DCONFIG_SUPPORT_DEBUG -DCONFIG_SUPPORT_IPTV -DCONFIG_SUPPORT_FON -DCONFIG_SUPPORT_RUNNER -DCONFIG_SUPPORT_L2TP -DCONFIG_SUPPORT_WIFI_MSSID -DCONFIG_USE_DNSMASQ -DCONFIG_SUPPORT_WIFI_5G -DCONFIG_SUPPORT_5G_BRCM -DCONFIG_SUPPORT_STATIC_NAT -DSUPPORT_TWO_FXS -DCONFIG_SUPPORT_WEBAPI -DCONFIG_SUPPORT_UBUS -DCONFIG_SUPPORT_PRPL_HL_API -DCONFIG_SUPPORT_IPERF -DCONFIG_SUPPORT_BANDSTEERING -DCONFIG_SUPPORT_WOLAN -DCONFIG_SUPPORT_ENERGY_SAVING -DCONFIG_SUPPORT_SJCL_ENCRYPT -DCONFIG_SUPPORT_CGN -DCONFIG_SUPPORT_SEC_BOOT -DCONFIG_SUPPORT_AUTO_DETECT -DCONFIG_SUPPORT_DSL_FTTH_SWITCH -DCONFIG_SUPPORT_L2TP_CLIENT -DCONFIG_SUPPORT_L2TP_SERVER -DCONFIG_SUPPORT_PPTP_CLIENT -DCONFIG_SUPPORT_PPTP_SERVER -DCONFIG_CRASH_LOG -DCONFIG_SUPPORT_IPSEC_CLIENT -DCONFIG_SUPPORT_NATLOOPBACK -DCONFIG_SUPPORT_PACKAGE -DCONFIG_SUPPORT_BOOSTER_MODE -DCONFIG_PPP_SUPPORT_PADM_PADN -DCONFIG_SUPPORT_TR157 -DCONFIG_SUPPORT_LCM -DCONFIG_SUPPORT_SUPERWIFI -fstack-protector -DCONFIG_SUPPORT_SMARTTHING -DCONFIG_SUPPORT_HA -DCONFIG_SUPPORT_MQTT'
CPP='arm-linux-gcc -E'
CPPFLAGS=''
CYGPATH_W='echo'
DEFS='-DHAVE_CONFIG_H'
DEPDIR='.deps'
ECHO_C=''
ECHO_N='-n'
ECHO_T=''
EGREP='/bin/grep -E'
ETHTOOL_ENABLE_PRETTY_DUMP_FALSE='#'
ETHTOOL_ENABLE_PRETTY_DUMP_TRUE=''
EXEEXT=''
GREP='/bin/grep'
INSTALL_DATA='${INSTALL} -m 644'
INSTALL_PROGRAM='${INSTALL}'
INSTALL_SCRIPT='${INSTALL}'
INSTALL_STRIP_PROGRAM='$(install_sh) -c -s'
LDFLAGS=''
LIBOBJS=''
LIBS=''
LTLIBOBJS=''
MAINT='#'
MAINTAINER_MODE_FALSE=''
MAINTAINER_MODE_TRUE='#'
MAKEINFO='${SHELL} /home2/martin/work/VOX3.0/user/public/apps/ethtool/ethtool-4.19/missing makeinfo'
MKDIR_P='/bin/mkdir -p'
OBJEXT='o'
PACKAGE='ethtool'
PACKAGE_BUGREPORT='netdev@vger.kernel.org'
PACKAGE_NAME='ethtool'
PACKAGE_STRING='ethtool 4.19'
PACKAGE_TARNAME='ethtool'
PACKAGE_URL=''
PACKAGE_VERSION='4.19'
PATH_SEPARATOR=':'
SET_MAKE=''
SHELL='/bin/sh'
STRIP='arm-linux-strip'
VERSION='4.19'
ac_ct_CC=''
am__EXEEXT_FALSE=''
am__EXEEXT_TRUE='#'
am__fastdepCC_FALSE='#'
am__fastdepCC_TRUE=''
am__include='include'
am__isrc=''
am__leading_dot='.'
am__nodep='_no'
am__quote=''
am__tar='$${TAR-tar} chof - "$$tardir"'
am__untar='$${TAR-tar} xf -'
bindir='${exec_prefix}/bin'
build_alias=''
datadir='${datarootdir}'
datarootdir='${prefix}/share'
docdir='${datarootdir}/doc/${PACKAGE_TARNAME}'
dvidir='${docdir}'
exec_prefix='${prefix}'
host_alias='arm-linux'
htmldir='${docdir}'
includedir='${prefix}/include'
infodir='${datarootdir}/info'
install_sh='${SHELL} /home2/martin/work/VOX3.0/user/public/apps/ethtool/ethtool-4.19/install-sh'
libdir='${exec_prefix}/lib'
libexecdir='${exec_prefix}/libexec'
localedir='${datarootdir}/locale'
localstatedir='${prefix}/var'
mandir='${datarootdir}/man'
mkdir_p='$(MKDIR_P)'
oldincludedir='/usr/include'
pdfdir='${docdir}'
prefix='/'
program_transform_name='s,x,x,'
psdir='${docdir}'
sbindir='${exec_prefix}/sbin'
sharedstatedir='${prefix}/com'
sysconfdir='${prefix}/etc'
target_alias='arm-linux'

## ----------- ##
## confdefs.h. ##
## ----------- ##

/* confdefs.h */
#define PACKAGE_NAME "ethtool"
#define PACKAGE_TARNAME "ethtool"
#define PACKAGE_VERSION "4.19"
#define PACKAGE_STRING "ethtool 4.19"
#define PACKAGE_BUGREPORT "netdev@vger.kernel.org"
#define PACKAGE_URL ""
#define PACKAGE "ethtool"
#define VERSION "4.19"
#define HAVE_BE_TYPES 1
#define STDC_HEADERS 1
#define HAVE_SOCKET 1
#define HAVE_STRTOL 1
#define ETHTOOL_ENABLE_PRETTY_DUMP 1

configure: exit 0
